INCLUDING DEPENDENCY futarchy_multisig
INCLUDING DEPENDENCY futarchy_vault
INCLUDING DEPENDENCY AccountActions
INCLUDING DEPENDENCY Kiosk
INCLUDING DEPENDENCY futarchy_core
INCLUDING DEPENDENCY AccountProtocol
INCLUDING DEPENDENCY AccountExtensions
INCLUDING DEPENDENCY futarchy_markets
INCLUDING DEPENDENCY futarchy_one_shot_utils
INCLUDING DEPENDENCY Bridge
INCLUDING DEPENDENCY SuiSystem
INCLUDING DEPENDENCY Sui
INCLUDING DEPENDENCY MoveStdlib
BUILDING futarchy_specialized_actions
[0m[1m[38;5;11mwarning[W02021][0m[1m: duplicate alias[0m
  [0m[34m┌─[0m ./sources/payments/stream_intents.move:9:13
  [0m[34m│[0m
[0m[34m9[0m [0m[34m│[0m     option::[0m[33mOption[0m,
  [0m[34m│[0m             [0m[33m^^^^^^[0m [0m[33mUnnecessary alias 'Option' for module member 'std::option::Option'. This alias is provided by default[0m
  [0m[34m│[0m
  [0m[34m=[0m This warning can be suppressed with '#[allow(duplicate_alias)]' applied to the 'module' or module member ('const', 'fun', or 'struct')

[0m[1m[38;5;11mwarning[W01004][0m[1m: invalid documentation comment[0m
    [0m[34m┌─[0m ./../futarchy_markets/sources/spot/spot_oracle_interface.move:199:1
    [0m[34m│[0m  
[0m[34m199[0m [0m[34m│[0m [0m[33m╭[0m [0m[33m/// Example: How a lending protocol would use this[0m
[0m[34m200[0m [0m[34m│[0m [0m[33m│[0m [0m[33m/// [0m
[0m[34m201[0m [0m[34m│[0m [0m[33m│[0m [0m[33m/// ```move[0m
[0m[34m202[0m [0m[34m│[0m [0m[33m│[0m [0m[33m/// // In lending protocol[0m
    [0m[34m·[0m [0m[33m│[0m
[0m[34m217[0m [0m[34m│[0m [0m[33m│[0m [0m[33m/// [0m
[0m[34m218[0m [0m[34m│[0m [0m[33m│[0m [0m[33m/// It just gets a continuous price feed that never stops.[0m
    [0m[34m│[0m [0m[33m╰[0m[0m[33m──────────────────────────────────────────────────────────^ Documentation comment cannot be matched to a language item[0m

[0m[1m[38;5;11mwarning[W01004][0m[1m: invalid documentation comment[0m
     [0m[34m┌─[0m ./../futarchy_core/sources/futarchy_config.move:1141:1
     [0m[34m│[0m  
[0m[34m1141[0m [0m[34m│[0m [0m[33m╭[0m [0m[33m/// Execute a proposal's intent with generic outcome type[0m
[0m[34m1142[0m [0m[34m│[0m [0m[33m│[0m [0m[33m/// Execute a proposal's intent with generic outcome type[0m
[0m[34m1143[0m [0m[34m│[0m [0m[33m│[0m [0m[33m/// This allows standard intents to work with any outcome type[0m
     [0m[34m│[0m [0m[33m╰[0m[0m[33m──────────────────────────────────────────────────────────────^ Documentation comment cannot be matched to a language item[0m

[0m[1m[38;5;11mwarning[W09001][0m[1m: unused alias[0m
  [0m[34m┌─[0m ./sources/legal/operating_agreement_intents.move:7:12
  [0m[34m│[0m
[0m[34m7[0m [0m[34m│[0m     clock::[0m[33mClock[0m,
  [0m[34m│[0m            [0m[33m^^^^^[0m [0m[33mUnused 'use' of alias 'Clock'. Consider removing it[0m
  [0m[34m│[0m
  [0m[34m=[0m This warning can be suppressed with '#[allow(unused_use)]' applied to the 'module' or module member ('const', 'fun', or 'struct')

[0m[1m[38;5;11mwarning[W02021][0m[1m: duplicate alias[0m
  [0m[34m┌─[0m ./sources/legal/operating_agreement_intents.move:8:14
  [0m[34m│[0m
[0m[34m8[0m [0m[34m│[0m     object::{[0m[33mSelf[0m, ID},
  [0m[34m│[0m              [0m[33m^^^^[0m [0m[33mUnnecessary alias 'object' for module 'sui::object'. This alias is provided by default[0m
  [0m[34m│[0m
  [0m[34m=[0m This warning can be suppressed with '#[allow(duplicate_alias)]' applied to the 'module' or module member ('const', 'fun', or 'struct')

[0m[1m[38;5;11mwarning[W02021][0m[1m: duplicate alias[0m
  [0m[34m┌─[0m ./sources/legal/operating_agreement_intents.move:8:20
  [0m[34m│[0m
[0m[34m8[0m [0m[34m│[0m     object::{Self, [0m[33mID[0m},
  [0m[34m│[0m                    [0m[33m^^[0m [0m[33mUnnecessary alias 'ID' for module member 'sui::object::ID'. This alias is provided by default[0m
  [0m[34m│[0m
  [0m[34m=[0m This warning can be suppressed with '#[allow(duplicate_alias)]' applied to the 'module' or module member ('const', 'fun', or 'struct')

[0m[1m[38;5;11mwarning[W02021][0m[1m: duplicate alias[0m
  [0m[34m┌─[0m ./sources/legal/operating_agreement_intents.move:9:17
  [0m[34m│[0m
[0m[34m9[0m [0m[34m│[0m     tx_context::[0m[33mTxContext[0m,
  [0m[34m│[0m                 [0m[33m^^^^^^^^^[0m [0m[33mUnnecessary alias 'TxContext' for module member 'sui::tx_context::TxContext'. This alias is provided by default[0m
  [0m[34m│[0m
  [0m[34m=[0m This warning can be suppressed with '#[allow(duplicate_alias)]' applied to the 'module' or module member ('const', 'fun', or 'struct')

[0m[1m[38;5;11mwarning[W09001][0m[1m: unused alias[0m
   [0m[34m┌─[0m ./sources/legal/operating_agreement_intents.move:13:17
   [0m[34m│[0m
[0m[34m13[0m [0m[34m│[0m     executable::[0m[33mExecutable[0m,
   [0m[34m│[0m                 [0m[33m^^^^^^^^^^[0m [0m[33mUnused 'use' of alias 'Executable'. Consider removing it[0m
   [0m[34m│[0m
   [0m[34m=[0m This warning can be suppressed with '#[allow(unused_use)]' applied to the 'module' or module member ('const', 'fun', or 'struct')

[0m[1m[38;5;11mwarning[W09001][0m[1m: unused alias[0m
   [0m[34m┌─[0m ./sources/legal/operating_agreement_intents.move:14:15
   [0m[34m│[0m
[0m[34m14[0m [0m[34m│[0m     intents::{[0m[33mIntent[0m, Params},
   [0m[34m│[0m               [0m[33m^^^^^^[0m [0m[33mUnused 'use' of alias 'Intent'. Consider removing it[0m
   [0m[34m│[0m
   [0m[34m=[0m This warning can be suppressed with '#[allow(unused_use)]' applied to the 'module' or module member ('const', 'fun', or 'struct')

[0m[1m[38;5;11mwarning[W09001][0m[1m: unused alias[0m
   [0m[34m┌─[0m ./sources/legal/operating_agreement_intents.move:24:1
   [0m[34m│[0m
[0m[34m24[0m [0m[34m│[0m [0m[33muse fun intent_interface::process_intent as Account.process_intent;[0m
   [0m[34m│[0m [0m[33m^^^^^^^^^^^^^^^^^^^^^^^^^^^^^^^^^^^^^^^^^^^^^^^^^^^^^^^^^^^^^^^^^^^[0m [0m[33mUnused 'use fun' of 'account_protocol::account::Account.process_intent'. Consider removing it[0m
   [0m[34m│[0m
   [0m[34m=[0m This warning can be suppressed with '#[allow(unused_use)]' applied to the 'module' or module member ('const', 'fun', or 'struct')

[0m[1m[38;5;11mwarning[W02021][0m[1m: duplicate alias[0m
  [0m[34m┌─[0m ./sources/legal/operating_agreement_actions.move:8:14
  [0m[34m│[0m
[0m[34m8[0m [0m[34m│[0m     option::{[0m[33mSelf[0m, Option},
  [0m[34m│[0m              [0m[33m^^^^[0m [0m[33mUnnecessary alias 'option' for module 'std::option'. This alias is provided by default[0m
  [0m[34m│[0m
  [0m[34m=[0m This warning can be suppressed with '#[allow(duplicate_alias)]' applied to the 'module' or module member ('const', 'fun', or 'struct')

[0m[1m[38;5;11mwarning[W02021][0m[1m: duplicate alias[0m
  [0m[34m┌─[0m ./sources/legal/operating_agreement_actions.move:8:20
  [0m[34m│[0m
[0m[34m8[0m [0m[34m│[0m     option::{Self, [0m[33mOption[0m},
  [0m[34m│[0m                    [0m[33m^^^^^^[0m [0m[33mUnnecessary alias 'Option' for module member 'std::option::Option'. This alias is provided by default[0m
  [0m[34m│[0m
  [0m[34m=[0m This warning can be suppressed with '#[allow(duplicate_alias)]' applied to the 'module' or module member ('const', 'fun', or 'struct')

[0m[1m[38;5;11mwarning[W02021][0m[1m: duplicate alias[0m
   [0m[34m┌─[0m ./sources/legal/operating_agreement_actions.move:11:13
   [0m[34m│[0m
[0m[34m11[0m [0m[34m│[0m     object::[0m[33mID[0m,
   [0m[34m│[0m             [0m[33m^^[0m [0m[33mUnnecessary alias 'ID' for module member 'sui::object::ID'. This alias is provided by default[0m
   [0m[34m│[0m
   [0m[34m=[0m This warning can be suppressed with '#[allow(duplicate_alias)]' applied to the 'module' or module member ('const', 'fun', or 'struct')

[0m[1m[38;5;11mwarning[W09001][0m[1m: unused alias[0m
   [0m[34m┌─[0m ./sources/legal/operating_agreement_actions.move:12:12
   [0m[34m│[0m
[0m[34m12[0m [0m[34m│[0m     clock::[0m[33mClock[0m,
   [0m[34m│[0m            [0m[33m^^^^^[0m [0m[33mUnused 'use' of alias 'Clock'. Consider removing it[0m
   [0m[34m│[0m
   [0m[34m=[0m This warning can be suppressed with '#[allow(unused_use)]' applied to the 'module' or module member ('const', 'fun', or 'struct')

[0m[1m[38;5;11mwarning[W09001][0m[1m: unused alias[0m
   [0m[34m┌─[0m ./sources/legal/operating_agreement_actions.move:15:15
   [0m[34m│[0m
[0m[34m15[0m [0m[34m│[0m     account::{[0m[33mSelf[0m, Account},
   [0m[34m│[0m               [0m[33m^^^^[0m [0m[33mUnused 'use' of alias 'account'. Consider removing it[0m
   [0m[34m│[0m
   [0m[34m=[0m This warning can be suppressed with '#[allow(unused_use)]' applied to the 'module' or module member ('const', 'fun', or 'struct')

[0m[1m[38;5;11mwarning[W09001][0m[1m: unused alias[0m
   [0m[34m┌─[0m ./sources/legal/operating_agreement_actions.move:15:21
   [0m[34m│[0m
[0m[34m15[0m [0m[34m│[0m     account::{Self, [0m[33mAccount[0m},
   [0m[34m│[0m                     [0m[33m^^^^^^^[0m [0m[33mUnused 'use' of alias 'Account'. Consider removing it[0m
   [0m[34m│[0m
   [0m[34m=[0m This warning can be suppressed with '#[allow(unused_use)]' applied to the 'module' or module member ('const', 'fun', or 'struct')

[0m[1m[38;5;11mwarning[W09001][0m[1m: unused alias[0m
   [0m[34m┌─[0m ./sources/legal/operating_agreement_actions.move:16:17
   [0m[34m│[0m
[0m[34m16[0m [0m[34m│[0m     executable::[0m[33mExecutable[0m,
   [0m[34m│[0m                 [0m[33m^^^^^^^^^^[0m [0m[33mUnused 'use' of alias 'Executable'. Consider removing it[0m
   [0m[34m│[0m
   [0m[34m=[0m This warning can be suppressed with '#[allow(unused_use)]' applied to the 'module' or module member ('const', 'fun', or 'struct')

[0m[1m[38;5;11mwarning[W09001][0m[1m: unused alias[0m
   [0m[34m┌─[0m ./sources/legal/operating_agreement_actions.move:18:22
   [0m[34m│[0m
[0m[34m18[0m [0m[34m│[0m     version_witness::[0m[33mVersionWitness[0m,
   [0m[34m│[0m                      [0m[33m^^^^^^^^^^^^^^[0m [0m[33mUnused 'use' of alias 'VersionWitness'. Consider removing it[0m
   [0m[34m│[0m
   [0m[34m=[0m This warning can be suppressed with '#[allow(unused_use)]' applied to the 'module' or module member ('const', 'fun', or 'struct')

[0m[1m[38;5;11mwarning[W09001][0m[1m: unused alias[0m
   [0m[34m┌─[0m ./sources/legal/operating_agreement_actions.move:20:37
   [0m[34m│[0m
[0m[34m20[0m [0m[34m│[0m use futarchy_core::futarchy_config::[0m[33mFutarchyConfig[0m;
   [0m[34m│[0m                                     [0m[33m^^^^^^^^^^^^^^[0m [0m[33mUnused 'use' of alias 'FutarchyConfig'. Consider removing it[0m
   [0m[34m│[0m
   [0m[34m=[0m This warning can be suppressed with '#[allow(unused_use)]' applied to the 'module' or module member ('const', 'fun', or 'struct')

[0m[1m[38;5;11mwarning[W09008][0m[1m: unused function[0m
    [0m[34m┌─[0m ./sources/legal/operating_agreement_actions.move:422:5
    [0m[34m│[0m
[0m[34m422[0m [0m[34m│[0m fun [0m[33mvalidate_operating_agreement_action[0m(action: &OperatingAgreementAction) {
    [0m[34m│[0m     [0m[33m^^^^^^^^^^^^^^^^^^^^^^^^^^^^^^^^^^^[0m [0m[33mThe non-'public', non-'entry' function 'validate_operating_agreement_action' is never called. Consider removing it.[0m
    [0m[34m│[0m
    [0m[34m=[0m This warning can be suppressed with '#[allow(unused_function)]' applied to the 'module' or module member ('const', 'fun', or 'struct')

[0m[1m[38;5;11mwarning[W09001][0m[1m: unused alias[0m
  [0m[34m┌─[0m ./sources/governance/oracle_actions.move:4:19
  [0m[34m│[0m
[0m[34m4[0m [0m[34m│[0m use std::string::{[0m[33mSelf[0m, String};
  [0m[34m│[0m                   [0m[33m^^^^[0m [0m[33mUnused 'use' of alias 'string'. Consider removing it[0m
  [0m[34m│[0m
  [0m[34m=[0m This warning can be suppressed with '#[allow(unused_use)]' applied to the 'module' or module member ('const', 'fun', or 'struct')

[0m[1m[38;5;11mwarning[W02021][0m[1m: duplicate alias[0m
  [0m[34m┌─[0m ./sources/governance/oracle_actions.move:5:10
  [0m[34m│[0m
[0m[34m5[0m [0m[34m│[0m use std::[0m[33mvector[0m;
  [0m[34m│[0m          [0m[33m^^^^^^[0m [0m[33mUnnecessary alias 'vector' for module 'std::vector'. This alias is provided by default[0m
  [0m[34m│[0m
  [0m[34m=[0m This warning can be suppressed with '#[allow(duplicate_alias)]' applied to the 'module' or module member ('const', 'fun', or 'struct')

[0m[1m[38;5;11mwarning[W02021][0m[1m: duplicate alias[0m
  [0m[34m┌─[0m ./sources/governance/oracle_actions.move:6:19
  [0m[34m│[0m
[0m[34m6[0m [0m[34m│[0m use std::option::{[0m[33mSelf[0m, Option};
  [0m[34m│[0m                   [0m[33m^^^^[0m [0m[33mUnnecessary alias 'option' for module 'std::option'. This alias is provided by default[0m
  [0m[34m│[0m
  [0m[34m=[0m This warning can be suppressed with '#[allow(duplicate_alias)]' applied to the 'module' or module member ('const', 'fun', or 'struct')

[0m[1m[38;5;11mwarning[W02021][0m[1m: duplicate alias[0m
  [0m[34m┌─[0m ./sources/governance/oracle_actions.move:6:25
  [0m[34m│[0m
[0m[34m6[0m [0m[34m│[0m use std::option::{Self, [0m[33mOption[0m};
  [0m[34m│[0m                         [0m[33m^^^^^^[0m [0m[33mUnnecessary alias 'Option' for module member 'std::option::Option'. This alias is provided by default[0m
  [0m[34m│[0m
  [0m[34m=[0m This warning can be suppressed with '#[allow(duplicate_alias)]' applied to the 'module' or module member ('const', 'fun', or 'struct')

[0m[1m[38;5;11mwarning[W09001][0m[1m: unused alias[0m
  [0m[34m┌─[0m ./sources/governance/oracle_actions.move:7:17
  [0m[34m│[0m
[0m[34m7[0m [0m[34m│[0m use sui::coin::{[0m[33mSelf[0m, Coin};
  [0m[34m│[0m                 [0m[33m^^^^[0m [0m[33mUnused 'use' of alias 'coin'. Consider removing it[0m
  [0m[34m│[0m
  [0m[34m=[0m This warning can be suppressed with '#[allow(unused_use)]' applied to the 'module' or module member ('const', 'fun', or 'struct')

[0m[1m[38;5;11mwarning[W09001][0m[1m: unused alias[0m
  [0m[34m┌─[0m ./sources/governance/oracle_actions.move:7:23
  [0m[34m│[0m
[0m[34m7[0m [0m[34m│[0m use sui::coin::{Self, [0m[33mCoin[0m};
  [0m[34m│[0m                       [0m[33m^^^^[0m [0m[33mUnused 'use' of alias 'Coin'. Consider removing it[0m
  [0m[34m│[0m
  [0m[34m=[0m This warning can be suppressed with '#[allow(unused_use)]' applied to the 'module' or module member ('const', 'fun', or 'struct')

[0m[1m[38;5;11mwarning[W02021][0m[1m: duplicate alias[0m
  [0m[34m┌─[0m ./sources/governance/oracle_actions.move:9:10
  [0m[34m│[0m
[0m[34m9[0m [0m[34m│[0m use sui::[0m[33mtransfer[0m;
  [0m[34m│[0m          [0m[33m^^^^^^^^[0m [0m[33mUnnecessary alias 'transfer' for module 'sui::transfer'. This alias is provided by default[0m
  [0m[34m│[0m
  [0m[34m=[0m This warning can be suppressed with '#[allow(duplicate_alias)]' applied to the 'module' or module member ('const', 'fun', or 'struct')

[0m[1m[38;5;11mwarning[W02021][0m[1m: duplicate alias[0m
   [0m[34m┌─[0m ./sources/governance/oracle_actions.move:10:22
   [0m[34m│[0m
[0m[34m10[0m [0m[34m│[0m use sui::tx_context::[0m[33mTxContext[0m;
   [0m[34m│[0m                      [0m[33m^^^^^^^^^[0m [0m[33mUnnecessary alias 'TxContext' for module member 'sui::tx_context::TxContext'. This alias is provided by default[0m
   [0m[34m│[0m
   [0m[34m=[0m This warning can be suppressed with '#[allow(duplicate_alias)]' applied to the 'module' or module member ('const', 'fun', or 'struct')

[0m[1m[38;5;11mwarning[W02021][0m[1m: duplicate alias[0m
   [0m[34m┌─[0m ./sources/governance/oracle_actions.move:11:19
   [0m[34m│[0m
[0m[34m11[0m [0m[34m│[0m use sui::object::{[0m[33mSelf[0m, ID};
   [0m[34m│[0m                   [0m[33m^^^^[0m [0m[33mUnnecessary alias 'object' for module 'sui::object'. This alias is provided by default[0m
   [0m[34m│[0m
   [0m[34m=[0m This warning can be suppressed with '#[allow(duplicate_alias)]' applied to the 'module' or module member ('const', 'fun', or 'struct')

[0m[1m[38;5;11mwarning[W09001][0m[1m: unused alias[0m
   [0m[34m┌─[0m ./sources/governance/oracle_actions.move:11:19
   [0m[34m│[0m
[0m[34m11[0m [0m[34m│[0m use sui::object::{[0m[33mSelf[0m, ID};
   [0m[34m│[0m                   [0m[33m^^^^[0m [0m[33mUnused 'use' of alias 'object'. Consider removing it[0m
   [0m[34m│[0m
   [0m[34m=[0m This warning can be suppressed with '#[allow(unused_use)]' applied to the 'module' or module member ('const', 'fun', or 'struct')

[0m[1m[38;5;11mwarning[W02021][0m[1m: duplicate alias[0m
   [0m[34m┌─[0m ./sources/governance/oracle_actions.move:11:25
   [0m[34m│[0m
[0m[34m11[0m [0m[34m│[0m use sui::object::{Self, [0m[33mID[0m};
   [0m[34m│[0m                         [0m[33m^^[0m [0m[33mUnnecessary alias 'ID' for module member 'sui::object::ID'. This alias is provided by default[0m
   [0m[34m│[0m
   [0m[34m=[0m This warning can be suppressed with '#[allow(duplicate_alias)]' applied to the 'module' or module member ('const', 'fun', or 'struct')

[0m[1m[38;5;11mwarning[W09001][0m[1m: unused alias[0m
   [0m[34m┌─[0m ./sources/governance/oracle_actions.move:14:24
   [0m[34m│[0m
[0m[34m14[0m [0m[34m│[0m     intents::{Expired, [0m[33mIntent[0m},
   [0m[34m│[0m                        [0m[33m^^^^^^[0m [0m[33mUnused 'use' of alias 'Intent'. Consider removing it[0m
   [0m[34m│[0m
   [0m[34m=[0m This warning can be suppressed with '#[allow(unused_use)]' applied to the 'module' or module member ('const', 'fun', or 'struct')

[0m[1m[38;5;11mwarning[W09001][0m[1m: unused alias[0m
   [0m[34m┌─[0m ./sources/governance/oracle_actions.move:16:15
   [0m[34m│[0m
[0m[34m16[0m [0m[34m│[0m     account::{[0m[33mSelf[0m, Account},
   [0m[34m│[0m               [0m[33m^^^^[0m [0m[33mUnused 'use' of alias 'account'. Consider removing it[0m
   [0m[34m│[0m
   [0m[34m=[0m This warning can be suppressed with '#[allow(unused_use)]' applied to the 'module' or module member ('const', 'fun', or 'struct')

[0m[1m[38;5;11mwarning[W09001][0m[1m: unused alias[0m
   [0m[34m┌─[0m ./sources/governance/oracle_actions.move:22:5
   [0m[34m│[0m
[0m[34m22[0m [0m[34m│[0m     [0m[33mversion[0m,
   [0m[34m│[0m     [0m[33m^^^^^^^[0m [0m[33mUnused 'use' of alias 'version'. Consider removing it[0m
   [0m[34m│[0m
   [0m[34m=[0m This warning can be suppressed with '#[allow(unused_use)]' applied to the 'module' or module member ('const', 'fun', or 'struct')

[0m[1m[38;5;11mwarning[W09001][0m[1m: unused alias[0m
   [0m[34m┌─[0m ./sources/governance/oracle_actions.move:26:5
   [0m[34m│[0m
[0m[34m26[0m [0m[34m│[0m     [0m[33mspot_conditional_quoter[0m,
   [0m[34m│[0m     [0m[33m^^^^^^^^^^^^^^^^^^^^^^^[0m [0m[33mUnused 'use' of alias 'spot_conditional_quoter'. Consider removing it[0m
   [0m[34m│[0m
   [0m[34m=[0m This warning can be suppressed with '#[allow(unused_use)]' applied to the 'module' or module member ('const', 'fun', or 'struct')

[0m[1m[38;5;11mwarning[W09001][0m[1m: unused alias[0m
   [0m[34m┌─[0m ./sources/governance/oracle_actions.move:27:15
   [0m[34m│[0m
[0m[34m27[0m [0m[34m│[0m     proposal::[0m[33mProposal[0m,
   [0m[34m│[0m               [0m[33m^^^^^^^^[0m [0m[33mUnused 'use' of alias 'Proposal'. Consider removing it[0m
   [0m[34m│[0m
   [0m[34m=[0m This warning can be suppressed with '#[allow(unused_use)]' applied to the 'module' or module member ('const', 'fun', or 'struct')

[0m[1m[38;5;11mwarning[W09001][0m[1m: unused alias[0m
   [0m[34m┌─[0m ./sources/governance/oracle_actions.move:28:5
   [0m[34m│[0m
[0m[34m28[0m [0m[34m│[0m     [0m[33mconditional_amm[0m,
   [0m[34m│[0m     [0m[33m^^^^^^^^^^^^^^^[0m [0m[33mUnused 'use' of alias 'conditional_amm'. Consider removing it[0m
   [0m[34m│[0m
   [0m[34m=[0m This warning can be suppressed with '#[allow(unused_use)]' applied to the 'module' or module member ('const', 'fun', or 'struct')

[0m[1m[38;5;11mwarning[W09001][0m[1m: unused alias[0m
   [0m[34m┌─[0m ./sources/governance/oracle_actions.move:31:25
   [0m[34m│[0m
[0m[34m31[0m [0m[34m│[0m     weighted_multisig::{[0m[33mSelf[0m, WeightedMultisig},
   [0m[34m│[0m                         [0m[33m^^^^[0m [0m[33mUnused 'use' of alias 'weighted_multisig'. Consider removing it[0m
   [0m[34m│[0m
   [0m[34m=[0m This warning can be suppressed with '#[allow(unused_use)]' applied to the 'module' or module member ('const', 'fun', or 'struct')

[0m[1m[38;5;11mwarning[W09001][0m[1m: unused alias[0m
   [0m[34m┌─[0m ./sources/governance/oracle_actions.move:31:31
   [0m[34m│[0m
[0m[34m31[0m [0m[34m│[0m     weighted_multisig::{Self, [0m[33mWeightedMultisig[0m},
   [0m[34m│[0m                               [0m[33m^^^^^^^^^^^^^^^^[0m [0m[33mUnused 'use' of alias 'WeightedMultisig'. Consider removing it[0m
   [0m[34m│[0m
   [0m[34m=[0m This warning can be suppressed with '#[allow(unused_use)]' applied to the 'module' or module member ('const', 'fun', or 'struct')

[0m[1m[38;5;11mwarning[W09011][0m[1m: unused constant[0m
   [0m[34m┌─[0m ./sources/governance/oracle_actions.move:37:7
   [0m[34m│[0m
[0m[34m37[0m [0m[34m│[0m const [0m[33mEInvalidRecipient[0m: u64 = 2;
   [0m[34m│[0m       [0m[33m^^^^^^^^^^^^^^^^^[0m [0m[33mThe constant 'EInvalidRecipient' is never used. Consider removing it.[0m
   [0m[34m│[0m
   [0m[34m=[0m This warning can be suppressed with '#[allow(unused_const)]' applied to the 'module' or module member ('const', 'fun', or 'struct')

[0m[1m[38;5;11mwarning[W09011][0m[1m: unused constant[0m
   [0m[34m┌─[0m ./sources/governance/oracle_actions.move:40:7
   [0m[34m│[0m
[0m[34m40[0m [0m[34m│[0m const [0m[33mEExceedsMaxSupply[0m: u64 = 5;
   [0m[34m│[0m       [0m[33m^^^^^^^^^^^^^^^^^[0m [0m[33mThe constant 'EExceedsMaxSupply' is never used. Consider removing it.[0m
   [0m[34m│[0m
   [0m[34m=[0m This warning can be suppressed with '#[allow(unused_const)]' applied to the 'module' or module member ('const', 'fun', or 'struct')

[0m[1m[38;5;11mwarning[W09011][0m[1m: unused constant[0m
   [0m[34m┌─[0m ./sources/governance/oracle_actions.move:49:7
   [0m[34m│[0m
[0m[34m49[0m [0m[34m│[0m const [0m[33mEInvalidSecurityCouncil[0m: u64 = 14;
   [0m[34m│[0m       [0m[33m^^^^^^^^^^^^^^^^^^^^^^^[0m [0m[33mThe constant 'EInvalidSecurityCouncil' is never used. Consider removing it.[0m
   [0m[34m│[0m
   [0m[34m=[0m This warning can be suppressed with '#[allow(unused_const)]' applied to the 'module' or module member ('const', 'fun', or 'struct')

[0m[1m[38;5;11mwarning[W09011][0m[1m: unused constant[0m
   [0m[34m┌─[0m ./sources/governance/oracle_actions.move:50:7
   [0m[34m│[0m
[0m[34m50[0m [0m[34m│[0m const [0m[33mERecipientNotFound[0m: u64 = 15;
   [0m[34m│[0m       [0m[33m^^^^^^^^^^^^^^^^^^[0m [0m[33mThe constant 'ERecipientNotFound' is never used. Consider removing it.[0m
   [0m[34m│[0m
   [0m[34m=[0m This warning can be suppressed with '#[allow(unused_const)]' applied to the 'module' or module member ('const', 'fun', or 'struct')

[0m[1m[38;5;11mwarning[W09008][0m[1m: unused function[0m
    [0m[34m┌─[0m ./sources/governance/oracle_actions.move:627:5
    [0m[34m│[0m
[0m[34m627[0m [0m[34m│[0m fun [0m[33msafe_mul_div_u64[0m(a: u64, b: u64, c: u64): u64 {
    [0m[34m│[0m     [0m[33m^^^^^^^^^^^^^^^^[0m [0m[33mThe non-'public', non-'entry' function 'safe_mul_div_u64' is never called. Consider removing it.[0m
    [0m[34m│[0m
    [0m[34m=[0m This warning can be suppressed with '#[allow(unused_function)]' applied to the 'module' or module member ('const', 'fun', or 'struct')

[0m[1m[38;5;11mwarning[W02021][0m[1m: duplicate alias[0m
  [0m[34m┌─[0m ./sources/payments/stream_dispatcher.move:7:17
  [0m[34m│[0m
[0m[34m7[0m [0m[34m│[0m     tx_context::[0m[33mTxContext[0m,
  [0m[34m│[0m                 [0m[33m^^^^^^^^^[0m [0m[33mUnnecessary alias 'TxContext' for module member 'sui::tx_context::TxContext'. This alias is provided by default[0m
  [0m[34m│[0m
  [0m[34m=[0m This warning can be suppressed with '#[allow(duplicate_alias)]' applied to the 'module' or module member ('const', 'fun', or 'struct')

[0m[1m[38;5;11mwarning[W02021][0m[1m: duplicate alias[0m
  [0m[34m┌─[0m ./sources/legal/operating_agreement.move:8:14
  [0m[34m│[0m
[0m[34m8[0m [0m[34m│[0m     option::{[0m[33mSelf[0m, Option},
  [0m[34m│[0m              [0m[33m^^^^[0m [0m[33mUnnecessary alias 'option' for module 'std::option'. This alias is provided by default[0m
  [0m[34m│[0m
  [0m[34m=[0m This warning can be suppressed with '#[allow(duplicate_alias)]' applied to the 'module' or module member ('const', 'fun', or 'struct')

[0m[1m[38;5;11mwarning[W02021][0m[1m: duplicate alias[0m
  [0m[34m┌─[0m ./sources/legal/operating_agreement.move:8:20
  [0m[34m│[0m
[0m[34m8[0m [0m[34m│[0m     option::{Self, [0m[33mOption[0m},
  [0m[34m│[0m                    [0m[33m^^^^^^[0m [0m[33mUnnecessary alias 'Option' for module member 'std::option::Option'. This alias is provided by default[0m
  [0m[34m│[0m
  [0m[34m=[0m This warning can be suppressed with '#[allow(duplicate_alias)]' applied to the 'module' or module member ('const', 'fun', or 'struct')

[0m[1m[38;5;11mwarning[W02021][0m[1m: duplicate alias[0m
  [0m[34m┌─[0m ./sources/legal/operating_agreement.move:9:5
  [0m[34m│[0m
[0m[34m9[0m [0m[34m│[0m     [0m[33mvector[0m,
  [0m[34m│[0m     [0m[33m^^^^^^[0m [0m[33mUnnecessary alias 'vector' for module 'std::vector'. This alias is provided by default[0m
  [0m[34m│[0m
  [0m[34m=[0m This warning can be suppressed with '#[allow(duplicate_alias)]' applied to the 'module' or module member ('const', 'fun', or 'struct')

[0m[1m[38;5;11mwarning[W09001][0m[1m: unused alias[0m
  [0m[34m┌─[0m ./sources/legal/operating_agreement.move:9:5
  [0m[34m│[0m
[0m[34m9[0m [0m[34m│[0m     [0m[33mvector[0m,
  [0m[34m│[0m     [0m[33m^^^^^^[0m [0m[33mUnused 'use' of alias 'vector'. Consider removing it[0m
  [0m[34m│[0m
  [0m[34m=[0m This alias does not shadow the built-in type 'vector' in type annotations.
  [0m[34m=[0m This warning can be suppressed with '#[allow(unused_use)]' applied to the 'module' or module member ('const', 'fun', or 'struct')

[0m[1m[38;5;11mwarning[W02021][0m[1m: duplicate alias[0m
   [0m[34m┌─[0m ./sources/legal/operating_agreement.move:15:14
   [0m[34m│[0m
[0m[34m15[0m [0m[34m│[0m     object::{[0m[33mSelf[0m, ID, UID},
   [0m[34m│[0m              [0m[33m^^^^[0m [0m[33mUnnecessary alias 'object' for module 'sui::object'. This alias is provided by default[0m
   [0m[34m│[0m
   [0m[34m=[0m This warning can be suppressed with '#[allow(duplicate_alias)]' applied to the 'module' or module member ('const', 'fun', or 'struct')

[0m[1m[38;5;11mwarning[W02021][0m[1m: duplicate alias[0m
   [0m[34m┌─[0m ./sources/legal/operating_agreement.move:15:20
   [0m[34m│[0m
[0m[34m15[0m [0m[34m│[0m     object::{Self, [0m[33mID[0m, UID},
   [0m[34m│[0m                    [0m[33m^^[0m [0m[33mUnnecessary alias 'ID' for module member 'sui::object::ID'. This alias is provided by default[0m
   [0m[34m│[0m
   [0m[34m=[0m This warning can be suppressed with '#[allow(duplicate_alias)]' applied to the 'module' or module member ('const', 'fun', or 'struct')

[0m[1m[38;5;11mwarning[W02021][0m[1m: duplicate alias[0m
   [0m[34m┌─[0m ./sources/legal/operating_agreement.move:15:24
   [0m[34m│[0m
[0m[34m15[0m [0m[34m│[0m     object::{Self, ID, [0m[33mUID[0m},
   [0m[34m│[0m                        [0m[33m^^^[0m [0m[33mUnnecessary alias 'UID' for module member 'sui::object::UID'. This alias is provided by default[0m
   [0m[34m│[0m
   [0m[34m=[0m This warning can be suppressed with '#[allow(duplicate_alias)]' applied to the 'module' or module member ('const', 'fun', or 'struct')

[0m[1m[38;5;11mwarning[W02021][0m[1m: duplicate alias[0m
   [0m[34m┌─[0m ./sources/legal/operating_agreement.move:16:17
   [0m[34m│[0m
[0m[34m16[0m [0m[34m│[0m     tx_context::[0m[33mTxContext[0m,
   [0m[34m│[0m                 [0m[33m^^^^^^^^^[0m [0m[33mUnnecessary alias 'TxContext' for module member 'sui::tx_context::TxContext'. This alias is provided by default[0m
   [0m[34m│[0m
   [0m[34m=[0m This warning can be suppressed with '#[allow(duplicate_alias)]' applied to the 'module' or module member ('const', 'fun', or 'struct')

[0m[1m[38;5;11mwarning[W09001][0m[1m: unused alias[0m
   [0m[34m┌─[0m ./sources/legal/operating_agreement.move:24:24
   [0m[34m│[0m
[0m[34m24[0m [0m[34m│[0m use futarchy_multisig::[0m[33mpolicy_registry[0m;
   [0m[34m│[0m                        [0m[33m^^^^^^^^^^^^^^^[0m [0m[33mUnused 'use' of alias 'policy_registry'. Consider removing it[0m
   [0m[34m│[0m
   [0m[34m=[0m This warning can be suppressed with '#[allow(unused_use)]' applied to the 'module' or module member ('const', 'fun', or 'struct')

[0m[1m[38;5;11mwarning[W09001][0m[1m: unused alias[0m
   [0m[34m┌─[0m ./sources/legal/operating_agreement.move:25:65
   [0m[34m│[0m
[0m[34m25[0m [0m[34m│[0m use futarchy_specialized_actions::operating_agreement_actions::{[0m[33mSelf[0m,
   [0m[34m│[0m                                                                 [0m[33m^^^^[0m [0m[33mUnused 'use' of alias 'operating_agreement_actions'. Consider removing it[0m
   [0m[34m│[0m
   [0m[34m=[0m This warning can be suppressed with '#[allow(unused_use)]' applied to the 'module' or module member ('const', 'fun', or 'struct')

[0m[1m[38;5;11mwarning[W09011][0m[1m: unused constant[0m
   [0m[34m┌─[0m ./sources/legal/operating_agreement.move:66:7
   [0m[34m│[0m
[0m[34m66[0m [0m[34m│[0m const [0m[33mEAgreementNotFound[0m: u64 = 4;
   [0m[34m│[0m       [0m[33m^^^^^^^^^^^^^^^^^^[0m [0m[33mThe constant 'EAgreementNotFound' is never used. Consider removing it.[0m
   [0m[34m│[0m
   [0m[34m=[0m This warning can be suppressed with '#[allow(unused_const)]' applied to the 'module' or module member ('const', 'fun', or 'struct')

[0m[1m[38;5;11mwarning[W09011][0m[1m: unused constant[0m
   [0m[34m┌─[0m ./sources/legal/operating_agreement.move:74:7
   [0m[34m│[0m
[0m[34m74[0m [0m[34m│[0m const [0m[33mEUnauthorizedCustodian[0m: u64 = 12;
   [0m[34m│[0m       [0m[33m^^^^^^^^^^^^^^^^^^^^^^[0m [0m[33mThe constant 'EUnauthorizedCustodian' is never used. Consider removing it.[0m
   [0m[34m│[0m
   [0m[34m=[0m This warning can be suppressed with '#[allow(unused_const)]' applied to the 'module' or module member ('const', 'fun', or 'struct')

[0m[1m[38;5;11mwarning[Lint W99010][0m[1m: unnecessary `entry` on a `public` function[0m
    [0m[34m┌─[0m ./sources/legal/operating_agreement.move:944:8
    [0m[34m│[0m
[0m[34m944[0m [0m[34m│[0m public [0m[33mentry[0m fun read_agreement(agreement: &OperatingAgreement, clock: &Clock) {
    [0m[34m│[0m        [0m[33m^^^^^[0m [0m[33m`entry` on `public` functions limits composability as it adds restrictions, e.g. the type of each return value must have `drop`. `entry` on `public` is only meaningful in niche scenarios.[0m
    [0m[34m│[0m
    [0m[34m=[0m `public` functions can be called from PTBs. `entry` can be used to allow non-`public` functions to be called from PTBs, but it adds restrictions on the usage of input arguments and on the type of return values. Unless this `public` function interacts with an intricate set of other `entry` functions, the `entry` modifier should be removed.
    [0m[34m=[0m This warning can be suppressed with '#[allow(lint(public_entry))]' applied to the 'module' or module member ('const', 'fun', or 'struct')

[0m[1m[38;5;11mwarning[Lint W99010][0m[1m: unnecessary `entry` on a `public` function[0m
     [0m[34m┌─[0m ./sources/legal/operating_agreement.move:1050:8
     [0m[34m│[0m
[0m[34m1050[0m [0m[34m│[0m public [0m[33mentry[0m fun remove_expired_line(
     [0m[34m│[0m        [0m[33m^^^^^[0m [0m[33m`entry` on `public` functions limits composability as it adds restrictions, e.g. the type of each return value must have `drop`. `entry` on `public` is only meaningful in niche scenarios.[0m
     [0m[34m│[0m
     [0m[34m=[0m `public` functions can be called from PTBs. `entry` can be used to allow non-`public` functions to be called from PTBs, but it adds restrictions on the usage of input arguments and on the type of return values. Unless this `public` function interacts with an intricate set of other `entry` functions, the `entry` modifier should be removed.
     [0m[34m=[0m This warning can be suppressed with '#[allow(lint(public_entry))]' applied to the 'module' or module member ('const', 'fun', or 'struct')

[0m[1m[38;5;11mwarning[W02021][0m[1m: duplicate alias[0m
  [0m[34m┌─[0m ./sources/legal/operating_agreement_dispatcher.move:7:17
  [0m[34m│[0m
[0m[34m7[0m [0m[34m│[0m     tx_context::[0m[33mTxContext[0m,
  [0m[34m│[0m                 [0m[33m^^^^^^^^^[0m [0m[33mUnnecessary alias 'TxContext' for module member 'sui::tx_context::TxContext'. This alias is provided by default[0m
  [0m[34m│[0m
  [0m[34m=[0m This warning can be suppressed with '#[allow(duplicate_alias)]' applied to the 'module' or module member ('const', 'fun', or 'struct')

[0m[1m[38;5;11mwarning[W09001][0m[1m: unused alias[0m
  [0m[34m┌─[0m ./sources/governance/governance_intents.move:6:19
  [0m[34m│[0m
[0m[34m6[0m [0m[34m│[0m use std::string::{[0m[33mSelf[0m, String};
  [0m[34m│[0m                   [0m[33m^^^^[0m [0m[33mUnused 'use' of alias 'string'. Consider removing it[0m
  [0m[34m│[0m
  [0m[34m=[0m This warning can be suppressed with '#[allow(unused_use)]' applied to the 'module' or module member ('const', 'fun', or 'struct')

[0m[1m[38;5;11mwarning[W02021][0m[1m: duplicate alias[0m
  [0m[34m┌─[0m ./sources/governance/governance_intents.move:7:10
  [0m[34m│[0m
[0m[34m7[0m [0m[34m│[0m use std::[0m[33moption[0m;
  [0m[34m│[0m          [0m[33m^^^^^^[0m [0m[33mUnnecessary alias 'option' for module 'std::option'. This alias is provided by default[0m
  [0m[34m│[0m
  [0m[34m=[0m This warning can be suppressed with '#[allow(duplicate_alias)]' applied to the 'module' or module member ('const', 'fun', or 'struct')

[0m[1m[38;5;11mwarning[W02021][0m[1m: duplicate alias[0m
  [0m[34m┌─[0m ./sources/governance/governance_intents.move:8:10
  [0m[34m│[0m
[0m[34m8[0m [0m[34m│[0m use std::[0m[33mvector[0m;
  [0m[34m│[0m          [0m[33m^^^^^^[0m [0m[33mUnnecessary alias 'vector' for module 'std::vector'. This alias is provided by default[0m
  [0m[34m│[0m
  [0m[34m=[0m This warning can be suppressed with '#[allow(duplicate_alias)]' applied to the 'module' or module member ('const', 'fun', or 'struct')

[0m[1m[38;5;11mwarning[W09001][0m[1m: unused alias[0m
  [0m[34m┌─[0m ./sources/governance/governance_intents.move:8:10
  [0m[34m│[0m
[0m[34m8[0m [0m[34m│[0m use std::[0m[33mvector[0m;
  [0m[34m│[0m          [0m[33m^^^^^^[0m [0m[33mUnused 'use' of alias 'vector'. Consider removing it[0m
  [0m[34m│[0m
  [0m[34m=[0m This alias does not shadow the built-in type 'vector' in type annotations.
  [0m[34m=[0m This warning can be suppressed with '#[allow(unused_use)]' applied to the 'module' or module member ('const', 'fun', or 'struct')

[0m[1m[38;5;11mwarning[W02021][0m[1m: duplicate alias[0m
   [0m[34m┌─[0m ./sources/governance/governance_intents.move:11:17
   [0m[34m│[0m
[0m[34m11[0m [0m[34m│[0m     tx_context::[0m[33mTxContext[0m,
   [0m[34m│[0m                 [0m[33m^^^^^^^^^[0m [0m[33mUnnecessary alias 'TxContext' for module member 'sui::tx_context::TxContext'. This alias is provided by default[0m
   [0m[34m│[0m
   [0m[34m=[0m This warning can be suppressed with '#[allow(duplicate_alias)]' applied to the 'module' or module member ('const', 'fun', or 'struct')

[0m[1m[38;5;11mwarning[W02021][0m[1m: duplicate alias[0m
   [0m[34m┌─[0m ./sources/governance/governance_intents.move:12:5
   [0m[34m│[0m
[0m[34m12[0m [0m[34m│[0m     [0m[33mobject[0m,
   [0m[34m│[0m     [0m[33m^^^^^^[0m [0m[33mUnnecessary alias 'object' for module 'sui::object'. This alias is provided by default[0m
   [0m[34m│[0m
   [0m[34m=[0m This warning can be suppressed with '#[allow(duplicate_alias)]' applied to the 'module' or module member ('const', 'fun', or 'struct')

[0m[1m[38;5;11mwarning[W09001][0m[1m: unused alias[0m
   [0m[34m┌─[0m ./sources/governance/governance_intents.move:12:5
   [0m[34m│[0m
[0m[34m12[0m [0m[34m│[0m     [0m[33mobject[0m,
   [0m[34m│[0m     [0m[33m^^^^^^[0m [0m[33mUnused 'use' of alias 'object'. Consider removing it[0m
   [0m[34m│[0m
   [0m[34m=[0m This warning can be suppressed with '#[allow(unused_use)]' applied to the 'module' or module member ('const', 'fun', or 'struct')

[0m[1m[38;5;11mwarning[W09001][0m[1m: unused alias[0m
   [0m[34m┌─[0m ./sources/governance/governance_intents.move:16:18
   [0m[34m│[0m
[0m[34m16[0m [0m[34m│[0m     executable::{[0m[33mSelf[0m, Executable},
   [0m[34m│[0m                  [0m[33m^^^^[0m [0m[33mUnused 'use' of alias 'executable'. Consider removing it[0m
   [0m[34m│[0m
   [0m[34m=[0m This warning can be suppressed with '#[allow(unused_use)]' applied to the 'module' or module member ('const', 'fun', or 'struct')

[0m[1m[38;5;11mwarning[W09001][0m[1m: unused alias[0m
   [0m[34m┌─[0m ./sources/governance/governance_intents.move:22:23
   [0m[34m│[0m
[0m[34m22[0m [0m[34m│[0m     futarchy_config::{[0m[33mSelf[0m, FutarchyConfig},
   [0m[34m│[0m                       [0m[33m^^^^[0m [0m[33mUnused 'use' of alias 'futarchy_config'. Consider removing it[0m
   [0m[34m│[0m
   [0m[34m=[0m This warning can be suppressed with '#[allow(unused_use)]' applied to the 'module' or module member ('const', 'fun', or 'struct')

[0m[1m[38;5;11mwarning[W09001][0m[1m: unused alias[0m
   [0m[34m┌─[0m ./sources/governance/governance_intents.move:30:1
   [0m[34m│[0m
[0m[34m30[0m [0m[34m│[0m [0m[33muse fun intent_interface::build_intent as Account.build_intent;[0m
   [0m[34m│[0m [0m[33m^^^^^^^^^^^^^^^^^^^^^^^^^^^^^^^^^^^^^^^^^^^^^^^^^^^^^^^^^^^^^^^[0m [0m[33mUnused 'use fun' of 'account_protocol::account::Account.build_intent'. Consider removing it[0m
   [0m[34m│[0m
   [0m[34m=[0m This warning can be suppressed with '#[allow(unused_use)]' applied to the 'module' or module member ('const', 'fun', or 'struct')

[0m[1m[38;5;11mwarning[W09010][0m[1m: unused function type parameter[0m
   [0m[34m┌─[0m ./sources/governance/governance_intents.move:45:35
   [0m[34m│[0m
[0m[34m45[0m [0m[34m│[0m public fun create_transfer_intent<[0m[33mCoinType[0m, Outcome: store + drop + copy>(
   [0m[34m│[0m                                   [0m[33m^^^^^^^^[0m [0m[33mUnused type parameter 'CoinType'.[0m
   [0m[34m│[0m
   [0m[34m=[0m This warning can be suppressed with '#[allow(unused_type_parameter)]' applied to the 'module' or module member ('const', 'fun', or 'struct')

[0m[1m[38;5;11mwarning[W02021][0m[1m: duplicate alias[0m
   [0m[34m┌─[0m ./sources/payments/stream_actions.move:15:14
   [0m[34m│[0m
[0m[34m15[0m [0m[34m│[0m     option::{[0m[33mSelf[0m, Option},
   [0m[34m│[0m              [0m[33m^^^^[0m [0m[33mUnnecessary alias 'option' for module 'std::option'. This alias is provided by default[0m
   [0m[34m│[0m
   [0m[34m=[0m This warning can be suppressed with '#[allow(duplicate_alias)]' applied to the 'module' or module member ('const', 'fun', or 'struct')

[0m[1m[38;5;11mwarning[W02021][0m[1m: duplicate alias[0m
   [0m[34m┌─[0m ./sources/payments/stream_actions.move:15:20
   [0m[34m│[0m
[0m[34m15[0m [0m[34m│[0m     option::{Self, [0m[33mOption[0m},
   [0m[34m│[0m                    [0m[33m^^^^^^[0m [0m[33mUnnecessary alias 'Option' for module member 'std::option::Option'. This alias is provided by default[0m
   [0m[34m│[0m
   [0m[34m=[0m This warning can be suppressed with '#[allow(duplicate_alias)]' applied to the 'module' or module member ('const', 'fun', or 'struct')

[0m[1m[38;5;11mwarning[W02021][0m[1m: duplicate alias[0m
   [0m[34m┌─[0m ./sources/payments/stream_actions.move:16:5
   [0m[34m│[0m
[0m[34m16[0m [0m[34m│[0m     [0m[33mvector[0m,
   [0m[34m│[0m     [0m[33m^^^^^^[0m [0m[33mUnnecessary alias 'vector' for module 'std::vector'. This alias is provided by default[0m
   [0m[34m│[0m
   [0m[34m=[0m This warning can be suppressed with '#[allow(duplicate_alias)]' applied to the 'module' or module member ('const', 'fun', or 'struct')

[0m[1m[38;5;11mwarning[W09001][0m[1m: unused alias[0m
   [0m[34m┌─[0m ./sources/payments/stream_actions.move:17:23
   [0m[34m│[0m
[0m[34m17[0m [0m[34m│[0m     type_name::{Self, [0m[33mTypeName[0m},
   [0m[34m│[0m                       [0m[33m^^^^^^^^[0m [0m[33mUnused 'use' of alias 'TypeName'. Consider removing it[0m
   [0m[34m│[0m
   [0m[34m=[0m This warning can be suppressed with '#[allow(unused_use)]' applied to the 'module' or module member ('const', 'fun', or 'struct')

[0m[1m[38;5;11mwarning[W02021][0m[1m: duplicate alias[0m
   [0m[34m┌─[0m ./sources/payments/stream_actions.move:25:14
   [0m[34m│[0m
[0m[34m25[0m [0m[34m│[0m     object::{[0m[33mSelf[0m, ID},
   [0m[34m│[0m              [0m[33m^^^^[0m [0m[33mUnnecessary alias 'object' for module 'sui::object'. This alias is provided by default[0m
   [0m[34m│[0m
   [0m[34m=[0m This warning can be suppressed with '#[allow(duplicate_alias)]' applied to the 'module' or module member ('const', 'fun', or 'struct')

[0m[1m[38;5;11mwarning[W02021][0m[1m: duplicate alias[0m
   [0m[34m┌─[0m ./sources/payments/stream_actions.move:25:20
   [0m[34m│[0m
[0m[34m25[0m [0m[34m│[0m     object::{Self, [0m[33mID[0m},
   [0m[34m│[0m                    [0m[33m^^[0m [0m[33mUnnecessary alias 'ID' for module member 'sui::object::ID'. This alias is provided by default[0m
   [0m[34m│[0m
   [0m[34m=[0m This warning can be suppressed with '#[allow(duplicate_alias)]' applied to the 'module' or module member ('const', 'fun', or 'struct')

[0m[1m[38;5;11mwarning[W02021][0m[1m: duplicate alias[0m
   [0m[34m┌─[0m ./sources/payments/stream_actions.move:26:5
   [0m[34m│[0m
[0m[34m26[0m [0m[34m│[0m     [0m[33mtransfer[0m,
   [0m[34m│[0m     [0m[33m^^^^^^^^[0m [0m[33mUnnecessary alias 'transfer' for module 'sui::transfer'. This alias is provided by default[0m
   [0m[34m│[0m
   [0m[34m=[0m This warning can be suppressed with '#[allow(duplicate_alias)]' applied to the 'module' or module member ('const', 'fun', or 'struct')

[0m[1m[38;5;11mwarning[W09001][0m[1m: unused alias[0m
   [0m[34m┌─[0m ./sources/payments/stream_actions.move:29:22
   [0m[34m│[0m
[0m[34m29[0m [0m[34m│[0m use account_actions::[0m[33mvault[0m;
   [0m[34m│[0m                      [0m[33m^^^^^[0m [0m[33mUnused 'use' of alias 'vault'. Consider removing it[0m
   [0m[34m│[0m
   [0m[34m=[0m This warning can be suppressed with '#[allow(unused_use)]' applied to the 'module' or module member ('const', 'fun', or 'struct')

[0m[1m[38;5;11mwarning[W09001][0m[1m: unused alias[0m
   [0m[34m┌─[0m ./sources/payments/stream_actions.move:31:30
   [0m[34m│[0m
[0m[34m31[0m [0m[34m│[0m     account::{Self, Account, [0m[33mAuth[0m},
   [0m[34m│[0m                              [0m[33m^^^^[0m [0m[33mUnused 'use' of alias 'Auth'. Consider removing it[0m
   [0m[34m│[0m
   [0m[34m=[0m This warning can be suppressed with '#[allow(unused_use)]' applied to the 'module' or module member ('const', 'fun', or 'struct')

[0m[1m[38;5;11mwarning[W09011][0m[1m: unused constant[0m
   [0m[34m┌─[0m ./sources/payments/stream_actions.move:40:7
   [0m[34m│[0m
[0m[34m40[0m [0m[34m│[0m const [0m[33mEStreamNotActive[0m: u64 = 3;
   [0m[34m│[0m       [0m[33m^^^^^^^^^^^^^^^^[0m [0m[33mThe constant 'EStreamNotActive' is never used. Consider removing it.[0m
   [0m[34m│[0m
   [0m[34m=[0m This warning can be suppressed with '#[allow(unused_const)]' applied to the 'module' or module member ('const', 'fun', or 'struct')

[0m[1m[38;5;11mwarning[W09011][0m[1m: unused constant[0m
   [0m[34m┌─[0m ./sources/payments/stream_actions.move:43:7
   [0m[34m│[0m
[0m[34m43[0m [0m[34m│[0m const [0m[33mEStreamNotFound[0m: u64 = 6;
   [0m[34m│[0m       [0m[33m^^^^^^^^^^^^^^^[0m [0m[33mThe constant 'EStreamNotFound' is never used. Consider removing it.[0m
   [0m[34m│[0m
   [0m[34m=[0m This warning can be suppressed with '#[allow(unused_const)]' applied to the 'module' or module member ('const', 'fun', or 'struct')

[0m[1m[38;5;11mwarning[W09011][0m[1m: unused constant[0m
   [0m[34m┌─[0m ./sources/payments/stream_actions.move:44:7
   [0m[34m│[0m
[0m[34m44[0m [0m[34m│[0m const [0m[33mEUnauthorizedAction[0m: u64 = 7;
   [0m[34m│[0m       [0m[33m^^^^^^^^^^^^^^^^^^^[0m [0m[33mThe constant 'EUnauthorizedAction' is never used. Consider removing it.[0m
   [0m[34m│[0m
   [0m[34m=[0m This warning can be suppressed with '#[allow(unused_const)]' applied to the 'module' or module member ('const', 'fun', or 'struct')

[0m[1m[38;5;11mwarning[W09011][0m[1m: unused constant[0m
   [0m[34m┌─[0m ./sources/payments/stream_actions.move:47:7
   [0m[34m│[0m
[0m[34m47[0m [0m[34m│[0m const [0m[33mEStreamFullyClaimed[0m: u64 = 10;
   [0m[34m│[0m       [0m[33m^^^^^^^^^^^^^^^^^^^[0m [0m[33mThe constant 'EStreamFullyClaimed' is never used. Consider removing it.[0m
   [0m[34m│[0m
   [0m[34m=[0m This warning can be suppressed with '#[allow(unused_const)]' applied to the 'module' or module member ('const', 'fun', or 'struct')

[0m[1m[38;5;11mwarning[W09011][0m[1m: unused constant[0m
   [0m[34m┌─[0m ./sources/payments/stream_actions.move:67:7
   [0m[34m│[0m
[0m[34m67[0m [0m[34m│[0m const [0m[33mDEFAULT_PENDING_PERIOD_MS[0m: u64 = 604_800_000; // 7 days in milliseconds
   [0m[34m│[0m       [0m[33m^^^^^^^^^^^^^^^^^^^^^^^^^[0m [0m[33mThe constant 'DEFAULT_PENDING_PERIOD_MS' is never used. Consider removing it.[0m
   [0m[34m│[0m
   [0m[34m=[0m This warning can be suppressed with '#[allow(unused_const)]' applied to the 'module' or module member ('const', 'fun', or 'struct')

[0m[1m[38;5;11mwarning[W09002][0m[1m: unused variable[0m
    [0m[34m┌─[0m ./sources/payments/stream_actions.move:363:5
    [0m[34m│[0m
[0m[34m363[0m [0m[34m│[0m     [0m[33mctx[0m: &mut TxContext,
    [0m[34m│[0m     [0m[33m^^^[0m [0m[33mUnused parameter 'ctx'. Consider removing or prefixing with an underscore: '_ctx'[0m
    [0m[34m│[0m
    [0m[34m=[0m This warning can be suppressed with '#[allow(unused_variable)]' applied to the 'module' or module member ('const', 'fun', or 'struct')

[0m[1m[38;5;11mwarning[W09002][0m[1m: unused variable[0m
    [0m[34m┌─[0m ./sources/payments/stream_actions.move:452:5
    [0m[34m│[0m
[0m[34m452[0m [0m[34m│[0m     [0m[33mctx[0m: &mut TxContext,
    [0m[34m│[0m     [0m[33m^^^[0m [0m[33mUnused parameter 'ctx'. Consider removing or prefixing with an underscore: '_ctx'[0m
    [0m[34m│[0m
    [0m[34m=[0m This warning can be suppressed with '#[allow(unused_variable)]' applied to the 'module' or module member ('const', 'fun', or 'struct')

[0m[1m[38;5;11mwarning[W09002][0m[1m: unused variable[0m
    [0m[34m┌─[0m ./sources/payments/stream_actions.move:569:5
    [0m[34m│[0m
[0m[34m569[0m [0m[34m│[0m     [0m[33mversion_witness[0m: VersionWitness,
    [0m[34m│[0m     [0m[33m^^^^^^^^^^^^^^^[0m [0m[33mUnused parameter 'version_witness'. Consider removing or prefixing with an underscore: '_version_witness'[0m
    [0m[34m│[0m
    [0m[34m=[0m This warning can be suppressed with '#[allow(unused_variable)]' applied to the 'module' or module member ('const', 'fun', or 'struct')

[0m[1m[38;5;11mwarning[W09002][0m[1m: unused variable[0m
    [0m[34m┌─[0m ./sources/payments/stream_actions.move:774:5
    [0m[34m│[0m
[0m[34m774[0m [0m[34m│[0m     [0m[33mversion_witness[0m: VersionWitness,
    [0m[34m│[0m     [0m[33m^^^^^^^^^^^^^^^[0m [0m[33mUnused parameter 'version_witness'. Consider removing or prefixing with an underscore: '_version_witness'[0m
    [0m[34m│[0m
    [0m[34m=[0m This warning can be suppressed with '#[allow(unused_variable)]' applied to the 'module' or module member ('const', 'fun', or 'struct')

[0m[1m[38;5;11mwarning[W09002][0m[1m: unused variable[0m
    [0m[34m┌─[0m ./sources/payments/stream_actions.move:777:5
    [0m[34m│[0m
[0m[34m777[0m [0m[34m│[0m     [0m[33mctx[0m: &mut TxContext,
    [0m[34m│[0m     [0m[33m^^^[0m [0m[33mUnused parameter 'ctx'. Consider removing or prefixing with an underscore: '_ctx'[0m
    [0m[34m│[0m
    [0m[34m=[0m This warning can be suppressed with '#[allow(unused_variable)]' applied to the 'module' or module member ('const', 'fun', or 'struct')

[0m[1m[38;5;11mwarning[W09002][0m[1m: unused variable[0m
    [0m[34m┌─[0m ./sources/payments/stream_actions.move:855:9
    [0m[34m│[0m
[0m[34m855[0m [0m[34m│[0m     let [0m[33msource_mode[0m = payment.source_mode;
    [0m[34m│[0m         [0m[33m^^^^^^^^^^^[0m [0m[33mUnused local variable 'source_mode'. Consider removing or prefixing with an underscore: '_source_mode'[0m
    [0m[34m│[0m
    [0m[34m=[0m This warning can be suppressed with '#[allow(unused_variable)]' applied to the 'module' or module member ('const', 'fun', or 'struct')

[0m[1m[38;5;11mwarning[W09002][0m[1m: unused variable[0m
    [0m[34m┌─[0m ./sources/payments/stream_actions.move:883:5
    [0m[34m│[0m
[0m[34m883[0m [0m[34m│[0m     [0m[33mversion_witness[0m: VersionWitness,
    [0m[34m│[0m     [0m[33m^^^^^^^^^^^^^^^[0m [0m[33mUnused parameter 'version_witness'. Consider removing or prefixing with an underscore: '_version_witness'[0m
    [0m[34m│[0m
    [0m[34m=[0m This warning can be suppressed with '#[allow(unused_variable)]' applied to the 'module' or module member ('const', 'fun', or 'struct')

[0m[1m[38;5;11mwarning[W09002][0m[1m: unused variable[0m
    [0m[34m┌─[0m ./sources/payments/stream_actions.move:885:5
    [0m[34m│[0m
[0m[34m885[0m [0m[34m│[0m     [0m[33mclock[0m: &Clock,
    [0m[34m│[0m     [0m[33m^^^^^[0m [0m[33mUnused parameter 'clock'. Consider removing or prefixing with an underscore: '_clock'[0m
    [0m[34m│[0m
    [0m[34m=[0m This warning can be suppressed with '#[allow(unused_variable)]' applied to the 'module' or module member ('const', 'fun', or 'struct')

[0m[1m[38;5;11mwarning[W09002][0m[1m: unused variable[0m
    [0m[34m┌─[0m ./sources/payments/stream_actions.move:886:5
    [0m[34m│[0m
[0m[34m886[0m [0m[34m│[0m     [0m[33mctx[0m: &mut TxContext,
    [0m[34m│[0m     [0m[33m^^^[0m [0m[33mUnused parameter 'ctx'. Consider removing or prefixing with an underscore: '_ctx'[0m
    [0m[34m│[0m
    [0m[34m=[0m This warning can be suppressed with '#[allow(unused_variable)]' applied to the 'module' or module member ('const', 'fun', or 'struct')

[0m[1m[38;5;11mwarning[W09002][0m[1m: unused variable[0m
    [0m[34m┌─[0m ./sources/payments/stream_actions.move:983:5
    [0m[34m│[0m
[0m[34m983[0m [0m[34m│[0m     [0m[33mversion_witness[0m: VersionWitness,
    [0m[34m│[0m     [0m[33m^^^^^^^^^^^^^^^[0m [0m[33mUnused parameter 'version_witness'. Consider removing or prefixing with an underscore: '_version_witness'[0m
    [0m[34m│[0m
    [0m[34m=[0m This warning can be suppressed with '#[allow(unused_variable)]' applied to the 'module' or module member ('const', 'fun', or 'struct')

[0m[1m[38;5;11mwarning[W09002][0m[1m: unused variable[0m
     [0m[34m┌─[0m ./sources/payments/stream_actions.move:1031:5
     [0m[34m│[0m
[0m[34m1031[0m [0m[34m│[0m     [0m[33mversion_witness[0m: VersionWitness,
     [0m[34m│[0m     [0m[33m^^^^^^^^^^^^^^^[0m [0m[33mUnused parameter 'version_witness'. Consider removing or prefixing with an underscore: '_version_witness'[0m
     [0m[34m│[0m
     [0m[34m=[0m This warning can be suppressed with '#[allow(unused_variable)]' applied to the 'module' or module member ('const', 'fun', or 'struct')

[0m[1m[38;5;11mwarning[W09002][0m[1m: unused variable[0m
     [0m[34m┌─[0m ./sources/payments/stream_actions.move:1033:5
     [0m[34m│[0m
[0m[34m1033[0m [0m[34m│[0m     [0m[33mclock[0m: &Clock,
     [0m[34m│[0m     [0m[33m^^^^^[0m [0m[33mUnused parameter 'clock'. Consider removing or prefixing with an underscore: '_clock'[0m
     [0m[34m│[0m
     [0m[34m=[0m This warning can be suppressed with '#[allow(unused_variable)]' applied to the 'module' or module member ('const', 'fun', or 'struct')

[0m[1m[38;5;11mwarning[W09002][0m[1m: unused variable[0m
     [0m[34m┌─[0m ./sources/payments/stream_actions.move:1034:5
     [0m[34m│[0m
[0m[34m1034[0m [0m[34m│[0m     [0m[33mctx[0m: &mut TxContext,
     [0m[34m│[0m     [0m[33m^^^[0m [0m[33mUnused parameter 'ctx'. Consider removing or prefixing with an underscore: '_ctx'[0m
     [0m[34m│[0m
     [0m[34m=[0m This warning can be suppressed with '#[allow(unused_variable)]' applied to the 'module' or module member ('const', 'fun', or 'struct')

[0m[1m[38;5;11mwarning[W09002][0m[1m: unused variable[0m
     [0m[34m┌─[0m ./sources/payments/stream_actions.move:1068:5
     [0m[34m│[0m
[0m[34m1068[0m [0m[34m│[0m     [0m[33mversion_witness[0m: VersionWitness,
     [0m[34m│[0m     [0m[33m^^^^^^^^^^^^^^^[0m [0m[33mUnused parameter 'version_witness'. Consider removing or prefixing with an underscore: '_version_witness'[0m
     [0m[34m│[0m
     [0m[34m=[0m This warning can be suppressed with '#[allow(unused_variable)]' applied to the 'module' or module member ('const', 'fun', or 'struct')

[0m[1m[38;5;11mwarning[W09002][0m[1m: unused variable[0m
     [0m[34m┌─[0m ./sources/payments/stream_actions.move:1071:5
     [0m[34m│[0m
[0m[34m1071[0m [0m[34m│[0m     [0m[33mctx[0m: &mut TxContext,
     [0m[34m│[0m     [0m[33m^^^[0m [0m[33mUnused parameter 'ctx'. Consider removing or prefixing with an underscore: '_ctx'[0m
     [0m[34m│[0m
     [0m[34m=[0m This warning can be suppressed with '#[allow(unused_variable)]' applied to the 'module' or module member ('const', 'fun', or 'struct')

[0m[1m[38;5;11mwarning[W09002][0m[1m: unused variable[0m
     [0m[34m┌─[0m ./sources/payments/stream_actions.move:1119:5
     [0m[34m│[0m
[0m[34m1119[0m [0m[34m│[0m     [0m[33mversion_witness[0m: VersionWitness,
     [0m[34m│[0m     [0m[33m^^^^^^^^^^^^^^^[0m [0m[33mUnused parameter 'version_witness'. Consider removing or prefixing with an underscore: '_version_witness'[0m
     [0m[34m│[0m
     [0m[34m=[0m This warning can be suppressed with '#[allow(unused_variable)]' applied to the 'module' or module member ('const', 'fun', or 'struct')

[0m[1m[38;5;11mwarning[W09002][0m[1m: unused variable[0m
     [0m[34m┌─[0m ./sources/payments/stream_actions.move:1122:5
     [0m[34m│[0m
[0m[34m1122[0m [0m[34m│[0m     [0m[33mctx[0m: &mut TxContext,
     [0m[34m│[0m     [0m[33m^^^[0m [0m[33mUnused parameter 'ctx'. Consider removing or prefixing with an underscore: '_ctx'[0m
     [0m[34m│[0m
     [0m[34m=[0m This warning can be suppressed with '#[allow(unused_variable)]' applied to the 'module' or module member ('const', 'fun', or 'struct')

[0m[1m[38;5;11mwarning[W09002][0m[1m: unused variable[0m
     [0m[34m┌─[0m ./sources/payments/stream_actions.move:1312:9
     [0m[34m│[0m
[0m[34m1312[0m [0m[34m│[0m     let [0m[33maccount_id[0m = object::id(account);
     [0m[34m│[0m         [0m[33m^^^^^^^^^^[0m [0m[33mUnused local variable 'account_id'. Consider removing or prefixing with an underscore: '_account_id'[0m
     [0m[34m│[0m
     [0m[34m=[0m This warning can be suppressed with '#[allow(unused_variable)]' applied to the 'module' or module member ('const', 'fun', or 'struct')

[0m[1m[38;5;11mwarning[W09002][0m[1m: unused variable[0m
     [0m[34m┌─[0m ./sources/payments/stream_actions.move:1494:5
     [0m[34m│[0m
[0m[34m1494[0m [0m[34m│[0m     [0m[33mctx[0m: &mut TxContext,
     [0m[34m│[0m     [0m[33m^^^[0m [0m[33mUnused parameter 'ctx'. Consider removing or prefixing with an underscore: '_ctx'[0m
     [0m[34m│[0m
     [0m[34m=[0m This warning can be suppressed with '#[allow(unused_variable)]' applied to the 'module' or module member ('const', 'fun', or 'struct')

[0m[1m[38;5;11mwarning[W04037][0m[1m: deprecated usage[0m
     [0m[34m┌─[0m ./sources/payments/stream_actions.move:1649:75
     [0m[34m│[0m
[0m[34m1649[0m [0m[34m│[0m             let return_key = DissolutionReturnKey { coin_type: type_name::[0m[33mget[0m<CoinType>() };
     [0m[34m│[0m                                                                           [0m[33m^^^[0m [0m[33mThe function 'std::type_name::get' is deprecated: Renamed to `with_defining_ids` for clarity.[0m
     [0m[34m│[0m
     [0m[34m=[0m This warning can be suppressed with '#[allow(deprecated_usage)]' applied to the 'module' or module member ('const', 'fun', or 'struct')

[0m[1m[38;5;11mwarning[W04037][0m[1m: deprecated usage[0m
     [0m[34m┌─[0m ./sources/payments/stream_actions.move:1667:35
     [0m[34m│[0m
[0m[34m1667[0m [0m[34m│[0m             coin_type: type_name::[0m[33mget[0m<CoinType>().into_string().to_string(),
     [0m[34m│[0m                                   [0m[33m^^^[0m [0m[33mThe function 'std::type_name::get' is deprecated: Renamed to `with_defining_ids` for clarity.[0m
     [0m[34m│[0m
     [0m[34m=[0m This warning can be suppressed with '#[allow(deprecated_usage)]' applied to the 'module' or module member ('const', 'fun', or 'struct')

[0m[1m[38;5;11mwarning[W02021][0m[1m: duplicate alias[0m
     [0m[34m┌─[0m ./sources/payments/stream_actions.move:1751:14
     [0m[34m│[0m
[0m[34m  25[0m [0m[34m│[0m     object::{Self, ID},
     [0m[34m│[0m              [0m[34m----[0m [0m[34mThe same alias was previously declared here[0m
     [0m[34m·[0m
[0m[34m1751[0m [0m[34m│[0m     use sui::[0m[33mobject[0m;
     [0m[34m│[0m              [0m[33m^^^^^^[0m [0m[33mUnnecessary alias 'object' for module 'sui::object'. It was already in scope[0m
     [0m[34m│[0m
     [0m[34m=[0m This warning can be suppressed with '#[allow(duplicate_alias)]' applied to the 'module' or module member ('const', 'fun', or 'struct')

Please report feedback on the linter warnings at https://forums.sui.io

Total number of linter warnings suppressed: 2 (unique lints: 1)
