[Note]: Dependency sources are no longer verified automatically during publication and upgrade. You can pass the `--verify-deps` option if you would like to verify them as part of publication or upgrade.
INCLUDING DEPENDENCY futarchy_multisig
INCLUDING DEPENDENCY futarchy_vault
INCLUDING DEPENDENCY AccountActions
INCLUDING DEPENDENCY Kiosk
INCLUDING DEPENDENCY futarchy_core
INCLUDING DEPENDENCY AccountProtocol
INCLUDING DEPENDENCY AccountExtensions
INCLUDING DEPENDENCY futarchy_markets
INCLUDING DEPENDENCY futarchy_one_shot_utils
INCLUDING DEPENDENCY Bridge
INCLUDING DEPENDENCY SuiSystem
INCLUDING DEPENDENCY Sui
INCLUDING DEPENDENCY MoveStdlib
BUILDING futarchy_specialized_actions
[0m[1m[38;5;11mwarning[W02021][0m[1m: duplicate alias[0m
  [0m[34m┌─[0m /Users/admin/monorepo/contracts/futarchy_specialized_actions/sources/payments/stream_intents.move:9:13
  [0m[34m│[0m
[0m[34m9[0m [0m[34m│[0m     option::[0m[33mOption[0m,
  [0m[34m│[0m             [0m[33m^^^^^^[0m [0m[33mUnnecessary alias 'Option' for module member 'std::option::Option'. This alias is provided by default[0m
  [0m[34m│[0m
  [0m[34m=[0m This warning can be suppressed with '#[allow(duplicate_alias)]' applied to the 'module' or module member ('const', 'fun', or 'struct')

[0m[1m[38;5;11mwarning[W01004][0m[1m: invalid documentation comment[0m
    [0m[34m┌─[0m /Users/admin/monorepo/contracts/futarchy_specialized_actions/../futarchy_markets/sources/spot/spot_oracle_interface.move:199:1
    [0m[34m│[0m  
[0m[34m199[0m [0m[34m│[0m [0m[33m╭[0m [0m[33m/// Example: How a lending protocol would use this[0m
[0m[34m200[0m [0m[34m│[0m [0m[33m│[0m [0m[33m/// [0m
[0m[34m201[0m [0m[34m│[0m [0m[33m│[0m [0m[33m/// ```move[0m
[0m[34m202[0m [0m[34m│[0m [0m[33m│[0m [0m[33m/// // In lending protocol[0m
    [0m[34m·[0m [0m[33m│[0m
[0m[34m217[0m [0m[34m│[0m [0m[33m│[0m [0m[33m/// [0m
[0m[34m218[0m [0m[34m│[0m [0m[33m│[0m [0m[33m/// It just gets a continuous price feed that never stops.[0m
    [0m[34m│[0m [0m[33m╰[0m[0m[33m──────────────────────────────────────────────────────────^ Documentation comment cannot be matched to a language item[0m

[0m[1m[38;5;11mwarning[W02021][0m[1m: duplicate alias[0m
  [0m[34m┌─[0m /Users/admin/monorepo/contracts/futarchy_specialized_actions/sources/legal/operating_agreement_dispatcher.move:7:17
  [0m[34m│[0m
[0m[34m7[0m [0m[34m│[0m     tx_context::[0m[33mTxContext[0m,
  [0m[34m│[0m                 [0m[33m^^^^^^^^^[0m [0m[33mUnnecessary alias 'TxContext' for module member 'sui::tx_context::TxContext'. This alias is provided by default[0m
  [0m[34m│[0m
  [0m[34m=[0m This warning can be suppressed with '#[allow(duplicate_alias)]' applied to the 'module' or module member ('const', 'fun', or 'struct')

[0m[1m[38;5;11mwarning[W01004][0m[1m: invalid documentation comment[0m
     [0m[34m┌─[0m /Users/admin/monorepo/contracts/futarchy_specialized_actions/../futarchy_core/sources/futarchy_config.move:1143:1
     [0m[34m│[0m  
[0m[34m1143[0m [0m[34m│[0m [0m[33m╭[0m [0m[33m/// Execute a proposal's intent with generic outcome type[0m
[0m[34m1144[0m [0m[34m│[0m [0m[33m│[0m [0m[33m/// Execute a proposal's intent with generic outcome type[0m
[0m[34m1145[0m [0m[34m│[0m [0m[33m│[0m [0m[33m/// This allows standard intents to work with any outcome type[0m
     [0m[34m│[0m [0m[33m╰[0m[0m[33m──────────────────────────────────────────────────────────────^ Documentation comment cannot be matched to a language item[0m

[0m[1m[38;5;11mwarning[W09001][0m[1m: unused alias[0m
  [0m[34m┌─[0m /Users/admin/monorepo/contracts/futarchy_specialized_actions/sources/legal/operating_agreement_intents.move:7:12
  [0m[34m│[0m
[0m[34m7[0m [0m[34m│[0m     clock::[0m[33mClock[0m,
  [0m[34m│[0m            [0m[33m^^^^^[0m [0m[33mUnused 'use' of alias 'Clock'. Consider removing it[0m
  [0m[34m│[0m
  [0m[34m=[0m This warning can be suppressed with '#[allow(unused_use)]' applied to the 'module' or module member ('const', 'fun', or 'struct')

[0m[1m[38;5;11mwarning[W02021][0m[1m: duplicate alias[0m
  [0m[34m┌─[0m /Users/admin/monorepo/contracts/futarchy_specialized_actions/sources/legal/operating_agreement_intents.move:8:14
  [0m[34m│[0m
[0m[34m8[0m [0m[34m│[0m     object::{[0m[33mSelf[0m, ID},
  [0m[34m│[0m              [0m[33m^^^^[0m [0m[33mUnnecessary alias 'object' for module 'sui::object'. This alias is provided by default[0m
  [0m[34m│[0m
  [0m[34m=[0m This warning can be suppressed with '#[allow(duplicate_alias)]' applied to the 'module' or module member ('const', 'fun', or 'struct')

[0m[1m[38;5;11mwarning[W02021][0m[1m: duplicate alias[0m
  [0m[34m┌─[0m /Users/admin/monorepo/contracts/futarchy_specialized_actions/sources/legal/operating_agreement_intents.move:8:20
  [0m[34m│[0m
[0m[34m8[0m [0m[34m│[0m     object::{Self, [0m[33mID[0m},
  [0m[34m│[0m                    [0m[33m^^[0m [0m[33mUnnecessary alias 'ID' for module member 'sui::object::ID'. This alias is provided by default[0m
  [0m[34m│[0m
  [0m[34m=[0m This warning can be suppressed with '#[allow(duplicate_alias)]' applied to the 'module' or module member ('const', 'fun', or 'struct')

[0m[1m[38;5;11mwarning[W02021][0m[1m: duplicate alias[0m
  [0m[34m┌─[0m /Users/admin/monorepo/contracts/futarchy_specialized_actions/sources/legal/operating_agreement_intents.move:9:17
  [0m[34m│[0m
[0m[34m9[0m [0m[34m│[0m     tx_context::[0m[33mTxContext[0m,
  [0m[34m│[0m                 [0m[33m^^^^^^^^^[0m [0m[33mUnnecessary alias 'TxContext' for module member 'sui::tx_context::TxContext'. This alias is provided by default[0m
  [0m[34m│[0m
  [0m[34m=[0m This warning can be suppressed with '#[allow(duplicate_alias)]' applied to the 'module' or module member ('const', 'fun', or 'struct')

[0m[1m[38;5;11mwarning[W09001][0m[1m: unused alias[0m
   [0m[34m┌─[0m /Users/admin/monorepo/contracts/futarchy_specialized_actions/sources/legal/operating_agreement_intents.move:13:17
   [0m[34m│[0m
[0m[34m13[0m [0m[34m│[0m     executable::[0m[33mExecutable[0m,
   [0m[34m│[0m                 [0m[33m^^^^^^^^^^[0m [0m[33mUnused 'use' of alias 'Executable'. Consider removing it[0m
   [0m[34m│[0m
   [0m[34m=[0m This warning can be suppressed with '#[allow(unused_use)]' applied to the 'module' or module member ('const', 'fun', or 'struct')

[0m[1m[38;5;11mwarning[W09001][0m[1m: unused alias[0m
   [0m[34m┌─[0m /Users/admin/monorepo/contracts/futarchy_specialized_actions/sources/legal/operating_agreement_intents.move:14:15
   [0m[34m│[0m
[0m[34m14[0m [0m[34m│[0m     intents::{[0m[33mIntent[0m, Params},
   [0m[34m│[0m               [0m[33m^^^^^^[0m [0m[33mUnused 'use' of alias 'Intent'. Consider removing it[0m
   [0m[34m│[0m
   [0m[34m=[0m This warning can be suppressed with '#[allow(unused_use)]' applied to the 'module' or module member ('const', 'fun', or 'struct')

[0m[1m[38;5;11mwarning[W09001][0m[1m: unused alias[0m
   [0m[34m┌─[0m /Users/admin/monorepo/contracts/futarchy_specialized_actions/sources/legal/operating_agreement_intents.move:24:1
   [0m[34m│[0m
[0m[34m24[0m [0m[34m│[0m [0m[33muse fun intent_interface::process_intent as Account.process_intent;[0m
   [0m[34m│[0m [0m[33m^^^^^^^^^^^^^^^^^^^^^^^^^^^^^^^^^^^^^^^^^^^^^^^^^^^^^^^^^^^^^^^^^^^[0m [0m[33mUnused 'use fun' of 'account_protocol::account::Account.process_intent'. Consider removing it[0m
   [0m[34m│[0m
   [0m[34m=[0m This warning can be suppressed with '#[allow(unused_use)]' applied to the 'module' or module member ('const', 'fun', or 'struct')

[0m[1m[38;5;11mwarning[W02021][0m[1m: duplicate alias[0m
   [0m[34m┌─[0m /Users/admin/monorepo/contracts/futarchy_specialized_actions/sources/payments/stream_actions.move:15:14
   [0m[34m│[0m
[0m[34m15[0m [0m[34m│[0m     option::{[0m[33mSelf[0m, Option},
   [0m[34m│[0m              [0m[33m^^^^[0m [0m[33mUnnecessary alias 'option' for module 'std::option'. This alias is provided by default[0m
   [0m[34m│[0m
   [0m[34m=[0m This warning can be suppressed with '#[allow(duplicate_alias)]' applied to the 'module' or module member ('const', 'fun', or 'struct')

[0m[1m[38;5;11mwarning[W02021][0m[1m: duplicate alias[0m
   [0m[34m┌─[0m /Users/admin/monorepo/contracts/futarchy_specialized_actions/sources/payments/stream_actions.move:15:20
   [0m[34m│[0m
[0m[34m15[0m [0m[34m│[0m     option::{Self, [0m[33mOption[0m},
   [0m[34m│[0m                    [0m[33m^^^^^^[0m [0m[33mUnnecessary alias 'Option' for module member 'std::option::Option'. This alias is provided by default[0m
   [0m[34m│[0m
   [0m[34m=[0m This warning can be suppressed with '#[allow(duplicate_alias)]' applied to the 'module' or module member ('const', 'fun', or 'struct')

[0m[1m[38;5;11mwarning[W02021][0m[1m: duplicate alias[0m
   [0m[34m┌─[0m /Users/admin/monorepo/contracts/futarchy_specialized_actions/sources/payments/stream_actions.move:16:5
   [0m[34m│[0m
[0m[34m16[0m [0m[34m│[0m     [0m[33mvector[0m,
   [0m[34m│[0m     [0m[33m^^^^^^[0m [0m[33mUnnecessary alias 'vector' for module 'std::vector'. This alias is provided by default[0m
   [0m[34m│[0m
   [0m[34m=[0m This warning can be suppressed with '#[allow(duplicate_alias)]' applied to the 'module' or module member ('const', 'fun', or 'struct')

[0m[1m[38;5;11mwarning[W09001][0m[1m: unused alias[0m
   [0m[34m┌─[0m /Users/admin/monorepo/contracts/futarchy_specialized_actions/sources/payments/stream_actions.move:17:23
   [0m[34m│[0m
[0m[34m17[0m [0m[34m│[0m     type_name::{Self, [0m[33mTypeName[0m},
   [0m[34m│[0m                       [0m[33m^^^^^^^^[0m [0m[33mUnused 'use' of alias 'TypeName'. Consider removing it[0m
   [0m[34m│[0m
   [0m[34m=[0m This warning can be suppressed with '#[allow(unused_use)]' applied to the 'module' or module member ('const', 'fun', or 'struct')

[0m[1m[38;5;11mwarning[W02021][0m[1m: duplicate alias[0m
   [0m[34m┌─[0m /Users/admin/monorepo/contracts/futarchy_specialized_actions/sources/payments/stream_actions.move:25:14
   [0m[34m│[0m
[0m[34m25[0m [0m[34m│[0m     object::{[0m[33mSelf[0m, ID},
   [0m[34m│[0m              [0m[33m^^^^[0m [0m[33mUnnecessary alias 'object' for module 'sui::object'. This alias is provided by default[0m
   [0m[34m│[0m
   [0m[34m=[0m This warning can be suppressed with '#[allow(duplicate_alias)]' applied to the 'module' or module member ('const', 'fun', or 'struct')

[0m[1m[38;5;11mwarning[W02021][0m[1m: duplicate alias[0m
   [0m[34m┌─[0m /Users/admin/monorepo/contracts/futarchy_specialized_actions/sources/payments/stream_actions.move:25:20
   [0m[34m│[0m
[0m[34m25[0m [0m[34m│[0m     object::{Self, [0m[33mID[0m},
   [0m[34m│[0m                    [0m[33m^^[0m [0m[33mUnnecessary alias 'ID' for module member 'sui::object::ID'. This alias is provided by default[0m
   [0m[34m│[0m
   [0m[34m=[0m This warning can be suppressed with '#[allow(duplicate_alias)]' applied to the 'module' or module member ('const', 'fun', or 'struct')

[0m[1m[38;5;11mwarning[W02021][0m[1m: duplicate alias[0m
   [0m[34m┌─[0m /Users/admin/monorepo/contracts/futarchy_specialized_actions/sources/payments/stream_actions.move:26:5
   [0m[34m│[0m
[0m[34m26[0m [0m[34m│[0m     [0m[33mtransfer[0m,
   [0m[34m│[0m     [0m[33m^^^^^^^^[0m [0m[33mUnnecessary alias 'transfer' for module 'sui::transfer'. This alias is provided by default[0m
   [0m[34m│[0m
   [0m[34m=[0m This warning can be suppressed with '#[allow(duplicate_alias)]' applied to the 'module' or module member ('const', 'fun', or 'struct')

[0m[1m[38;5;11mwarning[W09001][0m[1m: unused alias[0m
   [0m[34m┌─[0m /Users/admin/monorepo/contracts/futarchy_specialized_actions/sources/payments/stream_actions.move:27:10
   [0m[34m│[0m
[0m[34m27[0m [0m[34m│[0m     bag::[0m[33mBag[0m,
   [0m[34m│[0m          [0m[33m^^^[0m [0m[33mUnused 'use' of alias 'Bag'. Consider removing it[0m
   [0m[34m│[0m
   [0m[34m=[0m This warning can be suppressed with '#[allow(unused_use)]' applied to the 'module' or module member ('const', 'fun', or 'struct')

[0m[1m[38;5;11mwarning[W02021][0m[1m: duplicate alias[0m
   [0m[34m┌─[0m /Users/admin/monorepo/contracts/futarchy_specialized_actions/sources/payments/stream_actions.move:28:17
   [0m[34m│[0m
[0m[34m28[0m [0m[34m│[0m     tx_context::[0m[33mTxContext[0m,
   [0m[34m│[0m                 [0m[33m^^^^^^^^^[0m [0m[33mUnnecessary alias 'TxContext' for module member 'sui::tx_context::TxContext'. This alias is provided by default[0m
   [0m[34m│[0m
   [0m[34m=[0m This warning can be suppressed with '#[allow(duplicate_alias)]' applied to the 'module' or module member ('const', 'fun', or 'struct')

[0m[1m[38;5;11mwarning[W09001][0m[1m: unused alias[0m
   [0m[34m┌─[0m /Users/admin/monorepo/contracts/futarchy_specialized_actions/sources/payments/stream_actions.move:34:37
   [0m[34m│[0m
[0m[34m34[0m [0m[34m│[0m use account_actions::{vault::{Self, [0m[33mVault[0m, VaultKey}, vault_intents};
   [0m[34m│[0m                                     [0m[33m^^^^^[0m [0m[33mUnused 'use' of alias 'Vault'. Consider removing it[0m
   [0m[34m│[0m
   [0m[34m=[0m This warning can be suppressed with '#[allow(unused_use)]' applied to the 'module' or module member ('const', 'fun', or 'struct')

[0m[1m[38;5;11mwarning[W09001][0m[1m: unused alias[0m
   [0m[34m┌─[0m /Users/admin/monorepo/contracts/futarchy_specialized_actions/sources/payments/stream_actions.move:34:44
   [0m[34m│[0m
[0m[34m34[0m [0m[34m│[0m use account_actions::{vault::{Self, Vault, [0m[33mVaultKey[0m}, vault_intents};
   [0m[34m│[0m                                            [0m[33m^^^^^^^^[0m [0m[33mUnused 'use' of alias 'VaultKey'. Consider removing it[0m
   [0m[34m│[0m
   [0m[34m=[0m This warning can be suppressed with '#[allow(unused_use)]' applied to the 'module' or module member ('const', 'fun', or 'struct')

[0m[1m[38;5;11mwarning[W09001][0m[1m: unused alias[0m
   [0m[34m┌─[0m /Users/admin/monorepo/contracts/futarchy_specialized_actions/sources/payments/stream_actions.move:34:55
   [0m[34m│[0m
[0m[34m34[0m [0m[34m│[0m use account_actions::{vault::{Self, Vault, VaultKey}, [0m[33mvault_intents[0m};
   [0m[34m│[0m                                                       [0m[33m^^^^^^^^^^^^^[0m [0m[33mUnused 'use' of alias 'vault_intents'. Consider removing it[0m
   [0m[34m│[0m
   [0m[34m=[0m This warning can be suppressed with '#[allow(unused_use)]' applied to the 'module' or module member ('const', 'fun', or 'struct')

[0m[1m[38;5;11mwarning[W09001][0m[1m: unused alias[0m
   [0m[34m┌─[0m /Users/admin/monorepo/contracts/futarchy_specialized_actions/sources/payments/stream_actions.move:36:30
   [0m[34m│[0m
[0m[34m36[0m [0m[34m│[0m     account::{Self, Account, [0m[33mAuth[0m},
   [0m[34m│[0m                              [0m[33m^^^^[0m [0m[33mUnused 'use' of alias 'Auth'. Consider removing it[0m
   [0m[34m│[0m
   [0m[34m=[0m This warning can be suppressed with '#[allow(unused_use)]' applied to the 'module' or module member ('const', 'fun', or 'struct')

[0m[1m[38;5;11mwarning[W09001][0m[1m: unused alias[0m
   [0m[34m┌─[0m /Users/admin/monorepo/contracts/futarchy_specialized_actions/sources/payments/stream_actions.move:39:5
   [0m[34m│[0m
[0m[34m39[0m [0m[34m│[0m     [0m[33mintents[0m,
   [0m[34m│[0m     [0m[33m^^^^^^^[0m [0m[33mUnused 'use' of alias 'intents'. Consider removing it[0m
   [0m[34m│[0m
   [0m[34m=[0m This warning can be suppressed with '#[allow(unused_use)]' applied to the 'module' or module member ('const', 'fun', or 'struct')

[0m[1m[38;5;11mwarning[W09011][0m[1m: unused constant[0m
   [0m[34m┌─[0m /Users/admin/monorepo/contracts/futarchy_specialized_actions/sources/payments/stream_actions.move:45:7
   [0m[34m│[0m
[0m[34m45[0m [0m[34m│[0m const [0m[33mEStreamNotActive[0m: u64 = 3;
   [0m[34m│[0m       [0m[33m^^^^^^^^^^^^^^^^[0m [0m[33mThe constant 'EStreamNotActive' is never used. Consider removing it.[0m
   [0m[34m│[0m
   [0m[34m=[0m This warning can be suppressed with '#[allow(unused_const)]' applied to the 'module' or module member ('const', 'fun', or 'struct')

[0m[1m[38;5;11mwarning[W09011][0m[1m: unused constant[0m
   [0m[34m┌─[0m /Users/admin/monorepo/contracts/futarchy_specialized_actions/sources/payments/stream_actions.move:48:7
   [0m[34m│[0m
[0m[34m48[0m [0m[34m│[0m const [0m[33mEStreamNotFound[0m: u64 = 6;
   [0m[34m│[0m       [0m[33m^^^^^^^^^^^^^^^[0m [0m[33mThe constant 'EStreamNotFound' is never used. Consider removing it.[0m
   [0m[34m│[0m
   [0m[34m=[0m This warning can be suppressed with '#[allow(unused_const)]' applied to the 'module' or module member ('const', 'fun', or 'struct')

[0m[1m[38;5;11mwarning[W09011][0m[1m: unused constant[0m
   [0m[34m┌─[0m /Users/admin/monorepo/contracts/futarchy_specialized_actions/sources/payments/stream_actions.move:49:7
   [0m[34m│[0m
[0m[34m49[0m [0m[34m│[0m const [0m[33mEUnauthorizedAction[0m: u64 = 7;
   [0m[34m│[0m       [0m[33m^^^^^^^^^^^^^^^^^^^[0m [0m[33mThe constant 'EUnauthorizedAction' is never used. Consider removing it.[0m
   [0m[34m│[0m
   [0m[34m=[0m This warning can be suppressed with '#[allow(unused_const)]' applied to the 'module' or module member ('const', 'fun', or 'struct')

[0m[1m[38;5;11mwarning[W09011][0m[1m: unused constant[0m
   [0m[34m┌─[0m /Users/admin/monorepo/contracts/futarchy_specialized_actions/sources/payments/stream_actions.move:52:7
   [0m[34m│[0m
[0m[34m52[0m [0m[34m│[0m const [0m[33mEStreamFullyClaimed[0m: u64 = 10;
   [0m[34m│[0m       [0m[33m^^^^^^^^^^^^^^^^^^^[0m [0m[33mThe constant 'EStreamFullyClaimed' is never used. Consider removing it.[0m
   [0m[34m│[0m
   [0m[34m=[0m This warning can be suppressed with '#[allow(unused_const)]' applied to the 'module' or module member ('const', 'fun', or 'struct')

[0m[1m[38;5;11mwarning[W09011][0m[1m: unused constant[0m
   [0m[34m┌─[0m /Users/admin/monorepo/contracts/futarchy_specialized_actions/sources/payments/stream_actions.move:74:7
   [0m[34m│[0m
[0m[34m74[0m [0m[34m│[0m const [0m[33mDEFAULT_PENDING_PERIOD_MS[0m: u64 = 604_800_000; // 7 days in milliseconds
   [0m[34m│[0m       [0m[33m^^^^^^^^^^^^^^^^^^^^^^^^^[0m [0m[33mThe constant 'DEFAULT_PENDING_PERIOD_MS' is never used. Consider removing it.[0m
   [0m[34m│[0m
   [0m[34m=[0m This warning can be suppressed with '#[allow(unused_const)]' applied to the 'module' or module member ('const', 'fun', or 'struct')

[0m[1m[38;5;11mwarning[W09002][0m[1m: unused variable[0m
    [0m[34m┌─[0m /Users/admin/monorepo/contracts/futarchy_specialized_actions/sources/payments/stream_actions.move:374:5
    [0m[34m│[0m
[0m[34m374[0m [0m[34m│[0m     [0m[33mctx[0m: &mut TxContext,
    [0m[34m│[0m     [0m[33m^^^[0m [0m[33mUnused parameter 'ctx'. Consider removing or prefixing with an underscore: '_ctx'[0m
    [0m[34m│[0m
    [0m[34m=[0m This warning can be suppressed with '#[allow(unused_variable)]' applied to the 'module' or module member ('const', 'fun', or 'struct')

[0m[1m[38;5;11mwarning[W09002][0m[1m: unused variable[0m
    [0m[34m┌─[0m /Users/admin/monorepo/contracts/futarchy_specialized_actions/sources/payments/stream_actions.move:463:5
    [0m[34m│[0m
[0m[34m463[0m [0m[34m│[0m     [0m[33mctx[0m: &mut TxContext,
    [0m[34m│[0m     [0m[33m^^^[0m [0m[33mUnused parameter 'ctx'. Consider removing or prefixing with an underscore: '_ctx'[0m
    [0m[34m│[0m
    [0m[34m=[0m This warning can be suppressed with '#[allow(unused_variable)]' applied to the 'module' or module member ('const', 'fun', or 'struct')

[0m[1m[38;5;11mwarning[W09002][0m[1m: unused variable[0m
    [0m[34m┌─[0m /Users/admin/monorepo/contracts/futarchy_specialized_actions/sources/payments/stream_actions.move:580:5
    [0m[34m│[0m
[0m[34m580[0m [0m[34m│[0m     [0m[33mversion_witness[0m: VersionWitness,
    [0m[34m│[0m     [0m[33m^^^^^^^^^^^^^^^[0m [0m[33mUnused parameter 'version_witness'. Consider removing or prefixing with an underscore: '_version_witness'[0m
    [0m[34m│[0m
    [0m[34m=[0m This warning can be suppressed with '#[allow(unused_variable)]' applied to the 'module' or module member ('const', 'fun', or 'struct')

[0m[1m[38;5;11mwarning[W09002][0m[1m: unused variable[0m
    [0m[34m┌─[0m /Users/admin/monorepo/contracts/futarchy_specialized_actions/sources/payments/stream_actions.move:858:5
    [0m[34m│[0m
[0m[34m858[0m [0m[34m│[0m     [0m[33mversion_witness[0m: VersionWitness,
    [0m[34m│[0m     [0m[33m^^^^^^^^^^^^^^^[0m [0m[33mUnused parameter 'version_witness'. Consider removing or prefixing with an underscore: '_version_witness'[0m
    [0m[34m│[0m
    [0m[34m=[0m This warning can be suppressed with '#[allow(unused_variable)]' applied to the 'module' or module member ('const', 'fun', or 'struct')

[0m[1m[38;5;11mwarning[W09002][0m[1m: unused variable[0m
    [0m[34m┌─[0m /Users/admin/monorepo/contracts/futarchy_specialized_actions/sources/payments/stream_actions.move:868:10
    [0m[34m│[0m
[0m[34m868[0m [0m[34m│[0m     let ([0m[33mis_active[0m, source_mode, has_vault_stream, mut vault_stream_id, claimable, sender_authorized) = {
    [0m[34m│[0m          [0m[33m^^^^^^^^^[0m [0m[33mUnused local variable 'is_active'. Consider removing or prefixing with an underscore: '_is_active'[0m
    [0m[34m│[0m
    [0m[34m=[0m This warning can be suppressed with '#[allow(unused_variable)]' applied to the 'module' or module member ('const', 'fun', or 'struct')

[0m[1m[38;5;11mwarning[Lint W99001][0m[1m: non-composable transfer to sender[0m
    [0m[34m┌─[0m /Users/admin/monorepo/contracts/futarchy_specialized_actions/sources/payments/stream_actions.move:955:5
    [0m[34m│[0m
[0m[34m855[0m [0m[34m│[0m public fun do_execute_payment<Outcome: store, CoinType: drop, IW: copy + drop>(
    [0m[34m│[0m            [0m[34m------------------[0m [0m[34mReturning an object from a function, allows a caller to use the object and enables composability via programmable transactions.[0m
    [0m[34m·[0m
[0m[34m938[0m [0m[34m│[0m     let sender = ctx.sender();
    [0m[34m│[0m                  [0m[34m------------[0m [0m[34mTransaction sender address coming from here[0m
    [0m[34m·[0m
[0m[34m955[0m [0m[34m│[0m     [0m[33mtransfer::public_transfer(payment_coin, sender)[0m;
    [0m[34m│[0m     [0m[33m^^^^^^^^^^^^^^^^^^^^^^^^^^^^^^^^^^^^^^^^^^^^^^^[0m [0m[33mTransfer of an object to transaction sender address[0m
    [0m[34m│[0m
    [0m[34m=[0m This warning can be suppressed with '#[allow(lint(self_transfer))]' applied to the 'module' or module member ('const', 'fun', or 'struct')

[0m[1m[38;5;11mwarning[W09002][0m[1m: unused variable[0m
     [0m[34m┌─[0m /Users/admin/monorepo/contracts/futarchy_specialized_actions/sources/payments/stream_actions.move:1013:9
     [0m[34m│[0m
[0m[34m1013[0m [0m[34m│[0m     let [0m[33msource_mode[0m = payment.source_mode;
     [0m[34m│[0m         [0m[33m^^^^^^^^^^^[0m [0m[33mUnused local variable 'source_mode'. Consider removing or prefixing with an underscore: '_source_mode'[0m
     [0m[34m│[0m
     [0m[34m=[0m This warning can be suppressed with '#[allow(unused_variable)]' applied to the 'module' or module member ('const', 'fun', or 'struct')

[0m[1m[38;5;11mwarning[W09002][0m[1m: unused variable[0m
     [0m[34m┌─[0m /Users/admin/monorepo/contracts/futarchy_specialized_actions/sources/payments/stream_actions.move:1041:5
     [0m[34m│[0m
[0m[34m1041[0m [0m[34m│[0m     [0m[33mversion_witness[0m: VersionWitness,
     [0m[34m│[0m     [0m[33m^^^^^^^^^^^^^^^[0m [0m[33mUnused parameter 'version_witness'. Consider removing or prefixing with an underscore: '_version_witness'[0m
     [0m[34m│[0m
     [0m[34m=[0m This warning can be suppressed with '#[allow(unused_variable)]' applied to the 'module' or module member ('const', 'fun', or 'struct')

[0m[1m[38;5;11mwarning[Lint W99001][0m[1m: non-composable transfer to sender[0m
     [0m[34m┌─[0m /Users/admin/monorepo/contracts/futarchy_specialized_actions/sources/payments/stream_actions.move:1088:13
     [0m[34m│[0m
[0m[34m1038[0m [0m[34m│[0m public fun do_cancel_payment<Outcome: store, CoinType: drop, IW: copy + drop>(
     [0m[34m│[0m            [0m[34m-----------------[0m [0m[34mReturning an object from a function, allows a caller to use the object and enables composability via programmable transactions.[0m
     [0m[34m·[0m
[0m[34m1088[0m [0m[34m│[0m             [0m[33mtransfer::public_transfer(refund_coin, tx_context::sender(ctx))[0m;
     [0m[34m│[0m             [0m[33m^^^^^^^^^^^^^^^^^^^^^^^^^^^^^^^^^^^^^^^^^^^^^^^^^^^^^^^^^^^^^^^[0m
     [0m[34m│[0m             [0m[33m│[0m                                      [0m[34m│[0m
     [0m[34m│[0m             [0m[33m│[0m                                      [0m[34mTransaction sender address coming from here[0m
     [0m[34m│[0m             [0m[33mTransfer of an object to transaction sender address[0m
     [0m[34m│[0m
     [0m[34m=[0m This warning can be suppressed with '#[allow(lint(self_transfer))]' applied to the 'module' or module member ('const', 'fun', or 'struct')

[0m[1m[38;5;11mwarning[W09002][0m[1m: unused variable[0m
     [0m[34m┌─[0m /Users/admin/monorepo/contracts/futarchy_specialized_actions/sources/payments/stream_actions.move:1282:5
     [0m[34m│[0m
[0m[34m1282[0m [0m[34m│[0m     [0m[33mversion_witness[0m: VersionWitness,
     [0m[34m│[0m     [0m[33m^^^^^^^^^^^^^^^[0m [0m[33mUnused parameter 'version_witness'. Consider removing or prefixing with an underscore: '_version_witness'[0m
     [0m[34m│[0m
     [0m[34m=[0m This warning can be suppressed with '#[allow(unused_variable)]' applied to the 'module' or module member ('const', 'fun', or 'struct')

[0m[1m[38;5;11mwarning[W09002][0m[1m: unused variable[0m
     [0m[34m┌─[0m /Users/admin/monorepo/contracts/futarchy_specialized_actions/sources/payments/stream_actions.move:1330:5
     [0m[34m│[0m
[0m[34m1330[0m [0m[34m│[0m     [0m[33mversion_witness[0m: VersionWitness,
     [0m[34m│[0m     [0m[33m^^^^^^^^^^^^^^^[0m [0m[33mUnused parameter 'version_witness'. Consider removing or prefixing with an underscore: '_version_witness'[0m
     [0m[34m│[0m
     [0m[34m=[0m This warning can be suppressed with '#[allow(unused_variable)]' applied to the 'module' or module member ('const', 'fun', or 'struct')

[0m[1m[38;5;11mwarning[W09002][0m[1m: unused variable[0m
     [0m[34m┌─[0m /Users/admin/monorepo/contracts/futarchy_specialized_actions/sources/payments/stream_actions.move:1332:5
     [0m[34m│[0m
[0m[34m1332[0m [0m[34m│[0m     [0m[33mclock[0m: &Clock,
     [0m[34m│[0m     [0m[33m^^^^^[0m [0m[33mUnused parameter 'clock'. Consider removing or prefixing with an underscore: '_clock'[0m
     [0m[34m│[0m
     [0m[34m=[0m This warning can be suppressed with '#[allow(unused_variable)]' applied to the 'module' or module member ('const', 'fun', or 'struct')

[0m[1m[38;5;11mwarning[W09002][0m[1m: unused variable[0m
     [0m[34m┌─[0m /Users/admin/monorepo/contracts/futarchy_specialized_actions/sources/payments/stream_actions.move:1333:5
     [0m[34m│[0m
[0m[34m1333[0m [0m[34m│[0m     [0m[33mctx[0m: &mut TxContext,
     [0m[34m│[0m     [0m[33m^^^[0m [0m[33mUnused parameter 'ctx'. Consider removing or prefixing with an underscore: '_ctx'[0m
     [0m[34m│[0m
     [0m[34m=[0m This warning can be suppressed with '#[allow(unused_variable)]' applied to the 'module' or module member ('const', 'fun', or 'struct')

[0m[1m[38;5;11mwarning[W09002][0m[1m: unused variable[0m
     [0m[34m┌─[0m /Users/admin/monorepo/contracts/futarchy_specialized_actions/sources/payments/stream_actions.move:1367:5
     [0m[34m│[0m
[0m[34m1367[0m [0m[34m│[0m     [0m[33mversion_witness[0m: VersionWitness,
     [0m[34m│[0m     [0m[33m^^^^^^^^^^^^^^^[0m [0m[33mUnused parameter 'version_witness'. Consider removing or prefixing with an underscore: '_version_witness'[0m
     [0m[34m│[0m
     [0m[34m=[0m This warning can be suppressed with '#[allow(unused_variable)]' applied to the 'module' or module member ('const', 'fun', or 'struct')

[0m[1m[38;5;11mwarning[W09002][0m[1m: unused variable[0m
     [0m[34m┌─[0m /Users/admin/monorepo/contracts/futarchy_specialized_actions/sources/payments/stream_actions.move:1370:5
     [0m[34m│[0m
[0m[34m1370[0m [0m[34m│[0m     [0m[33mctx[0m: &mut TxContext,
     [0m[34m│[0m     [0m[33m^^^[0m [0m[33mUnused parameter 'ctx'. Consider removing or prefixing with an underscore: '_ctx'[0m
     [0m[34m│[0m
     [0m[34m=[0m This warning can be suppressed with '#[allow(unused_variable)]' applied to the 'module' or module member ('const', 'fun', or 'struct')

[0m[1m[38;5;11mwarning[W09002][0m[1m: unused variable[0m
     [0m[34m┌─[0m /Users/admin/monorepo/contracts/futarchy_specialized_actions/sources/payments/stream_actions.move:1418:5
     [0m[34m│[0m
[0m[34m1418[0m [0m[34m│[0m     [0m[33mversion_witness[0m: VersionWitness,
     [0m[34m│[0m     [0m[33m^^^^^^^^^^^^^^^[0m [0m[33mUnused parameter 'version_witness'. Consider removing or prefixing with an underscore: '_version_witness'[0m
     [0m[34m│[0m
     [0m[34m=[0m This warning can be suppressed with '#[allow(unused_variable)]' applied to the 'module' or module member ('const', 'fun', or 'struct')

[0m[1m[38;5;11mwarning[W09002][0m[1m: unused variable[0m
     [0m[34m┌─[0m /Users/admin/monorepo/contracts/futarchy_specialized_actions/sources/payments/stream_actions.move:1421:5
     [0m[34m│[0m
[0m[34m1421[0m [0m[34m│[0m     [0m[33mctx[0m: &mut TxContext,
     [0m[34m│[0m     [0m[33m^^^[0m [0m[33mUnused parameter 'ctx'. Consider removing or prefixing with an underscore: '_ctx'[0m
     [0m[34m│[0m
     [0m[34m=[0m This warning can be suppressed with '#[allow(unused_variable)]' applied to the 'module' or module member ('const', 'fun', or 'struct')

[0m[1m[38;5;11mwarning[W09002][0m[1m: unused variable[0m
     [0m[34m┌─[0m /Users/admin/monorepo/contracts/futarchy_specialized_actions/sources/payments/stream_actions.move:1611:9
     [0m[34m│[0m
[0m[34m1611[0m [0m[34m│[0m     let [0m[33maccount_id[0m = object::id(account);
     [0m[34m│[0m         [0m[33m^^^^^^^^^^[0m [0m[33mUnused local variable 'account_id'. Consider removing or prefixing with an underscore: '_account_id'[0m
     [0m[34m│[0m
     [0m[34m=[0m This warning can be suppressed with '#[allow(unused_variable)]' applied to the 'module' or module member ('const', 'fun', or 'struct')

[0m[1m[38;5;11mwarning[W09002][0m[1m: unused variable[0m
     [0m[34m┌─[0m /Users/admin/monorepo/contracts/futarchy_specialized_actions/sources/payments/stream_actions.move:1793:5
     [0m[34m│[0m
[0m[34m1793[0m [0m[34m│[0m     [0m[33mctx[0m: &mut TxContext,
     [0m[34m│[0m     [0m[33m^^^[0m [0m[33mUnused parameter 'ctx'. Consider removing or prefixing with an underscore: '_ctx'[0m
     [0m[34m│[0m
     [0m[34m=[0m This warning can be suppressed with '#[allow(unused_variable)]' applied to the 'module' or module member ('const', 'fun', or 'struct')

[0m[1m[38;5;11mwarning[W04037][0m[1m: deprecated usage[0m
     [0m[34m┌─[0m /Users/admin/monorepo/contracts/futarchy_specialized_actions/sources/payments/stream_actions.move:1948:75
     [0m[34m│[0m
[0m[34m1948[0m [0m[34m│[0m             let return_key = DissolutionReturnKey { coin_type: type_name::[0m[33mget[0m<CoinType>() };
     [0m[34m│[0m                                                                           [0m[33m^^^[0m [0m[33mThe function 'std::type_name::get' is deprecated: Renamed to `with_defining_ids` for clarity.[0m
     [0m[34m│[0m
     [0m[34m=[0m This warning can be suppressed with '#[allow(deprecated_usage)]' applied to the 'module' or module member ('const', 'fun', or 'struct')

[0m[1m[38;5;11mwarning[W04037][0m[1m: deprecated usage[0m
     [0m[34m┌─[0m /Users/admin/monorepo/contracts/futarchy_specialized_actions/sources/payments/stream_actions.move:1966:35
     [0m[34m│[0m
[0m[34m1966[0m [0m[34m│[0m             coin_type: type_name::[0m[33mget[0m<CoinType>().into_string().to_string(),
     [0m[34m│[0m                                   [0m[33m^^^[0m [0m[33mThe function 'std::type_name::get' is deprecated: Renamed to `with_defining_ids` for clarity.[0m
     [0m[34m│[0m
     [0m[34m=[0m This warning can be suppressed with '#[allow(deprecated_usage)]' applied to the 'module' or module member ('const', 'fun', or 'struct')

[0m[1m[38;5;11mwarning[W09002][0m[1m: unused variable[0m
     [0m[34m┌─[0m /Users/admin/monorepo/contracts/futarchy_specialized_actions/sources/payments/stream_actions.move:1978:5
     [0m[34m│[0m
[0m[34m1978[0m [0m[34m│[0m     [0m[33maccount[0m: &mut Account<FutarchyConfig>,
     [0m[34m│[0m     [0m[33m^^^^^^^[0m [0m[33mUnused parameter 'account'. Consider removing or prefixing with an underscore: '_account'[0m
     [0m[34m│[0m
     [0m[34m=[0m This warning can be suppressed with '#[allow(unused_variable)]' applied to the 'module' or module member ('const', 'fun', or 'struct')

[0m[1m[38;5;11mwarning[W09014][0m[1m: unused mutable reference '&mut' parameter[0m
     [0m[34m┌─[0m /Users/admin/monorepo/contracts/futarchy_specialized_actions/sources/payments/stream_actions.move:1978:14
     [0m[34m│[0m
[0m[34m1978[0m [0m[34m│[0m     account: [0m[33m&mut Account<FutarchyConfig>[0m,
     [0m[34m│[0m     [0m[34m-------[0m  [0m[33m^^^^^^^^^^^^^^^^^^^^^^^^^^^^[0m [0m[33mMutable reference is never used mutably, consider switching to an immutable reference '&' instead[0m
     [0m[34m│[0m     [0m[34m│[0m         
     [0m[34m│[0m     [0m[34mFor parameters, this can be silenced by prefixing the name with an underscore, e.g. '_account'[0m
     [0m[34m│[0m
     [0m[34m=[0m This warning can be suppressed with '#[allow(unused_mut_parameter)]' applied to the 'module' or module member ('const', 'fun', or 'struct')

[0m[1m[38;5;11mwarning[W09002][0m[1m: unused variable[0m
     [0m[34m┌─[0m /Users/admin/monorepo/contracts/futarchy_specialized_actions/sources/payments/stream_actions.move:1979:5
     [0m[34m│[0m
[0m[34m1979[0m [0m[34m│[0m     [0m[33mvault_name[0m: String,
     [0m[34m│[0m     [0m[33m^^^^^^^^^^[0m [0m[33mUnused parameter 'vault_name'. Consider removing or prefixing with an underscore: '_vault_name'[0m
     [0m[34m│[0m
     [0m[34m=[0m This warning can be suppressed with '#[allow(unused_variable)]' applied to the 'module' or module member ('const', 'fun', or 'struct')

[0m[1m[38;5;11mwarning[W09002][0m[1m: unused variable[0m
     [0m[34m┌─[0m /Users/admin/monorepo/contracts/futarchy_specialized_actions/sources/payments/stream_actions.move:1980:5
     [0m[34m│[0m
[0m[34m1980[0m [0m[34m│[0m     [0m[33mamount[0m: u64,
     [0m[34m│[0m     [0m[33m^^^^^^[0m [0m[33mUnused parameter 'amount'. Consider removing or prefixing with an underscore: '_amount'[0m
     [0m[34m│[0m
     [0m[34m=[0m This warning can be suppressed with '#[allow(unused_variable)]' applied to the 'module' or module member ('const', 'fun', or 'struct')

[0m[1m[38;5;11mwarning[W02021][0m[1m: duplicate alias[0m
     [0m[34m┌─[0m /Users/admin/monorepo/contracts/futarchy_specialized_actions/sources/payments/stream_actions.move:2062:14
     [0m[34m│[0m
[0m[34m  14[0m [0m[34m│[0m     string::{Self, String},
     [0m[34m│[0m              [0m[34m----[0m [0m[34mThe same alias was previously declared here[0m
     [0m[34m·[0m
[0m[34m2062[0m [0m[34m│[0m     use std::[0m[33mstring[0m;
     [0m[34m│[0m              [0m[33m^^^^^^[0m [0m[33mUnnecessary alias 'string' for module 'std::string'. It was already in scope[0m
     [0m[34m│[0m
     [0m[34m=[0m This warning can be suppressed with '#[allow(duplicate_alias)]' applied to the 'module' or module member ('const', 'fun', or 'struct')

[0m[1m[38;5;11mwarning[W02021][0m[1m: duplicate alias[0m
     [0m[34m┌─[0m /Users/admin/monorepo/contracts/futarchy_specialized_actions/sources/payments/stream_actions.move:2063:14
     [0m[34m│[0m
[0m[34m  25[0m [0m[34m│[0m     object::{Self, ID},
     [0m[34m│[0m              [0m[34m----[0m [0m[34mThe same alias was previously declared here[0m
     [0m[34m·[0m
[0m[34m2063[0m [0m[34m│[0m     use sui::[0m[33mobject[0m;
     [0m[34m│[0m              [0m[33m^^^^^^[0m [0m[33mUnnecessary alias 'object' for module 'sui::object'. It was already in scope[0m
     [0m[34m│[0m
     [0m[34m=[0m This warning can be suppressed with '#[allow(duplicate_alias)]' applied to the 'module' or module member ('const', 'fun', or 'struct')

[0m[1m[38;5;11mwarning[W09001][0m[1m: unused alias[0m
  [0m[34m┌─[0m /Users/admin/monorepo/contracts/futarchy_specialized_actions/sources/governance/oracle_actions.move:4:19
  [0m[34m│[0m
[0m[34m4[0m [0m[34m│[0m use std::string::{[0m[33mSelf[0m, String};
  [0m[34m│[0m                   [0m[33m^^^^[0m [0m[33mUnused 'use' of alias 'string'. Consider removing it[0m
  [0m[34m│[0m
  [0m[34m=[0m This warning can be suppressed with '#[allow(unused_use)]' applied to the 'module' or module member ('const', 'fun', or 'struct')

[0m[1m[38;5;11mwarning[W02021][0m[1m: duplicate alias[0m
  [0m[34m┌─[0m /Users/admin/monorepo/contracts/futarchy_specialized_actions/sources/governance/oracle_actions.move:5:10
  [0m[34m│[0m
[0m[34m5[0m [0m[34m│[0m use std::[0m[33mvector[0m;
  [0m[34m│[0m          [0m[33m^^^^^^[0m [0m[33mUnnecessary alias 'vector' for module 'std::vector'. This alias is provided by default[0m
  [0m[34m│[0m
  [0m[34m=[0m This warning can be suppressed with '#[allow(duplicate_alias)]' applied to the 'module' or module member ('const', 'fun', or 'struct')

[0m[1m[38;5;11mwarning[W02021][0m[1m: duplicate alias[0m
  [0m[34m┌─[0m /Users/admin/monorepo/contracts/futarchy_specialized_actions/sources/governance/oracle_actions.move:6:19
  [0m[34m│[0m
[0m[34m6[0m [0m[34m│[0m use std::option::{[0m[33mSelf[0m, Option};
  [0m[34m│[0m                   [0m[33m^^^^[0m [0m[33mUnnecessary alias 'option' for module 'std::option'. This alias is provided by default[0m
  [0m[34m│[0m
  [0m[34m=[0m This warning can be suppressed with '#[allow(duplicate_alias)]' applied to the 'module' or module member ('const', 'fun', or 'struct')

[0m[1m[38;5;11mwarning[W02021][0m[1m: duplicate alias[0m
  [0m[34m┌─[0m /Users/admin/monorepo/contracts/futarchy_specialized_actions/sources/governance/oracle_actions.move:6:25
  [0m[34m│[0m
[0m[34m6[0m [0m[34m│[0m use std::option::{Self, [0m[33mOption[0m};
  [0m[34m│[0m                         [0m[33m^^^^^^[0m [0m[33mUnnecessary alias 'Option' for module member 'std::option::Option'. This alias is provided by default[0m
  [0m[34m│[0m
  [0m[34m=[0m This warning can be suppressed with '#[allow(duplicate_alias)]' applied to the 'module' or module member ('const', 'fun', or 'struct')

[0m[1m[38;5;11mwarning[W09001][0m[1m: unused alias[0m
  [0m[34m┌─[0m /Users/admin/monorepo/contracts/futarchy_specialized_actions/sources/governance/oracle_actions.move:7:17
  [0m[34m│[0m
[0m[34m7[0m [0m[34m│[0m use sui::coin::{[0m[33mSelf[0m, Coin};
  [0m[34m│[0m                 [0m[33m^^^^[0m [0m[33mUnused 'use' of alias 'coin'. Consider removing it[0m
  [0m[34m│[0m
  [0m[34m=[0m This warning can be suppressed with '#[allow(unused_use)]' applied to the 'module' or module member ('const', 'fun', or 'struct')

[0m[1m[38;5;11mwarning[W09001][0m[1m: unused alias[0m
  [0m[34m┌─[0m /Users/admin/monorepo/contracts/futarchy_specialized_actions/sources/governance/oracle_actions.move:7:23
  [0m[34m│[0m
[0m[34m7[0m [0m[34m│[0m use sui::coin::{Self, [0m[33mCoin[0m};
  [0m[34m│[0m                       [0m[33m^^^^[0m [0m[33mUnused 'use' of alias 'Coin'. Consider removing it[0m
  [0m[34m│[0m
  [0m[34m=[0m This warning can be suppressed with '#[allow(unused_use)]' applied to the 'module' or module member ('const', 'fun', or 'struct')

[0m[1m[38;5;11mwarning[W02021][0m[1m: duplicate alias[0m
  [0m[34m┌─[0m /Users/admin/monorepo/contracts/futarchy_specialized_actions/sources/governance/oracle_actions.move:9:10
  [0m[34m│[0m
[0m[34m9[0m [0m[34m│[0m use sui::[0m[33mtransfer[0m;
  [0m[34m│[0m          [0m[33m^^^^^^^^[0m [0m[33mUnnecessary alias 'transfer' for module 'sui::transfer'. This alias is provided by default[0m
  [0m[34m│[0m
  [0m[34m=[0m This warning can be suppressed with '#[allow(duplicate_alias)]' applied to the 'module' or module member ('const', 'fun', or 'struct')

[0m[1m[38;5;11mwarning[W02021][0m[1m: duplicate alias[0m
   [0m[34m┌─[0m /Users/admin/monorepo/contracts/futarchy_specialized_actions/sources/governance/oracle_actions.move:10:22
   [0m[34m│[0m
[0m[34m10[0m [0m[34m│[0m use sui::tx_context::[0m[33mTxContext[0m;
   [0m[34m│[0m                      [0m[33m^^^^^^^^^[0m [0m[33mUnnecessary alias 'TxContext' for module member 'sui::tx_context::TxContext'. This alias is provided by default[0m
   [0m[34m│[0m
   [0m[34m=[0m This warning can be suppressed with '#[allow(duplicate_alias)]' applied to the 'module' or module member ('const', 'fun', or 'struct')

[0m[1m[38;5;11mwarning[W02021][0m[1m: duplicate alias[0m
   [0m[34m┌─[0m /Users/admin/monorepo/contracts/futarchy_specialized_actions/sources/governance/oracle_actions.move:11:19
   [0m[34m│[0m
[0m[34m11[0m [0m[34m│[0m use sui::object::{[0m[33mSelf[0m, ID};
   [0m[34m│[0m                   [0m[33m^^^^[0m [0m[33mUnnecessary alias 'object' for module 'sui::object'. This alias is provided by default[0m
   [0m[34m│[0m
   [0m[34m=[0m This warning can be suppressed with '#[allow(duplicate_alias)]' applied to the 'module' or module member ('const', 'fun', or 'struct')

[0m[1m[38;5;11mwarning[W09001][0m[1m: unused alias[0m
   [0m[34m┌─[0m /Users/admin/monorepo/contracts/futarchy_specialized_actions/sources/governance/oracle_actions.move:11:19
   [0m[34m│[0m
[0m[34m11[0m [0m[34m│[0m use sui::object::{[0m[33mSelf[0m, ID};
   [0m[34m│[0m                   [0m[33m^^^^[0m [0m[33mUnused 'use' of alias 'object'. Consider removing it[0m
   [0m[34m│[0m
   [0m[34m=[0m This warning can be suppressed with '#[allow(unused_use)]' applied to the 'module' or module member ('const', 'fun', or 'struct')

[0m[1m[38;5;11mwarning[W02021][0m[1m: duplicate alias[0m
   [0m[34m┌─[0m /Users/admin/monorepo/contracts/futarchy_specialized_actions/sources/governance/oracle_actions.move:11:25
   [0m[34m│[0m
[0m[34m11[0m [0m[34m│[0m use sui::object::{Self, [0m[33mID[0m};
   [0m[34m│[0m                         [0m[33m^^[0m [0m[33mUnnecessary alias 'ID' for module member 'sui::object::ID'. This alias is provided by default[0m
   [0m[34m│[0m
   [0m[34m=[0m This warning can be suppressed with '#[allow(duplicate_alias)]' applied to the 'module' or module member ('const', 'fun', or 'struct')

[0m[1m[38;5;11mwarning[W09001][0m[1m: unused alias[0m
   [0m[34m┌─[0m /Users/admin/monorepo/contracts/futarchy_specialized_actions/sources/governance/oracle_actions.move:14:24
   [0m[34m│[0m
[0m[34m14[0m [0m[34m│[0m     intents::{Expired, [0m[33mIntent[0m},
   [0m[34m│[0m                        [0m[33m^^^^^^[0m [0m[33mUnused 'use' of alias 'Intent'. Consider removing it[0m
   [0m[34m│[0m
   [0m[34m=[0m This warning can be suppressed with '#[allow(unused_use)]' applied to the 'module' or module member ('const', 'fun', or 'struct')

[0m[1m[38;5;11mwarning[W09001][0m[1m: unused alias[0m
   [0m[34m┌─[0m /Users/admin/monorepo/contracts/futarchy_specialized_actions/sources/governance/oracle_actions.move:16:15
   [0m[34m│[0m
[0m[34m16[0m [0m[34m│[0m     account::{[0m[33mSelf[0m, Account},
   [0m[34m│[0m               [0m[33m^^^^[0m [0m[33mUnused 'use' of alias 'account'. Consider removing it[0m
   [0m[34m│[0m
   [0m[34m=[0m This warning can be suppressed with '#[allow(unused_use)]' applied to the 'module' or module member ('const', 'fun', or 'struct')

[0m[1m[38;5;11mwarning[W09001][0m[1m: unused alias[0m
   [0m[34m┌─[0m /Users/admin/monorepo/contracts/futarchy_specialized_actions/sources/governance/oracle_actions.move:22:5
   [0m[34m│[0m
[0m[34m22[0m [0m[34m│[0m     [0m[33mversion[0m,
   [0m[34m│[0m     [0m[33m^^^^^^^[0m [0m[33mUnused 'use' of alias 'version'. Consider removing it[0m
   [0m[34m│[0m
   [0m[34m=[0m This warning can be suppressed with '#[allow(unused_use)]' applied to the 'module' or module member ('const', 'fun', or 'struct')

[0m[1m[38;5;11mwarning[W09001][0m[1m: unused alias[0m
   [0m[34m┌─[0m /Users/admin/monorepo/contracts/futarchy_specialized_actions/sources/governance/oracle_actions.move:26:5
   [0m[34m│[0m
[0m[34m26[0m [0m[34m│[0m     [0m[33mspot_conditional_quoter[0m,
   [0m[34m│[0m     [0m[33m^^^^^^^^^^^^^^^^^^^^^^^[0m [0m[33mUnused 'use' of alias 'spot_conditional_quoter'. Consider removing it[0m
   [0m[34m│[0m
   [0m[34m=[0m This warning can be suppressed with '#[allow(unused_use)]' applied to the 'module' or module member ('const', 'fun', or 'struct')

[0m[1m[38;5;11mwarning[W09001][0m[1m: unused alias[0m
   [0m[34m┌─[0m /Users/admin/monorepo/contracts/futarchy_specialized_actions/sources/governance/oracle_actions.move:27:15
   [0m[34m│[0m
[0m[34m27[0m [0m[34m│[0m     proposal::[0m[33mProposal[0m,
   [0m[34m│[0m               [0m[33m^^^^^^^^[0m [0m[33mUnused 'use' of alias 'Proposal'. Consider removing it[0m
   [0m[34m│[0m
   [0m[34m=[0m This warning can be suppressed with '#[allow(unused_use)]' applied to the 'module' or module member ('const', 'fun', or 'struct')

[0m[1m[38;5;11mwarning[W09001][0m[1m: unused alias[0m
   [0m[34m┌─[0m /Users/admin/monorepo/contracts/futarchy_specialized_actions/sources/governance/oracle_actions.move:28:5
   [0m[34m│[0m
[0m[34m28[0m [0m[34m│[0m     [0m[33mconditional_amm[0m,
   [0m[34m│[0m     [0m[33m^^^^^^^^^^^^^^^[0m [0m[33mUnused 'use' of alias 'conditional_amm'. Consider removing it[0m
   [0m[34m│[0m
   [0m[34m=[0m This warning can be suppressed with '#[allow(unused_use)]' applied to the 'module' or module member ('const', 'fun', or 'struct')

[0m[1m[38;5;11mwarning[W09001][0m[1m: unused alias[0m
   [0m[34m┌─[0m /Users/admin/monorepo/contracts/futarchy_specialized_actions/sources/governance/oracle_actions.move:31:25
   [0m[34m│[0m
[0m[34m31[0m [0m[34m│[0m     weighted_multisig::{[0m[33mSelf[0m, WeightedMultisig},
   [0m[34m│[0m                         [0m[33m^^^^[0m [0m[33mUnused 'use' of alias 'weighted_multisig'. Consider removing it[0m
   [0m[34m│[0m
   [0m[34m=[0m This warning can be suppressed with '#[allow(unused_use)]' applied to the 'module' or module member ('const', 'fun', or 'struct')

[0m[1m[38;5;11mwarning[W09001][0m[1m: unused alias[0m
   [0m[34m┌─[0m /Users/admin/monorepo/contracts/futarchy_specialized_actions/sources/governance/oracle_actions.move:31:31
   [0m[34m│[0m
[0m[34m31[0m [0m[34m│[0m     weighted_multisig::{Self, [0m[33mWeightedMultisig[0m},
   [0m[34m│[0m                               [0m[33m^^^^^^^^^^^^^^^^[0m [0m[33mUnused 'use' of alias 'WeightedMultisig'. Consider removing it[0m
   [0m[34m│[0m
   [0m[34m=[0m This warning can be suppressed with '#[allow(unused_use)]' applied to the 'module' or module member ('const', 'fun', or 'struct')

[0m[1m[38;5;11mwarning[W09011][0m[1m: unused constant[0m
   [0m[34m┌─[0m /Users/admin/monorepo/contracts/futarchy_specialized_actions/sources/governance/oracle_actions.move:37:7
   [0m[34m│[0m
[0m[34m37[0m [0m[34m│[0m const [0m[33mEInvalidRecipient[0m: u64 = 2;
   [0m[34m│[0m       [0m[33m^^^^^^^^^^^^^^^^^[0m [0m[33mThe constant 'EInvalidRecipient' is never used. Consider removing it.[0m
   [0m[34m│[0m
   [0m[34m=[0m This warning can be suppressed with '#[allow(unused_const)]' applied to the 'module' or module member ('const', 'fun', or 'struct')

[0m[1m[38;5;11mwarning[W09011][0m[1m: unused constant[0m
   [0m[34m┌─[0m /Users/admin/monorepo/contracts/futarchy_specialized_actions/sources/governance/oracle_actions.move:40:7
   [0m[34m│[0m
[0m[34m40[0m [0m[34m│[0m const [0m[33mEExceedsMaxSupply[0m: u64 = 5;
   [0m[34m│[0m       [0m[33m^^^^^^^^^^^^^^^^^[0m [0m[33mThe constant 'EExceedsMaxSupply' is never used. Consider removing it.[0m
   [0m[34m│[0m
   [0m[34m=[0m This warning can be suppressed with '#[allow(unused_const)]' applied to the 'module' or module member ('const', 'fun', or 'struct')

[0m[1m[38;5;11mwarning[W09011][0m[1m: unused constant[0m
   [0m[34m┌─[0m /Users/admin/monorepo/contracts/futarchy_specialized_actions/sources/governance/oracle_actions.move:49:7
   [0m[34m│[0m
[0m[34m49[0m [0m[34m│[0m const [0m[33mEInvalidSecurityCouncil[0m: u64 = 14;
   [0m[34m│[0m       [0m[33m^^^^^^^^^^^^^^^^^^^^^^^[0m [0m[33mThe constant 'EInvalidSecurityCouncil' is never used. Consider removing it.[0m
   [0m[34m│[0m
   [0m[34m=[0m This warning can be suppressed with '#[allow(unused_const)]' applied to the 'module' or module member ('const', 'fun', or 'struct')

[0m[1m[38;5;11mwarning[W09011][0m[1m: unused constant[0m
   [0m[34m┌─[0m /Users/admin/monorepo/contracts/futarchy_specialized_actions/sources/governance/oracle_actions.move:50:7
   [0m[34m│[0m
[0m[34m50[0m [0m[34m│[0m const [0m[33mERecipientNotFound[0m: u64 = 15;
   [0m[34m│[0m       [0m[33m^^^^^^^^^^^^^^^^^^[0m [0m[33mThe constant 'ERecipientNotFound' is never used. Consider removing it.[0m
   [0m[34m│[0m
   [0m[34m=[0m This warning can be suppressed with '#[allow(unused_const)]' applied to the 'module' or module member ('const', 'fun', or 'struct')

[0m[1m[38;5;11mwarning[W09008][0m[1m: unused function[0m
    [0m[34m┌─[0m /Users/admin/monorepo/contracts/futarchy_specialized_actions/sources/governance/oracle_actions.move:627:5
    [0m[34m│[0m
[0m[34m627[0m [0m[34m│[0m fun [0m[33msafe_mul_div_u64[0m(a: u64, b: u64, c: u64): u64 {
    [0m[34m│[0m     [0m[33m^^^^^^^^^^^^^^^^[0m [0m[33mThe non-'public', non-'entry' function 'safe_mul_div_u64' is never called. Consider removing it.[0m
    [0m[34m│[0m
    [0m[34m=[0m This warning can be suppressed with '#[allow(unused_function)]' applied to the 'module' or module member ('const', 'fun', or 'struct')

[0m[1m[38;5;11mwarning[W02021][0m[1m: duplicate alias[0m
  [0m[34m┌─[0m /Users/admin/monorepo/contracts/futarchy_specialized_actions/sources/payments/stream_dispatcher.move:7:17
  [0m[34m│[0m
[0m[34m7[0m [0m[34m│[0m     tx_context::[0m[33mTxContext[0m,
  [0m[34m│[0m                 [0m[33m^^^^^^^^^[0m [0m[33mUnnecessary alias 'TxContext' for module member 'sui::tx_context::TxContext'. This alias is provided by default[0m
  [0m[34m│[0m
  [0m[34m=[0m This warning can be suppressed with '#[allow(duplicate_alias)]' applied to the 'module' or module member ('const', 'fun', or 'struct')

[0m[1m[38;5;11mwarning[W02021][0m[1m: duplicate alias[0m
  [0m[34m┌─[0m /Users/admin/monorepo/contracts/futarchy_specialized_actions/sources/legal/operating_agreement_actions.move:8:14
  [0m[34m│[0m
[0m[34m8[0m [0m[34m│[0m     option::{[0m[33mSelf[0m, Option},
  [0m[34m│[0m              [0m[33m^^^^[0m [0m[33mUnnecessary alias 'option' for module 'std::option'. This alias is provided by default[0m
  [0m[34m│[0m
  [0m[34m=[0m This warning can be suppressed with '#[allow(duplicate_alias)]' applied to the 'module' or module member ('const', 'fun', or 'struct')

[0m[1m[38;5;11mwarning[W02021][0m[1m: duplicate alias[0m
  [0m[34m┌─[0m /Users/admin/monorepo/contracts/futarchy_specialized_actions/sources/legal/operating_agreement_actions.move:8:20
  [0m[34m│[0m
[0m[34m8[0m [0m[34m│[0m     option::{Self, [0m[33mOption[0m},
  [0m[34m│[0m                    [0m[33m^^^^^^[0m [0m[33mUnnecessary alias 'Option' for module member 'std::option::Option'. This alias is provided by default[0m
  [0m[34m│[0m
  [0m[34m=[0m This warning can be suppressed with '#[allow(duplicate_alias)]' applied to the 'module' or module member ('const', 'fun', or 'struct')

[0m[1m[38;5;11mwarning[W02021][0m[1m: duplicate alias[0m
   [0m[34m┌─[0m /Users/admin/monorepo/contracts/futarchy_specialized_actions/sources/legal/operating_agreement_actions.move:11:13
   [0m[34m│[0m
[0m[34m11[0m [0m[34m│[0m     object::[0m[33mID[0m,
   [0m[34m│[0m             [0m[33m^^[0m [0m[33mUnnecessary alias 'ID' for module member 'sui::object::ID'. This alias is provided by default[0m
   [0m[34m│[0m
   [0m[34m=[0m This warning can be suppressed with '#[allow(duplicate_alias)]' applied to the 'module' or module member ('const', 'fun', or 'struct')

[0m[1m[38;5;11mwarning[W09001][0m[1m: unused alias[0m
   [0m[34m┌─[0m /Users/admin/monorepo/contracts/futarchy_specialized_actions/sources/legal/operating_agreement_actions.move:12:12
   [0m[34m│[0m
[0m[34m12[0m [0m[34m│[0m     clock::[0m[33mClock[0m,
   [0m[34m│[0m            [0m[33m^^^^^[0m [0m[33mUnused 'use' of alias 'Clock'. Consider removing it[0m
   [0m[34m│[0m
   [0m[34m=[0m This warning can be suppressed with '#[allow(unused_use)]' applied to the 'module' or module member ('const', 'fun', or 'struct')

[0m[1m[38;5;11mwarning[W09001][0m[1m: unused alias[0m
   [0m[34m┌─[0m /Users/admin/monorepo/contracts/futarchy_specialized_actions/sources/legal/operating_agreement_actions.move:15:15
   [0m[34m│[0m
[0m[34m15[0m [0m[34m│[0m     account::{[0m[33mSelf[0m, Account},
   [0m[34m│[0m               [0m[33m^^^^[0m [0m[33mUnused 'use' of alias 'account'. Consider removing it[0m
   [0m[34m│[0m
   [0m[34m=[0m This warning can be suppressed with '#[allow(unused_use)]' applied to the 'module' or module member ('const', 'fun', or 'struct')

[0m[1m[38;5;11mwarning[W09001][0m[1m: unused alias[0m
   [0m[34m┌─[0m /Users/admin/monorepo/contracts/futarchy_specialized_actions/sources/legal/operating_agreement_actions.move:15:21
   [0m[34m│[0m
[0m[34m15[0m [0m[34m│[0m     account::{Self, [0m[33mAccount[0m},
   [0m[34m│[0m                     [0m[33m^^^^^^^[0m [0m[33mUnused 'use' of alias 'Account'. Consider removing it[0m
   [0m[34m│[0m
   [0m[34m=[0m This warning can be suppressed with '#[allow(unused_use)]' applied to the 'module' or module member ('const', 'fun', or 'struct')

[0m[1m[38;5;11mwarning[W09001][0m[1m: unused alias[0m
   [0m[34m┌─[0m /Users/admin/monorepo/contracts/futarchy_specialized_actions/sources/legal/operating_agreement_actions.move:16:17
   [0m[34m│[0m
[0m[34m16[0m [0m[34m│[0m     executable::[0m[33mExecutable[0m,
   [0m[34m│[0m                 [0m[33m^^^^^^^^^^[0m [0m[33mUnused 'use' of alias 'Executable'. Consider removing it[0m
   [0m[34m│[0m
   [0m[34m=[0m This warning can be suppressed with '#[allow(unused_use)]' applied to the 'module' or module member ('const', 'fun', or 'struct')

[0m[1m[38;5;11mwarning[W09001][0m[1m: unused alias[0m
   [0m[34m┌─[0m /Users/admin/monorepo/contracts/futarchy_specialized_actions/sources/legal/operating_agreement_actions.move:18:22
   [0m[34m│[0m
[0m[34m18[0m [0m[34m│[0m     version_witness::[0m[33mVersionWitness[0m,
   [0m[34m│[0m                      [0m[33m^^^^^^^^^^^^^^[0m [0m[33mUnused 'use' of alias 'VersionWitness'. Consider removing it[0m
   [0m[34m│[0m
   [0m[34m=[0m This warning can be suppressed with '#[allow(unused_use)]' applied to the 'module' or module member ('const', 'fun', or 'struct')

[0m[1m[38;5;11mwarning[W09001][0m[1m: unused alias[0m
   [0m[34m┌─[0m /Users/admin/monorepo/contracts/futarchy_specialized_actions/sources/legal/operating_agreement_actions.move:20:37
   [0m[34m│[0m
[0m[34m20[0m [0m[34m│[0m use futarchy_core::futarchy_config::[0m[33mFutarchyConfig[0m;
   [0m[34m│[0m                                     [0m[33m^^^^^^^^^^^^^^[0m [0m[33mUnused 'use' of alias 'FutarchyConfig'. Consider removing it[0m
   [0m[34m│[0m
   [0m[34m=[0m This warning can be suppressed with '#[allow(unused_use)]' applied to the 'module' or module member ('const', 'fun', or 'struct')

[0m[1m[38;5;11mwarning[W09008][0m[1m: unused function[0m
    [0m[34m┌─[0m /Users/admin/monorepo/contracts/futarchy_specialized_actions/sources/legal/operating_agreement_actions.move:424:5
    [0m[34m│[0m
[0m[34m424[0m [0m[34m│[0m fun [0m[33mvalidate_operating_agreement_action[0m(action: &OperatingAgreementAction) {
    [0m[34m│[0m     [0m[33m^^^^^^^^^^^^^^^^^^^^^^^^^^^^^^^^^^^[0m [0m[33mThe non-'public', non-'entry' function 'validate_operating_agreement_action' is never called. Consider removing it.[0m
    [0m[34m│[0m
    [0m[34m=[0m This warning can be suppressed with '#[allow(unused_function)]' applied to the 'module' or module member ('const', 'fun', or 'struct')

[0m[1m[38;5;11mwarning[W02021][0m[1m: duplicate alias[0m
  [0m[34m┌─[0m /Users/admin/monorepo/contracts/futarchy_specialized_actions/sources/legal/operating_agreement.move:8:14
  [0m[34m│[0m
[0m[34m8[0m [0m[34m│[0m     option::{[0m[33mSelf[0m, Option},
  [0m[34m│[0m              [0m[33m^^^^[0m [0m[33mUnnecessary alias 'option' for module 'std::option'. This alias is provided by default[0m
  [0m[34m│[0m
  [0m[34m=[0m This warning can be suppressed with '#[allow(duplicate_alias)]' applied to the 'module' or module member ('const', 'fun', or 'struct')

[0m[1m[38;5;11mwarning[W02021][0m[1m: duplicate alias[0m
  [0m[34m┌─[0m /Users/admin/monorepo/contracts/futarchy_specialized_actions/sources/legal/operating_agreement.move:8:20
  [0m[34m│[0m
[0m[34m8[0m [0m[34m│[0m     option::{Self, [0m[33mOption[0m},
  [0m[34m│[0m                    [0m[33m^^^^^^[0m [0m[33mUnnecessary alias 'Option' for module member 'std::option::Option'. This alias is provided by default[0m
  [0m[34m│[0m
  [0m[34m=[0m This warning can be suppressed with '#[allow(duplicate_alias)]' applied to the 'module' or module member ('const', 'fun', or 'struct')

[0m[1m[38;5;11mwarning[W02021][0m[1m: duplicate alias[0m
  [0m[34m┌─[0m /Users/admin/monorepo/contracts/futarchy_specialized_actions/sources/legal/operating_agreement.move:9:5
  [0m[34m│[0m
[0m[34m9[0m [0m[34m│[0m     [0m[33mvector[0m,
  [0m[34m│[0m     [0m[33m^^^^^^[0m [0m[33mUnnecessary alias 'vector' for module 'std::vector'. This alias is provided by default[0m
  [0m[34m│[0m
  [0m[34m=[0m This warning can be suppressed with '#[allow(duplicate_alias)]' applied to the 'module' or module member ('const', 'fun', or 'struct')

[0m[1m[38;5;11mwarning[W09001][0m[1m: unused alias[0m
  [0m[34m┌─[0m /Users/admin/monorepo/contracts/futarchy_specialized_actions/sources/legal/operating_agreement.move:9:5
  [0m[34m│[0m
[0m[34m9[0m [0m[34m│[0m     [0m[33mvector[0m,
  [0m[34m│[0m     [0m[33m^^^^^^[0m [0m[33mUnused 'use' of alias 'vector'. Consider removing it[0m
  [0m[34m│[0m
  [0m[34m=[0m This alias does not shadow the built-in type 'vector' in type annotations.
  [0m[34m=[0m This warning can be suppressed with '#[allow(unused_use)]' applied to the 'module' or module member ('const', 'fun', or 'struct')

[0m[1m[38;5;11mwarning[W02021][0m[1m: duplicate alias[0m
   [0m[34m┌─[0m /Users/admin/monorepo/contracts/futarchy_specialized_actions/sources/legal/operating_agreement.move:15:14
   [0m[34m│[0m
[0m[34m15[0m [0m[34m│[0m     object::{[0m[33mSelf[0m, ID, UID},
   [0m[34m│[0m              [0m[33m^^^^[0m [0m[33mUnnecessary alias 'object' for module 'sui::object'. This alias is provided by default[0m
   [0m[34m│[0m
   [0m[34m=[0m This warning can be suppressed with '#[allow(duplicate_alias)]' applied to the 'module' or module member ('const', 'fun', or 'struct')

[0m[1m[38;5;11mwarning[W02021][0m[1m: duplicate alias[0m
   [0m[34m┌─[0m /Users/admin/monorepo/contracts/futarchy_specialized_actions/sources/legal/operating_agreement.move:15:20
   [0m[34m│[0m
[0m[34m15[0m [0m[34m│[0m     object::{Self, [0m[33mID[0m, UID},
   [0m[34m│[0m                    [0m[33m^^[0m [0m[33mUnnecessary alias 'ID' for module member 'sui::object::ID'. This alias is provided by default[0m
   [0m[34m│[0m
   [0m[34m=[0m This warning can be suppressed with '#[allow(duplicate_alias)]' applied to the 'module' or module member ('const', 'fun', or 'struct')

[0m[1m[38;5;11mwarning[W02021][0m[1m: duplicate alias[0m
   [0m[34m┌─[0m /Users/admin/monorepo/contracts/futarchy_specialized_actions/sources/legal/operating_agreement.move:15:24
   [0m[34m│[0m
[0m[34m15[0m [0m[34m│[0m     object::{Self, ID, [0m[33mUID[0m},
   [0m[34m│[0m                        [0m[33m^^^[0m [0m[33mUnnecessary alias 'UID' for module member 'sui::object::UID'. This alias is provided by default[0m
   [0m[34m│[0m
   [0m[34m=[0m This warning can be suppressed with '#[allow(duplicate_alias)]' applied to the 'module' or module member ('const', 'fun', or 'struct')

[0m[1m[38;5;11mwarning[W02021][0m[1m: duplicate alias[0m
   [0m[34m┌─[0m /Users/admin/monorepo/contracts/futarchy_specialized_actions/sources/legal/operating_agreement.move:16:17
   [0m[34m│[0m
[0m[34m16[0m [0m[34m│[0m     tx_context::[0m[33mTxContext[0m,
   [0m[34m│[0m                 [0m[33m^^^^^^^^^[0m [0m[33mUnnecessary alias 'TxContext' for module member 'sui::tx_context::TxContext'. This alias is provided by default[0m
   [0m[34m│[0m
   [0m[34m=[0m This warning can be suppressed with '#[allow(duplicate_alias)]' applied to the 'module' or module member ('const', 'fun', or 'struct')

[0m[1m[38;5;11mwarning[W09001][0m[1m: unused alias[0m
   [0m[34m┌─[0m /Users/admin/monorepo/contracts/futarchy_specialized_actions/sources/legal/operating_agreement.move:24:24
   [0m[34m│[0m
[0m[34m24[0m [0m[34m│[0m use futarchy_multisig::[0m[33mpolicy_registry[0m;
   [0m[34m│[0m                        [0m[33m^^^^^^^^^^^^^^^[0m [0m[33mUnused 'use' of alias 'policy_registry'. Consider removing it[0m
   [0m[34m│[0m
   [0m[34m=[0m This warning can be suppressed with '#[allow(unused_use)]' applied to the 'module' or module member ('const', 'fun', or 'struct')

[0m[1m[38;5;11mwarning[W09001][0m[1m: unused alias[0m
   [0m[34m┌─[0m /Users/admin/monorepo/contracts/futarchy_specialized_actions/sources/legal/operating_agreement.move:25:65
   [0m[34m│[0m
[0m[34m25[0m [0m[34m│[0m use futarchy_specialized_actions::operating_agreement_actions::{[0m[33mSelf[0m,
   [0m[34m│[0m                                                                 [0m[33m^^^^[0m [0m[33mUnused 'use' of alias 'operating_agreement_actions'. Consider removing it[0m
   [0m[34m│[0m
   [0m[34m=[0m This warning can be suppressed with '#[allow(unused_use)]' applied to the 'module' or module member ('const', 'fun', or 'struct')

[0m[1m[38;5;11mwarning[W09011][0m[1m: unused constant[0m
   [0m[34m┌─[0m /Users/admin/monorepo/contracts/futarchy_specialized_actions/sources/legal/operating_agreement.move:66:7
   [0m[34m│[0m
[0m[34m66[0m [0m[34m│[0m const [0m[33mEAgreementNotFound[0m: u64 = 4;
   [0m[34m│[0m       [0m[33m^^^^^^^^^^^^^^^^^^[0m [0m[33mThe constant 'EAgreementNotFound' is never used. Consider removing it.[0m
   [0m[34m│[0m
   [0m[34m=[0m This warning can be suppressed with '#[allow(unused_const)]' applied to the 'module' or module member ('const', 'fun', or 'struct')

[0m[1m[38;5;11mwarning[W09011][0m[1m: unused constant[0m
   [0m[34m┌─[0m /Users/admin/monorepo/contracts/futarchy_specialized_actions/sources/legal/operating_agreement.move:74:7
   [0m[34m│[0m
[0m[34m74[0m [0m[34m│[0m const [0m[33mEUnauthorizedCustodian[0m: u64 = 12;
   [0m[34m│[0m       [0m[33m^^^^^^^^^^^^^^^^^^^^^^[0m [0m[33mThe constant 'EUnauthorizedCustodian' is never used. Consider removing it.[0m
   [0m[34m│[0m
   [0m[34m=[0m This warning can be suppressed with '#[allow(unused_const)]' applied to the 'module' or module member ('const', 'fun', or 'struct')

[0m[1m[38;5;11mwarning[Lint W99010][0m[1m: unnecessary `entry` on a `public` function[0m
    [0m[34m┌─[0m /Users/admin/monorepo/contracts/futarchy_specialized_actions/sources/legal/operating_agreement.move:979:8
    [0m[34m│[0m
[0m[34m979[0m [0m[34m│[0m public [0m[33mentry[0m fun read_agreement(agreement: &OperatingAgreement, clock: &Clock) {
    [0m[34m│[0m        [0m[33m^^^^^[0m [0m[33m`entry` on `public` functions limits composability as it adds restrictions, e.g. the type of each return value must have `drop`. `entry` on `public` is only meaningful in niche scenarios.[0m
    [0m[34m│[0m
    [0m[34m=[0m `public` functions can be called from PTBs. `entry` can be used to allow non-`public` functions to be called from PTBs, but it adds restrictions on the usage of input arguments and on the type of return values. Unless this `public` function interacts with an intricate set of other `entry` functions, the `entry` modifier should be removed.
    [0m[34m=[0m This warning can be suppressed with '#[allow(lint(public_entry))]' applied to the 'module' or module member ('const', 'fun', or 'struct')

[0m[1m[38;5;11mwarning[Lint W99010][0m[1m: unnecessary `entry` on a `public` function[0m
     [0m[34m┌─[0m /Users/admin/monorepo/contracts/futarchy_specialized_actions/sources/legal/operating_agreement.move:1091:8
     [0m[34m│[0m
[0m[34m1091[0m [0m[34m│[0m public [0m[33mentry[0m fun remove_expired_line(
     [0m[34m│[0m        [0m[33m^^^^^[0m [0m[33m`entry` on `public` functions limits composability as it adds restrictions, e.g. the type of each return value must have `drop`. `entry` on `public` is only meaningful in niche scenarios.[0m
     [0m[34m│[0m
     [0m[34m=[0m `public` functions can be called from PTBs. `entry` can be used to allow non-`public` functions to be called from PTBs, but it adds restrictions on the usage of input arguments and on the type of return values. Unless this `public` function interacts with an intricate set of other `entry` functions, the `entry` modifier should be removed.
     [0m[34m=[0m This warning can be suppressed with '#[allow(lint(public_entry))]' applied to the 'module' or module member ('const', 'fun', or 'struct')

[0m[1m[38;5;11mwarning[W09001][0m[1m: unused alias[0m
  [0m[34m┌─[0m /Users/admin/monorepo/contracts/futarchy_specialized_actions/sources/governance/governance_intents.move:6:19
  [0m[34m│[0m
[0m[34m6[0m [0m[34m│[0m use std::string::{[0m[33mSelf[0m, String};
  [0m[34m│[0m                   [0m[33m^^^^[0m [0m[33mUnused 'use' of alias 'string'. Consider removing it[0m
  [0m[34m│[0m
  [0m[34m=[0m This warning can be suppressed with '#[allow(unused_use)]' applied to the 'module' or module member ('const', 'fun', or 'struct')

[0m[1m[38;5;11mwarning[W02021][0m[1m: duplicate alias[0m
  [0m[34m┌─[0m /Users/admin/monorepo/contracts/futarchy_specialized_actions/sources/governance/governance_intents.move:7:10
  [0m[34m│[0m
[0m[34m7[0m [0m[34m│[0m use std::[0m[33moption[0m;
  [0m[34m│[0m          [0m[33m^^^^^^[0m [0m[33mUnnecessary alias 'option' for module 'std::option'. This alias is provided by default[0m
  [0m[34m│[0m
  [0m[34m=[0m This warning can be suppressed with '#[allow(duplicate_alias)]' applied to the 'module' or module member ('const', 'fun', or 'struct')

[0m[1m[38;5;11mwarning[W02021][0m[1m: duplicate alias[0m
  [0m[34m┌─[0m /Users/admin/monorepo/contracts/futarchy_specialized_actions/sources/governance/governance_intents.move:8:10
  [0m[34m│[0m
[0m[34m8[0m [0m[34m│[0m use std::[0m[33mvector[0m;
  [0m[34m│[0m          [0m[33m^^^^^^[0m [0m[33mUnnecessary alias 'vector' for module 'std::vector'. This alias is provided by default[0m
  [0m[34m│[0m
  [0m[34m=[0m This warning can be suppressed with '#[allow(duplicate_alias)]' applied to the 'module' or module member ('const', 'fun', or 'struct')

[0m[1m[38;5;11mwarning[W09001][0m[1m: unused alias[0m
  [0m[34m┌─[0m /Users/admin/monorepo/contracts/futarchy_specialized_actions/sources/governance/governance_intents.move:8:10
  [0m[34m│[0m
[0m[34m8[0m [0m[34m│[0m use std::[0m[33mvector[0m;
  [0m[34m│[0m          [0m[33m^^^^^^[0m [0m[33mUnused 'use' of alias 'vector'. Consider removing it[0m
  [0m[34m│[0m
  [0m[34m=[0m This alias does not shadow the built-in type 'vector' in type annotations.
  [0m[34m=[0m This warning can be suppressed with '#[allow(unused_use)]' applied to the 'module' or module member ('const', 'fun', or 'struct')

[0m[1m[38;5;11mwarning[W02021][0m[1m: duplicate alias[0m
   [0m[34m┌─[0m /Users/admin/monorepo/contracts/futarchy_specialized_actions/sources/governance/governance_intents.move:11:17
   [0m[34m│[0m
[0m[34m11[0m [0m[34m│[0m     tx_context::[0m[33mTxContext[0m,
   [0m[34m│[0m                 [0m[33m^^^^^^^^^[0m [0m[33mUnnecessary alias 'TxContext' for module member 'sui::tx_context::TxContext'. This alias is provided by default[0m
   [0m[34m│[0m
   [0m[34m=[0m This warning can be suppressed with '#[allow(duplicate_alias)]' applied to the 'module' or module member ('const', 'fun', or 'struct')

[0m[1m[38;5;11mwarning[W02021][0m[1m: duplicate alias[0m
   [0m[34m┌─[0m /Users/admin/monorepo/contracts/futarchy_specialized_actions/sources/governance/governance_intents.move:12:5
   [0m[34m│[0m
[0m[34m12[0m [0m[34m│[0m     [0m[33mobject[0m,
   [0m[34m│[0m     [0m[33m^^^^^^[0m [0m[33mUnnecessary alias 'object' for module 'sui::object'. This alias is provided by default[0m
   [0m[34m│[0m
   [0m[34m=[0m This warning can be suppressed with '#[allow(duplicate_alias)]' applied to the 'module' or module member ('const', 'fun', or 'struct')

[0m[1m[38;5;11mwarning[W09001][0m[1m: unused alias[0m
   [0m[34m┌─[0m /Users/admin/monorepo/contracts/futarchy_specialized_actions/sources/governance/governance_intents.move:12:5
   [0m[34m│[0m
[0m[34m12[0m [0m[34m│[0m     [0m[33mobject[0m,
   [0m[34m│[0m     [0m[33m^^^^^^[0m [0m[33mUnused 'use' of alias 'object'. Consider removing it[0m
   [0m[34m│[0m
   [0m[34m=[0m This warning can be suppressed with '#[allow(unused_use)]' applied to the 'module' or module member ('const', 'fun', or 'struct')

[0m[1m[38;5;11mwarning[W09001][0m[1m: unused alias[0m
   [0m[34m┌─[0m /Users/admin/monorepo/contracts/futarchy_specialized_actions/sources/governance/governance_intents.move:16:18
   [0m[34m│[0m
[0m[34m16[0m [0m[34m│[0m     executable::{[0m[33mSelf[0m, Executable},
   [0m[34m│[0m                  [0m[33m^^^^[0m [0m[33mUnused 'use' of alias 'executable'. Consider removing it[0m
   [0m[34m│[0m
   [0m[34m=[0m This warning can be suppressed with '#[allow(unused_use)]' applied to the 'module' or module member ('const', 'fun', or 'struct')

[0m[1m[38;5;11mwarning[W09001][0m[1m: unused alias[0m
   [0m[34m┌─[0m /Users/admin/monorepo/contracts/futarchy_specialized_actions/sources/governance/governance_intents.move:22:23
   [0m[34m│[0m
[0m[34m22[0m [0m[34m│[0m     futarchy_config::{[0m[33mSelf[0m, FutarchyConfig},
   [0m[34m│[0m                       [0m[33m^^^^[0m [0m[33mUnused 'use' of alias 'futarchy_config'. Consider removing it[0m
   [0m[34m│[0m
   [0m[34m=[0m This warning can be suppressed with '#[allow(unused_use)]' applied to the 'module' or module member ('const', 'fun', or 'struct')

[0m[1m[38;5;11mwarning[W09001][0m[1m: unused alias[0m
   [0m[34m┌─[0m /Users/admin/monorepo/contracts/futarchy_specialized_actions/sources/governance/governance_intents.move:30:1
   [0m[34m│[0m
[0m[34m30[0m [0m[34m│[0m [0m[33muse fun intent_interface::build_intent as Account.build_intent;[0m
   [0m[34m│[0m [0m[33m^^^^^^^^^^^^^^^^^^^^^^^^^^^^^^^^^^^^^^^^^^^^^^^^^^^^^^^^^^^^^^^[0m [0m[33mUnused 'use fun' of 'account_protocol::account::Account.build_intent'. Consider removing it[0m
   [0m[34m│[0m
   [0m[34m=[0m This warning can be suppressed with '#[allow(unused_use)]' applied to the 'module' or module member ('const', 'fun', or 'struct')

[0m[1m[38;5;11mwarning[W09010][0m[1m: unused function type parameter[0m
   [0m[34m┌─[0m /Users/admin/monorepo/contracts/futarchy_specialized_actions/sources/governance/governance_intents.move:45:35
   [0m[34m│[0m
[0m[34m45[0m [0m[34m│[0m public fun create_transfer_intent<[0m[33mCoinType[0m, Outcome: store + drop + copy>(
   [0m[34m│[0m                                   [0m[33m^^^^^^^^[0m [0m[33mUnused type parameter 'CoinType'.[0m
   [0m[34m│[0m
   [0m[34m=[0m This warning can be suppressed with '#[allow(unused_type_parameter)]' applied to the 'module' or module member ('const', 'fun', or 'struct')

Please report feedback on the linter warnings at https://forums.sui.io

Total number of linter warnings suppressed: 2 (unique lints: 1)
Skipping dependency verification
Transaction Digest: 7fy3waZ46AkGczFBYYWAUSRVKXWLTbrFBJLqSxka61vh
╭──────────────────────────────────────────────────────────────────────────────────────────────────────────────╮
│ Transaction Data                                                                                             │
├──────────────────────────────────────────────────────────────────────────────────────────────────────────────┤
│ Sender: 0xcb42e748bffa0e11c8524f67634510e47fc7092a9e116429d9930c5e118816cd                                   │
│ Gas Owner: 0xcb42e748bffa0e11c8524f67634510e47fc7092a9e116429d9930c5e118816cd                                │
│ Gas Budget: 3000000000 MIST                                                                                  │
│ Gas Price: 1000 MIST                                                                                         │
│ Gas Payment:                                                                                                 │
│  ┌──                                                                                                         │
│  │ ID: 0x5a66e4d5010d271d07ebf4373c37b917577ea8905d44def01f939545451c885b                                    │
│  │ Version: 15                                                                                               │
│  │ Digest: 5B5x3MDkvwab7ZHEVAkSuF955qFhqZWc7QXZ7DvViQP4                                                      │
│  └──                                                                                                         │
│                                                                                                              │
│ Transaction Kind: Programmable                                                                               │
│ ╭──────────────────────────────────────────────────────────────────────────────────────────────────────────╮ │
│ │ Input Objects                                                                                            │ │
│ ├──────────────────────────────────────────────────────────────────────────────────────────────────────────┤ │
│ │ 0   Pure Arg: Type: address, Value: "0xcb42e748bffa0e11c8524f67634510e47fc7092a9e116429d9930c5e118816cd" │ │
│ ╰──────────────────────────────────────────────────────────────────────────────────────────────────────────╯ │
│ ╭─────────────────────────────────────────────────────────────────────────╮                                  │
│ │ Commands                                                                │                                  │
│ ├─────────────────────────────────────────────────────────────────────────┤                                  │
│ │ 0  Publish:                                                             │                                  │
│ │  ┌                                                                      │                                  │
│ │  │ Dependencies:                                                        │                                  │
│ │  │   0x008ddacd38e70a6f67a80f99a752663937db70c41aa84ddcb22701bd22f6e74a │                                  │
│ │  │   0x28fe1ebb950c15bcc8efb5aad039b379940eb8bbe96d6eab555cae370fdcee6a │                                  │
│ │  │   0x46ad7fd8bc9a135f880a16f7e1a7e2232657fe690216b2b91d7b7c52007612aa │                                  │
│ │  │   0xe6cb38323ad6d2fcdb4b0ed7c46e98a5619a1972de62e78d11826ac1b2bc55bf │                                  │
│ │  │   0x0000000000000000000000000000000000000000000000000000000000000001 │                                  │
│ │  │   0x0000000000000000000000000000000000000000000000000000000000000002 │                                  │
│ │  │   0xcf4c87cb6b21d0bdb8bf44b3f08b2afd89e889ad852e2b2c45f2ddd8b00c7414 │                                  │
│ │  │   0x74c9197404cf38d669b6e9526bd185c1ebbebbacecbd34208bbf8b682bfae86c │                                  │
│ │  │   0x1d4aafac4b1843e882ed500c15b0db3678b2544930bc6eb8435f5fe0b896d01e │                                  │
│ │  └                                                                      │                                  │
│ │                                                                         │                                  │
│ │ 1  TransferObjects:                                                     │                                  │
│ │  ┌                                                                      │                                  │
│ │  │ Arguments:                                                           │                                  │
│ │  │   Result 0                                                           │                                  │
│ │  │ Address: Input  0                                                    │                                  │
│ │  └                                                                      │                                  │
│ ╰─────────────────────────────────────────────────────────────────────────╯                                  │
│                                                                                                              │
│ Signatures:                                                                                                  │
│    M6VCmR/syXbiGV5t+LZJrg6eVzTq3pIOJ+cGq2fkBI08wZ5Km9oxwkFHw0kkBy+enRs2zF+M+BiX5VX2ILvwBQ==                  │
│                                                                                                              │
╰──────────────────────────────────────────────────────────────────────────────────────────────────────────────╯
╭───────────────────────────────────────────────────────────────────────────────────────────────────╮
│ Transaction Effects                                                                               │
├───────────────────────────────────────────────────────────────────────────────────────────────────┤
│ Digest: 7fy3waZ46AkGczFBYYWAUSRVKXWLTbrFBJLqSxka61vh                                              │
│ Status: Success                                                                                   │
│ Executed Epoch: 3                                                                                 │
│                                                                                                   │
│ Created Objects:                                                                                  │
│  ┌──                                                                                              │
│  │ ID: 0x9fae0c33f998044383a2b614171b586f29f20518a8bbee94f560b8c207e8824e                         │
│  │ Owner: Account Address ( 0xcb42e748bffa0e11c8524f67634510e47fc7092a9e116429d9930c5e118816cd )  │
│  │ Version: 16                                                                                    │
│  │ Digest: 9JpHhP3aKAC95jbKWPqht43hVwCtNcHFeXrF5NcYN9h5                                           │
│  └──                                                                                              │
│  ┌──                                                                                              │
│  │ ID: 0xc94a5b1566151aca1e9506b183a220a5912e8cd33d6ba8daf4961aae54834d12                         │
│  │ Owner: Immutable                                                                               │
│  │ Version: 1                                                                                     │
│  │ Digest: B17eGW9kNKuNwt75HuXmZQqMbiaqbTMPhZKxU2oSrXeR                                           │
│  └──                                                                                              │
│ Mutated Objects:                                                                                  │
│  ┌──                                                                                              │
│  │ ID: 0x5a66e4d5010d271d07ebf4373c37b917577ea8905d44def01f939545451c885b                         │
│  │ Owner: Account Address ( 0xcb42e748bffa0e11c8524f67634510e47fc7092a9e116429d9930c5e118816cd )  │
│  │ Version: 16                                                                                    │
│  │ Digest: DWEGG7RhwTFzRLtJmZjk1nuWm6SfuJdWKuycWTinH3ye                                           │
│  └──                                                                                              │
│ Gas Object:                                                                                       │
│  ┌──                                                                                              │
│  │ ID: 0x5a66e4d5010d271d07ebf4373c37b917577ea8905d44def01f939545451c885b                         │
│  │ Owner: Account Address ( 0xcb42e748bffa0e11c8524f67634510e47fc7092a9e116429d9930c5e118816cd )  │
│  │ Version: 16                                                                                    │
│  │ Digest: DWEGG7RhwTFzRLtJmZjk1nuWm6SfuJdWKuycWTinH3ye                                           │
│  └──                                                                                              │
│ Gas Cost Summary:                                                                                 │
│    Storage Cost: 382576400 MIST                                                                   │
│    Computation Cost: 7000000 MIST                                                                 │
│    Storage Rebate: 978120 MIST                                                                    │
│    Non-refundable Storage Fee: 9880 MIST                                                          │
│                                                                                                   │
│ Transaction Dependencies:                                                                         │
│    VMBiTw9YHg96U5bzd3gSMHnWgCtW4ErtQQohVxzdtuh                                                    │
│    2Cq5KffR4TtY4CJrYCkjVC4WSw5iyaCx6k2mQsqnePL2                                                   │
│    5LAfsvrJSS4z6uCXDM9b5LwTttx6SxggG1gTQRDnaS8W                                                   │
│    5oPeCX4ASdBTB7wWkXgDNXuEygBMbUofPShugGqLoTVU                                                   │
│    6o4wxdYFxSqDisAj3B15s6uoQxFJNdbXXJMNFcGAo6cE                                                   │
│    AKq299TDbHY6ghPQpQ4yvbNszS5kJM2CVv9D468KmuRH                                                   │
│    B5rWcmGXY4Nv9NkgGJkYAZn9Ye8pbpJFhxfywKveQQkG                                                   │
│    BcbwmHDvjayGkyXCBsb216mhM2cDCDyEGyQ6eNbpiV4H                                                   │
│    EUjd7rTzg2C4Mht3ePJdQqntYekJMAjgTicmvgWa9YKT                                                   │
╰───────────────────────────────────────────────────────────────────────────────────────────────────╯
╭─────────────────────────────╮
│ No transaction block events │
╰─────────────────────────────╯

╭──────────────────────────────────────────────────────────────────────────────────────────────────────────────────────────────────────────────────────────────────────────────────────────────────────────────────╮
│ Object Changes                                                                                                                                                                                                   │
├──────────────────────────────────────────────────────────────────────────────────────────────────────────────────────────────────────────────────────────────────────────────────────────────────────────────────┤
│ Created Objects:                                                                                                                                                                                                 │
│  ┌──                                                                                                                                                                                                             │
│  │ ObjectID: 0x9fae0c33f998044383a2b614171b586f29f20518a8bbee94f560b8c207e8824e                                                                                                                                  │
│  │ Sender: 0xcb42e748bffa0e11c8524f67634510e47fc7092a9e116429d9930c5e118816cd                                                                                                                                    │
│  │ Owner: Account Address ( 0xcb42e748bffa0e11c8524f67634510e47fc7092a9e116429d9930c5e118816cd )                                                                                                                 │
│  │ ObjectType: 0x2::package::UpgradeCap                                                                                                                                                                          │
│  │ Version: 16                                                                                                                                                                                                   │
│  │ Digest: 9JpHhP3aKAC95jbKWPqht43hVwCtNcHFeXrF5NcYN9h5                                                                                                                                                          │
│  └──                                                                                                                                                                                                             │
│ Mutated Objects:                                                                                                                                                                                                 │
│  ┌──                                                                                                                                                                                                             │
│  │ ObjectID: 0x5a66e4d5010d271d07ebf4373c37b917577ea8905d44def01f939545451c885b                                                                                                                                  │
│  │ Sender: 0xcb42e748bffa0e11c8524f67634510e47fc7092a9e116429d9930c5e118816cd                                                                                                                                    │
│  │ Owner: Account Address ( 0xcb42e748bffa0e11c8524f67634510e47fc7092a9e116429d9930c5e118816cd )                                                                                                                 │
│  │ ObjectType: 0x2::coin::Coin<0x2::sui::SUI>                                                                                                                                                                    │
│  │ Version: 16                                                                                                                                                                                                   │
│  │ Digest: DWEGG7RhwTFzRLtJmZjk1nuWm6SfuJdWKuycWTinH3ye                                                                                                                                                          │
│  └──                                                                                                                                                                                                             │
│ Published Objects:                                                                                                                                                                                               │
│  ┌──                                                                                                                                                                                                             │
│  │ PackageID: 0xc94a5b1566151aca1e9506b183a220a5912e8cd33d6ba8daf4961aae54834d12                                                                                                                                 │
│  │ Version: 1                                                                                                                                                                                                    │
│  │ Digest: B17eGW9kNKuNwt75HuXmZQqMbiaqbTMPhZKxU2oSrXeR                                                                                                                                                          │
│  │ Modules: governance_intents, operating_agreement, operating_agreement_actions, operating_agreement_dispatcher, operating_agreement_intents, oracle_actions, stream_actions, stream_dispatcher, stream_intents │
│  └──                                                                                                                                                                                                             │
╰──────────────────────────────────────────────────────────────────────────────────────────────────────────────────────────────────────────────────────────────────────────────────────────────────────────────────╯
╭───────────────────────────────────────────────────────────────────────────────────────────────────╮
│ Balance Changes                                                                                   │
├───────────────────────────────────────────────────────────────────────────────────────────────────┤
│  ┌──                                                                                              │
│  │ Owner: Account Address ( 0xcb42e748bffa0e11c8524f67634510e47fc7092a9e116429d9930c5e118816cd )  │
│  │ CoinType: 0x2::sui::SUI                                                                        │
│  │ Amount: -388598280                                                                             │
│  └──                                                                                              │
╰───────────────────────────────────────────────────────────────────────────────────────────────────╯
