[Warning]: Dependency sources are no longer verified automatically during publication and upgrade, so the `--skip-dependency-verification` flag is no longer necessary.
INCLUDING DEPENDENCY futarchy_specialized_actions
INCLUDING DEPENDENCY futarchy_multisig
INCLUDING DEPENDENCY futarchy_vault
INCLUDING DEPENDENCY AccountActions
INCLUDING DEPENDENCY Kiosk
INCLUDING DEPENDENCY futarchy_core
INCLUDING DEPENDENCY AccountProtocol
INCLUDING DEPENDENCY AccountExtensions
INCLUDING DEPENDENCY futarchy_markets
INCLUDING DEPENDENCY futarchy_one_shot_utils
INCLUDING DEPENDENCY Bridge
INCLUDING DEPENDENCY SuiSystem
INCLUDING DEPENDENCY Sui
INCLUDING DEPENDENCY MoveStdlib
BUILDING futarchy_lifecycle
[0m[1m[38;5;11mwarning[W01004][0m[1m: invalid documentation comment[0m
    [0m[34m┌─[0m /Users/admin/monorepo/contracts/futarchy_lifecycle/../futarchy_markets/sources/spot/spot_oracle_interface.move:199:1
    [0m[34m│[0m  
[0m[34m199[0m [0m[34m│[0m [0m[33m╭[0m [0m[33m/// Example: How a lending protocol would use this[0m
[0m[34m200[0m [0m[34m│[0m [0m[33m│[0m [0m[33m/// [0m
[0m[34m201[0m [0m[34m│[0m [0m[33m│[0m [0m[33m/// ```move[0m
[0m[34m202[0m [0m[34m│[0m [0m[33m│[0m [0m[33m/// // In lending protocol[0m
    [0m[34m·[0m [0m[33m│[0m
[0m[34m217[0m [0m[34m│[0m [0m[33m│[0m [0m[33m/// [0m
[0m[34m218[0m [0m[34m│[0m [0m[33m│[0m [0m[33m/// It just gets a continuous price feed that never stops.[0m
    [0m[34m│[0m [0m[33m╰[0m[0m[33m──────────────────────────────────────────────────────────^ Documentation comment cannot be matched to a language item[0m

[0m[1m[38;5;11mwarning[W02021][0m[1m: duplicate alias[0m
  [0m[34m┌─[0m /Users/admin/monorepo/contracts/futarchy_lifecycle/sources/factory/launchpad.move:6:27
  [0m[34m│[0m
[0m[34m6[0m [0m[34m│[0m use std::option::{Self as [0m[33moption[0m, Option};
  [0m[34m│[0m                           [0m[33m^^^^^^[0m [0m[33mUnnecessary alias 'option' for module 'std::option'. This alias is provided by default[0m
  [0m[34m│[0m
  [0m[34m=[0m This warning can be suppressed with '#[allow(duplicate_alias)]' applied to the 'module' or module member ('const', 'fun', or 'struct')

[0m[1m[38;5;11mwarning[W02021][0m[1m: duplicate alias[0m
  [0m[34m┌─[0m /Users/admin/monorepo/contracts/futarchy_lifecycle/sources/factory/launchpad.move:6:35
  [0m[34m│[0m
[0m[34m6[0m [0m[34m│[0m use std::option::{Self as option, [0m[33mOption[0m};
  [0m[34m│[0m                                   [0m[33m^^^^^^[0m [0m[33mUnnecessary alias 'Option' for module member 'std::option::Option'. This alias is provided by default[0m
  [0m[34m│[0m
  [0m[34m=[0m This warning can be suppressed with '#[allow(duplicate_alias)]' applied to the 'module' or module member ('const', 'fun', or 'struct')

[0m[1m[38;5;11mwarning[W02021][0m[1m: duplicate alias[0m
  [0m[34m┌─[0m /Users/admin/monorepo/contracts/futarchy_lifecycle/sources/factory/launchpad.move:7:10
  [0m[34m│[0m
[0m[34m7[0m [0m[34m│[0m use std::[0m[33mvector[0m;
  [0m[34m│[0m          [0m[33m^^^^^^[0m [0m[33mUnnecessary alias 'vector' for module 'std::vector'. This alias is provided by default[0m
  [0m[34m│[0m
  [0m[34m=[0m This warning can be suppressed with '#[allow(duplicate_alias)]' applied to the 'module' or module member ('const', 'fun', or 'struct')

[0m[1m[38;5;11mwarning[W02021][0m[1m: duplicate alias[0m
   [0m[34m┌─[0m /Users/admin/monorepo/contracts/futarchy_lifecycle/sources/factory/launchpad.move:13:19
   [0m[34m│[0m
[0m[34m13[0m [0m[34m│[0m use sui::object::{[0m[33mSelf[0m, UID, ID};
   [0m[34m│[0m                   [0m[33m^^^^[0m [0m[33mUnnecessary alias 'object' for module 'sui::object'. This alias is provided by default[0m
   [0m[34m│[0m
   [0m[34m=[0m This warning can be suppressed with '#[allow(duplicate_alias)]' applied to the 'module' or module member ('const', 'fun', or 'struct')

[0m[1m[38;5;11mwarning[W02021][0m[1m: duplicate alias[0m
   [0m[34m┌─[0m /Users/admin/monorepo/contracts/futarchy_lifecycle/sources/factory/launchpad.move:13:25
   [0m[34m│[0m
[0m[34m13[0m [0m[34m│[0m use sui::object::{Self, [0m[33mUID[0m, ID};
   [0m[34m│[0m                         [0m[33m^^^[0m [0m[33mUnnecessary alias 'UID' for module member 'sui::object::UID'. This alias is provided by default[0m
   [0m[34m│[0m
   [0m[34m=[0m This warning can be suppressed with '#[allow(duplicate_alias)]' applied to the 'module' or module member ('const', 'fun', or 'struct')

[0m[1m[38;5;11mwarning[W02021][0m[1m: duplicate alias[0m
   [0m[34m┌─[0m /Users/admin/monorepo/contracts/futarchy_lifecycle/sources/factory/launchpad.move:13:30
   [0m[34m│[0m
[0m[34m13[0m [0m[34m│[0m use sui::object::{Self, UID, [0m[33mID[0m};
   [0m[34m│[0m                              [0m[33m^^[0m [0m[33mUnnecessary alias 'ID' for module member 'sui::object::ID'. This alias is provided by default[0m
   [0m[34m│[0m
   [0m[34m=[0m This warning can be suppressed with '#[allow(duplicate_alias)]' applied to the 'module' or module member ('const', 'fun', or 'struct')

[0m[1m[38;5;11mwarning[W02021][0m[1m: duplicate alias[0m
   [0m[34m┌─[0m /Users/admin/monorepo/contracts/futarchy_lifecycle/sources/factory/launchpad.move:14:22
   [0m[34m│[0m
[0m[34m14[0m [0m[34m│[0m use sui::tx_context::[0m[33mTxContext[0m;
   [0m[34m│[0m                      [0m[33m^^^^^^^^^[0m [0m[33mUnnecessary alias 'TxContext' for module member 'sui::tx_context::TxContext'. This alias is provided by default[0m
   [0m[34m│[0m
   [0m[34m=[0m This warning can be suppressed with '#[allow(duplicate_alias)]' applied to the 'module' or module member ('const', 'fun', or 'struct')

[0m[1m[38;5;11mwarning[W09011][0m[1m: unused constant[0m
   [0m[34m┌─[0m /Users/admin/monorepo/contracts/futarchy_lifecycle/sources/factory/launchpad.move:31:7
   [0m[34m│[0m
[0m[34m31[0m [0m[34m│[0m const [0m[33mENotUSDC[0m: u64 = 12;
   [0m[34m│[0m       [0m[33m^^^^^^^^[0m [0m[33mThe constant 'ENotUSDC' is never used. Consider removing it.[0m
   [0m[34m│[0m
   [0m[34m=[0m This warning can be suppressed with '#[allow(unused_const)]' applied to the 'module' or module member ('const', 'fun', or 'struct')

[0m[1m[38;5;11mwarning[W09009][0m[1m: unused struct field[0m
    [0m[34m┌─[0m /Users/admin/monorepo/contracts/futarchy_lifecycle/sources/factory/launchpad.move:193:5
    [0m[34m│[0m
[0m[34m193[0m [0m[34m│[0m     [0m[33mraise_id[0m: ID,
    [0m[34m│[0m     [0m[33m^^^^^^^^[0m [0m[33mThe 'raise_id' field of the 'ContributionAdded' type is unused[0m
    [0m[34m│[0m
    [0m[34m=[0m This warning can be suppressed with '#[allow(unused_field)]' applied to the 'module' or module member ('const', 'fun', or 'struct')

[0m[1m[38;5;11mwarning[W09009][0m[1m: unused struct field[0m
    [0m[34m┌─[0m /Users/admin/monorepo/contracts/futarchy_lifecycle/sources/factory/launchpad.move:194:5
    [0m[34m│[0m
[0m[34m194[0m [0m[34m│[0m     [0m[33mcontributor[0m: address,
    [0m[34m│[0m     [0m[33m^^^^^^^^^^^[0m [0m[33mThe 'contributor' field of the 'ContributionAdded' type is unused[0m
    [0m[34m│[0m
    [0m[34m=[0m This warning can be suppressed with '#[allow(unused_field)]' applied to the 'module' or module member ('const', 'fun', or 'struct')

[0m[1m[38;5;11mwarning[W09009][0m[1m: unused struct field[0m
    [0m[34m┌─[0m /Users/admin/monorepo/contracts/futarchy_lifecycle/sources/factory/launchpad.move:195:5
    [0m[34m│[0m
[0m[34m195[0m [0m[34m│[0m     [0m[33mamount[0m: u64,
    [0m[34m│[0m     [0m[33m^^^^^^[0m [0m[33mThe 'amount' field of the 'ContributionAdded' type is unused[0m
    [0m[34m│[0m
    [0m[34m=[0m This warning can be suppressed with '#[allow(unused_field)]' applied to the 'module' or module member ('const', 'fun', or 'struct')

[0m[1m[38;5;11mwarning[W09009][0m[1m: unused struct field[0m
    [0m[34m┌─[0m /Users/admin/monorepo/contracts/futarchy_lifecycle/sources/factory/launchpad.move:196:5
    [0m[34m│[0m
[0m[34m196[0m [0m[34m│[0m     [0m[33mnew_total_raised[0m: u64,
    [0m[34m│[0m     [0m[33m^^^^^^^^^^^^^^^^[0m [0m[33mThe 'new_total_raised' field of the 'ContributionAdded' type is unused[0m
    [0m[34m│[0m
    [0m[34m=[0m This warning can be suppressed with '#[allow(unused_field)]' applied to the 'module' or module member ('const', 'fun', or 'struct')

[0m[1m[38;5;11mwarning[Lint W99010][0m[1m: unnecessary `entry` on a `public` function[0m
    [0m[34m┌─[0m /Users/admin/monorepo/contracts/futarchy_lifecycle/sources/factory/launchpad.move:266:8
    [0m[34m│[0m
[0m[34m266[0m [0m[34m│[0m public [0m[33mentry[0m fun create_raise_with_founder_rewards<RaiseToken: drop, StableCoin: drop>(
    [0m[34m│[0m        [0m[33m^^^^^[0m [0m[33m`entry` on `public` functions limits composability as it adds restrictions, e.g. the type of each return value must have `drop`. `entry` on `public` is only meaningful in niche scenarios.[0m
    [0m[34m│[0m
    [0m[34m=[0m `public` functions can be called from PTBs. `entry` can be used to allow non-`public` functions to be called from PTBs, but it adds restrictions on the usage of input arguments and on the type of return values. Unless this `public` function interacts with an intricate set of other `entry` functions, the `entry` modifier should be removed.
    [0m[34m=[0m This warning can be suppressed with '#[allow(lint(public_entry))]' applied to the 'module' or module member ('const', 'fun', or 'struct')

[0m[1m[38;5;11mwarning[W09002][0m[1m: unused variable[0m
    [0m[34m┌─[0m /Users/admin/monorepo/contracts/futarchy_lifecycle/sources/factory/launchpad.move:316:9
    [0m[34m│[0m
[0m[34m316[0m [0m[34m│[0m     let [0m[33mtokens_for_sale_amount[0m = if (with_founder_rewards) {
    [0m[34m│[0m         [0m[33m^^^^^^^^^^^^^^^^^^^^^^[0m [0m[33mUnused local variable 'tokens_for_sale_amount'. Consider removing or prefixing with an underscore: '_tokens_for_sale_amount'[0m
    [0m[34m│[0m
    [0m[34m=[0m This warning can be suppressed with '#[allow(unused_variable)]' applied to the 'module' or module member ('const', 'fun', or 'struct')

[0m[1m[38;5;11mwarning[Lint W99010][0m[1m: unnecessary `entry` on a `public` function[0m
    [0m[34m┌─[0m /Users/admin/monorepo/contracts/futarchy_lifecycle/sources/factory/launchpad.move:343:8
    [0m[34m│[0m
[0m[34m343[0m [0m[34m│[0m public [0m[33mentry[0m fun create_raise<RaiseToken: drop, StableCoin: drop>(
    [0m[34m│[0m        [0m[33m^^^^^[0m [0m[33m`entry` on `public` functions limits composability as it adds restrictions, e.g. the type of each return value must have `drop`. `entry` on `public` is only meaningful in niche scenarios.[0m
    [0m[34m│[0m
    [0m[34m=[0m `public` functions can be called from PTBs. `entry` can be used to allow non-`public` functions to be called from PTBs, but it adds restrictions on the usage of input arguments and on the type of return values. Unless this `public` function interacts with an intricate set of other `entry` functions, the `entry` modifier should be removed.
    [0m[34m=[0m This warning can be suppressed with '#[allow(lint(public_entry))]' applied to the 'module' or module member ('const', 'fun', or 'struct')

[0m[1m[38;5;11mwarning[Lint W99010][0m[1m: unnecessary `entry` on a `public` function[0m
    [0m[34m┌─[0m /Users/admin/monorepo/contracts/futarchy_lifecycle/sources/factory/launchpad.move:384:8
    [0m[34m│[0m
[0m[34m384[0m [0m[34m│[0m public [0m[33mentry[0m fun contribute_with_cap<RaiseToken, StableCoin>(
    [0m[34m│[0m        [0m[33m^^^^^[0m [0m[33m`entry` on `public` functions limits composability as it adds restrictions, e.g. the type of each return value must have `drop`. `entry` on `public` is only meaningful in niche scenarios.[0m
    [0m[34m│[0m
    [0m[34m=[0m `public` functions can be called from PTBs. `entry` can be used to allow non-`public` functions to be called from PTBs, but it adds restrictions on the usage of input arguments and on the type of return values. Unless this `public` function interacts with an intricate set of other `entry` functions, the `entry` modifier should be removed.
    [0m[34m=[0m This warning can be suppressed with '#[allow(lint(public_entry))]' applied to the 'module' or module member ('const', 'fun', or 'struct')

[0m[1m[38;5;11mwarning[Lint W99010][0m[1m: unnecessary `entry` on a `public` function[0m
    [0m[34m┌─[0m /Users/admin/monorepo/contracts/futarchy_lifecycle/sources/factory/launchpad.move:448:8
    [0m[34m│[0m
[0m[34m448[0m [0m[34m│[0m public [0m[33mentry[0m fun contribute<RaiseToken, StableCoin>(
    [0m[34m│[0m        [0m[33m^^^^^[0m [0m[33m`entry` on `public` functions limits composability as it adds restrictions, e.g. the type of each return value must have `drop`. `entry` on `public` is only meaningful in niche scenarios.[0m
    [0m[34m│[0m
    [0m[34m=[0m `public` functions can be called from PTBs. `entry` can be used to allow non-`public` functions to be called from PTBs, but it adds restrictions on the usage of input arguments and on the type of return values. Unless this `public` function interacts with an intricate set of other `entry` functions, the `entry` modifier should be removed.
    [0m[34m=[0m This warning can be suppressed with '#[allow(lint(public_entry))]' applied to the 'module' or module member ('const', 'fun', or 'struct')

[0m[1m[38;5;11mwarning[Lint W99010][0m[1m: unnecessary `entry` on a `public` function[0m
    [0m[34m┌─[0m /Users/admin/monorepo/contracts/futarchy_lifecycle/sources/factory/launchpad.move:460:8
    [0m[34m│[0m
[0m[34m460[0m [0m[34m│[0m public [0m[33mentry[0m fun update_cap<RaiseToken, StableCoin>(
    [0m[34m│[0m        [0m[33m^^^^^[0m [0m[33m`entry` on `public` functions limits composability as it adds restrictions, e.g. the type of each return value must have `drop`. `entry` on `public` is only meaningful in niche scenarios.[0m
    [0m[34m│[0m
    [0m[34m=[0m `public` functions can be called from PTBs. `entry` can be used to allow non-`public` functions to be called from PTBs, but it adds restrictions on the usage of input arguments and on the type of return values. Unless this `public` function interacts with an intricate set of other `entry` functions, the `entry` modifier should be removed.
    [0m[34m=[0m This warning can be suppressed with '#[allow(lint(public_entry))]' applied to the 'module' or module member ('const', 'fun', or 'struct')

[0m[1m[38;5;11mwarning[W09008][0m[1m: unused function[0m
    [0m[34m┌─[0m /Users/admin/monorepo/contracts/futarchy_lifecycle/sources/factory/launchpad.move:512:5
    [0m[34m│[0m
[0m[34m512[0m [0m[34m│[0m fun [0m[33mparent[0m(i: u64): u64 { if (i == 0) 0 else (i - 1) / 2 }
    [0m[34m│[0m     [0m[33m^^^^^^[0m [0m[33mThe non-'public', non-'entry' function 'parent' is never called. Consider removing it.[0m
    [0m[34m│[0m
    [0m[34m=[0m This warning can be suppressed with '#[allow(unused_function)]' applied to the 'module' or module member ('const', 'fun', or 'struct')

[0m[1m[38;5;11mwarning[Lint W99010][0m[1m: unnecessary `entry` on a `public` function[0m
    [0m[34m┌─[0m /Users/admin/monorepo/contracts/futarchy_lifecycle/sources/factory/launchpad.move:596:8
    [0m[34m│[0m
[0m[34m596[0m [0m[34m│[0m public [0m[33mentry[0m fun crank_settlement<RT, SC>(
    [0m[34m│[0m        [0m[33m^^^^^[0m [0m[33m`entry` on `public` functions limits composability as it adds restrictions, e.g. the type of each return value must have `drop`. `entry` on `public` is only meaningful in niche scenarios.[0m
    [0m[34m│[0m
    [0m[34m=[0m `public` functions can be called from PTBs. `entry` can be used to allow non-`public` functions to be called from PTBs, but it adds restrictions on the usage of input arguments and on the type of return values. Unless this `public` function interacts with an intricate set of other `entry` functions, the `entry` modifier should be removed.
    [0m[34m=[0m This warning can be suppressed with '#[allow(lint(public_entry))]' applied to the 'module' or module member ('const', 'fun', or 'struct')

[0m[1m[38;5;11mwarning[Lint W99010][0m[1m: unnecessary `entry` on a `public` function[0m
    [0m[34m┌─[0m /Users/admin/monorepo/contracts/futarchy_lifecycle/sources/factory/launchpad.move:675:8
    [0m[34m│[0m
[0m[34m675[0m [0m[34m│[0m public [0m[33mentry[0m fun start_settlement<RT, SC>(
    [0m[34m│[0m        [0m[33m^^^^^[0m [0m[33m`entry` on `public` functions limits composability as it adds restrictions, e.g. the type of each return value must have `drop`. `entry` on `public` is only meaningful in niche scenarios.[0m
    [0m[34m│[0m
    [0m[34m=[0m `public` functions can be called from PTBs. `entry` can be used to allow non-`public` functions to be called from PTBs, but it adds restrictions on the usage of input arguments and on the type of return values. Unless this `public` function interacts with an intricate set of other `entry` functions, the `entry` modifier should be removed.
    [0m[34m=[0m This warning can be suppressed with '#[allow(lint(public_entry))]' applied to the 'module' or module member ('const', 'fun', or 'struct')

[0m[1m[38;5;11mwarning[Lint W99000][0m[1m: possible owned object share[0m
    [0m[34m┌─[0m /Users/admin/monorepo/contracts/futarchy_lifecycle/sources/factory/launchpad.move:681:5
    [0m[34m│[0m
[0m[34m103[0m [0m[34m│[0m public struct CapSettlement has key, store {
    [0m[34m│[0m                                      [0m[34m-----[0m [0m[34mPotentially an owned object because 'store' grants access to public transfers[0m
    [0m[34m·[0m
[0m[34m568[0m [0m[34m│[0m ): CapSettlement {
    [0m[34m│[0m    [0m[34m-------------[0m [0m[34mA potentially owned object coming from here[0m
    [0m[34m·[0m
[0m[34m681[0m [0m[34m│[0m     [0m[33mtransfer::public_share_object(settlement)[0m;
    [0m[34m│[0m     [0m[33m^^^^^^^^^^^^^^^^^^^^^^^^^^^^^^^^^^^^^^^^^[0m
    [0m[34m│[0m     [0m[33m│[0m                             [0m[34m│[0m
    [0m[34m│[0m     [0m[33m│[0m                             [0m[34mCreating a fresh object and sharing it within the same function will ensure this does not abort.[0m
    [0m[34m│[0m     [0m[33mPotential abort from a (potentially) owned object created by a different transaction.[0m
    [0m[34m│[0m
    [0m[34m=[0m This warning can be suppressed with '#[allow(lint(share_owned))]' applied to the 'module' or module member ('const', 'fun', or 'struct')

[0m[1m[38;5;11mwarning[Lint W99010][0m[1m: unnecessary `entry` on a `public` function[0m
    [0m[34m┌─[0m /Users/admin/monorepo/contracts/futarchy_lifecycle/sources/factory/launchpad.move:685:8
    [0m[34m│[0m
[0m[34m685[0m [0m[34m│[0m public [0m[33mentry[0m fun complete_settlement<RT, SC>(
    [0m[34m│[0m        [0m[33m^^^^^[0m [0m[33m`entry` on `public` functions limits composability as it adds restrictions, e.g. the type of each return value must have `drop`. `entry` on `public` is only meaningful in niche scenarios.[0m
    [0m[34m│[0m
    [0m[34m=[0m `public` functions can be called from PTBs. `entry` can be used to allow non-`public` functions to be called from PTBs, but it adds restrictions on the usage of input arguments and on the type of return values. Unless this `public` function interacts with an intricate set of other `entry` functions, the `entry` modifier should be removed.
    [0m[34m=[0m This warning can be suppressed with '#[allow(lint(public_entry))]' applied to the 'module' or module member ('const', 'fun', or 'struct')

[0m[1m[38;5;11mwarning[Lint W99010][0m[1m: unnecessary `entry` on a `public` function[0m
    [0m[34m┌─[0m /Users/admin/monorepo/contracts/futarchy_lifecycle/sources/factory/launchpad.move:694:8
    [0m[34m│[0m
[0m[34m694[0m [0m[34m│[0m public [0m[33mentry[0m fun claim_success_and_create_dao<RaiseToken: drop, StableCoin: drop>(
    [0m[34m│[0m        [0m[33m^^^^^[0m [0m[33m`entry` on `public` functions limits composability as it adds restrictions, e.g. the type of each return value must have `drop`. `entry` on `public` is only meaningful in niche scenarios.[0m
    [0m[34m│[0m
    [0m[34m=[0m `public` functions can be called from PTBs. `entry` can be used to allow non-`public` functions to be called from PTBs, but it adds restrictions on the usage of input arguments and on the type of return values. Unless this `public` function interacts with an intricate set of other `entry` functions, the `entry` modifier should be removed.
    [0m[34m=[0m This warning can be suppressed with '#[allow(lint(public_entry))]' applied to the 'module' or module member ('const', 'fun', or 'struct')

[0m[1m[38;5;11mwarning[Lint W99010][0m[1m: unnecessary `entry` on a `public` function[0m
    [0m[34m┌─[0m /Users/admin/monorepo/contracts/futarchy_lifecycle/sources/factory/launchpad.move:784:8
    [0m[34m│[0m
[0m[34m784[0m [0m[34m│[0m public [0m[33mentry[0m fun claim_tokens<RaiseToken, StableCoin>(
    [0m[34m│[0m        [0m[33m^^^^^[0m [0m[33m`entry` on `public` functions limits composability as it adds restrictions, e.g. the type of each return value must have `drop`. `entry` on `public` is only meaningful in niche scenarios.[0m
    [0m[34m│[0m
    [0m[34m=[0m `public` functions can be called from PTBs. `entry` can be used to allow non-`public` functions to be called from PTBs, but it adds restrictions on the usage of input arguments and on the type of return values. Unless this `public` function interacts with an intricate set of other `entry` functions, the `entry` modifier should be removed.
    [0m[34m=[0m This warning can be suppressed with '#[allow(lint(public_entry))]' applied to the 'module' or module member ('const', 'fun', or 'struct')

[0m[1m[38;5;11mwarning[Lint W99010][0m[1m: unnecessary `entry` on a `public` function[0m
    [0m[34m┌─[0m /Users/admin/monorepo/contracts/futarchy_lifecycle/sources/factory/launchpad.move:832:8
    [0m[34m│[0m
[0m[34m832[0m [0m[34m│[0m public [0m[33mentry[0m fun claim_refund_ineligible<RaiseToken, StableCoin>(
    [0m[34m│[0m        [0m[33m^^^^^[0m [0m[33m`entry` on `public` functions limits composability as it adds restrictions, e.g. the type of each return value must have `drop`. `entry` on `public` is only meaningful in niche scenarios.[0m
    [0m[34m│[0m
    [0m[34m=[0m `public` functions can be called from PTBs. `entry` can be used to allow non-`public` functions to be called from PTBs, but it adds restrictions on the usage of input arguments and on the type of return values. Unless this `public` function interacts with an intricate set of other `entry` functions, the `entry` modifier should be removed.
    [0m[34m=[0m This warning can be suppressed with '#[allow(lint(public_entry))]' applied to the 'module' or module member ('const', 'fun', or 'struct')

[0m[1m[38;5;11mwarning[Lint W99010][0m[1m: unnecessary `entry` on a `public` function[0m
    [0m[34m┌─[0m /Users/admin/monorepo/contracts/futarchy_lifecycle/sources/factory/launchpad.move:868:8
    [0m[34m│[0m
[0m[34m868[0m [0m[34m│[0m public [0m[33mentry[0m fun claim_refund<RaiseToken, StableCoin>(
    [0m[34m│[0m        [0m[33m^^^^^[0m [0m[33m`entry` on `public` functions limits composability as it adds restrictions, e.g. the type of each return value must have `drop`. `entry` on `public` is only meaningful in niche scenarios.[0m
    [0m[34m│[0m
    [0m[34m=[0m `public` functions can be called from PTBs. `entry` can be used to allow non-`public` functions to be called from PTBs, but it adds restrictions on the usage of input arguments and on the type of return values. Unless this `public` function interacts with an intricate set of other `entry` functions, the `entry` modifier should be removed.
    [0m[34m=[0m This warning can be suppressed with '#[allow(lint(public_entry))]' applied to the 'module' or module member ('const', 'fun', or 'struct')

[0m[1m[38;5;11mwarning[Lint W99010][0m[1m: unnecessary `entry` on a `public` function[0m
    [0m[34m┌─[0m /Users/admin/monorepo/contracts/futarchy_lifecycle/sources/factory/launchpad.move:917:8
    [0m[34m│[0m
[0m[34m917[0m [0m[34m│[0m public [0m[33mentry[0m fun sweep_dust<RaiseToken, StableCoin>(
    [0m[34m│[0m        [0m[33m^^^^^[0m [0m[33m`entry` on `public` functions limits composability as it adds restrictions, e.g. the type of each return value must have `drop`. `entry` on `public` is only meaningful in niche scenarios.[0m
    [0m[34m│[0m
    [0m[34m=[0m `public` functions can be called from PTBs. `entry` can be used to allow non-`public` functions to be called from PTBs, but it adds restrictions on the usage of input arguments and on the type of return values. Unless this `public` function interacts with an intricate set of other `entry` functions, the `entry` modifier should be removed.
    [0m[34m=[0m This warning can be suppressed with '#[allow(lint(public_entry))]' applied to the 'module' or module member ('const', 'fun', or 'struct')

[0m[1m[38;5;11mwarning[W04037][0m[1m: deprecated usage[0m
    [0m[34m┌─[0m /Users/admin/monorepo/contracts/futarchy_lifecycle/sources/factory/launchpad.move:973:38
    [0m[34m│[0m
[0m[34m973[0m [0m[34m│[0m         raise_token_type: type_name::[0m[33mget[0m<RaiseToken>().into_string().to_string(),
    [0m[34m│[0m                                      [0m[33m^^^[0m [0m[33mThe function 'std::type_name::get' is deprecated: Renamed to `with_defining_ids` for clarity.[0m
    [0m[34m│[0m
    [0m[34m=[0m This warning can be suppressed with '#[allow(deprecated_usage)]' applied to the 'module' or module member ('const', 'fun', or 'struct')

[0m[1m[38;5;11mwarning[W04037][0m[1m: deprecated usage[0m
    [0m[34m┌─[0m /Users/admin/monorepo/contracts/futarchy_lifecycle/sources/factory/launchpad.move:974:38
    [0m[34m│[0m
[0m[34m974[0m [0m[34m│[0m         stable_coin_type: type_name::[0m[33mget[0m<StableCoin>().into_string().to_string(),
    [0m[34m│[0m                                      [0m[33m^^^[0m [0m[33mThe function 'std::type_name::get' is deprecated: Renamed to `with_defining_ids` for clarity.[0m
    [0m[34m│[0m
    [0m[34m=[0m This warning can be suppressed with '#[allow(deprecated_usage)]' applied to the 'module' or module member ('const', 'fun', or 'struct')

[0m[1m[38;5;11mwarning[W04037][0m[1m: deprecated usage[0m
     [0m[34m┌─[0m /Users/admin/monorepo/contracts/futarchy_lifecycle/sources/factory/launchpad.move:1019:38
     [0m[34m│[0m
[0m[34m1019[0m [0m[34m│[0m         raise_token_type: type_name::[0m[33mget[0m<RaiseToken>().into_string().to_string(),
     [0m[34m│[0m                                      [0m[33m^^^[0m [0m[33mThe function 'std::type_name::get' is deprecated: Renamed to `with_defining_ids` for clarity.[0m
     [0m[34m│[0m
     [0m[34m=[0m This warning can be suppressed with '#[allow(deprecated_usage)]' applied to the 'module' or module member ('const', 'fun', or 'struct')

[0m[1m[38;5;11mwarning[W04037][0m[1m: deprecated usage[0m
     [0m[34m┌─[0m /Users/admin/monorepo/contracts/futarchy_lifecycle/sources/factory/launchpad.move:1020:38
     [0m[34m│[0m
[0m[34m1020[0m [0m[34m│[0m         stable_coin_type: type_name::[0m[33mget[0m<StableCoin>().into_string().to_string(),
     [0m[34m│[0m                                      [0m[33m^^^[0m [0m[33mThe function 'std::type_name::get' is deprecated: Renamed to `with_defining_ids` for clarity.[0m
     [0m[34m│[0m
     [0m[34m=[0m This warning can be suppressed with '#[allow(deprecated_usage)]' applied to the 'module' or module member ('const', 'fun', or 'struct')

[0m[1m[38;5;11mwarning[W02021][0m[1m: duplicate alias[0m
  [0m[34m┌─[0m /Users/admin/monorepo/contracts/futarchy_lifecycle/sources/factory/launchpad_rewards.move:5:10
  [0m[34m│[0m
[0m[34m5[0m [0m[34m│[0m use std::[0m[33mvector[0m;
  [0m[34m│[0m          [0m[33m^^^^^^[0m [0m[33mUnnecessary alias 'vector' for module 'std::vector'. This alias is provided by default[0m
  [0m[34m│[0m
  [0m[34m=[0m This warning can be suppressed with '#[allow(duplicate_alias)]' applied to the 'module' or module member ('const', 'fun', or 'struct')

[0m[1m[38;5;11mwarning[W02021][0m[1m: duplicate alias[0m
  [0m[34m┌─[0m /Users/admin/monorepo/contracts/futarchy_lifecycle/sources/factory/launchpad_rewards.move:6:19
  [0m[34m│[0m
[0m[34m6[0m [0m[34m│[0m use std::option::{[0m[33mSelf[0m, Option};
  [0m[34m│[0m                   [0m[33m^^^^[0m [0m[33mUnnecessary alias 'option' for module 'std::option'. This alias is provided by default[0m
  [0m[34m│[0m
  [0m[34m=[0m This warning can be suppressed with '#[allow(duplicate_alias)]' applied to the 'module' or module member ('const', 'fun', or 'struct')

[0m[1m[38;5;11mwarning[W02021][0m[1m: duplicate alias[0m
  [0m[34m┌─[0m /Users/admin/monorepo/contracts/futarchy_lifecycle/sources/factory/launchpad_rewards.move:6:25
  [0m[34m│[0m
[0m[34m6[0m [0m[34m│[0m use std::option::{Self, [0m[33mOption[0m};
  [0m[34m│[0m                         [0m[33m^^^^^^[0m [0m[33mUnnecessary alias 'Option' for module member 'std::option::Option'. This alias is provided by default[0m
  [0m[34m│[0m
  [0m[34m=[0m This warning can be suppressed with '#[allow(duplicate_alias)]' applied to the 'module' or module member ('const', 'fun', or 'struct')

[0m[1m[38;5;11mwarning[W09001][0m[1m: unused alias[0m
  [0m[34m┌─[0m /Users/admin/monorepo/contracts/futarchy_lifecycle/sources/factory/launchpad_rewards.move:6:25
  [0m[34m│[0m
[0m[34m6[0m [0m[34m│[0m use std::option::{Self, [0m[33mOption[0m};
  [0m[34m│[0m                         [0m[33m^^^^^^[0m [0m[33mUnused 'use' of alias 'Option'. Consider removing it[0m
  [0m[34m│[0m
  [0m[34m=[0m This warning can be suppressed with '#[allow(unused_use)]' applied to the 'module' or module member ('const', 'fun', or 'struct')

[0m[1m[38;5;11mwarning[W02021][0m[1m: duplicate alias[0m
  [0m[34m┌─[0m /Users/admin/monorepo/contracts/futarchy_lifecycle/sources/factory/launchpad_rewards.move:9:22
  [0m[34m│[0m
[0m[34m9[0m [0m[34m│[0m use sui::tx_context::[0m[33mTxContext[0m;
  [0m[34m│[0m                      [0m[33m^^^^^^^^^[0m [0m[33mUnnecessary alias 'TxContext' for module member 'sui::tx_context::TxContext'. This alias is provided by default[0m
  [0m[34m│[0m
  [0m[34m=[0m This warning can be suppressed with '#[allow(duplicate_alias)]' applied to the 'module' or module member ('const', 'fun', or 'struct')

[0m[1m[38;5;11mwarning[W09002][0m[1m: unused variable[0m
   [0m[34m┌─[0m /Users/admin/monorepo/contracts/futarchy_lifecycle/sources/factory/launchpad_rewards.move:63:5
   [0m[34m│[0m
[0m[34m63[0m [0m[34m│[0m     [0m[33mctx[0m: &mut TxContext,
   [0m[34m│[0m     [0m[33m^^^[0m [0m[33mUnused parameter 'ctx'. Consider removing or prefixing with an underscore: '_ctx'[0m
   [0m[34m│[0m
   [0m[34m=[0m This warning can be suppressed with '#[allow(unused_variable)]' applied to the 'module' or module member ('const', 'fun', or 'struct')

[0m[1m[38;5;11mwarning[W09014][0m[1m: unused mutable reference '&mut' parameter[0m
   [0m[34m┌─[0m /Users/admin/monorepo/contracts/futarchy_lifecycle/sources/factory/launchpad_rewards.move:63:10
   [0m[34m│[0m
[0m[34m63[0m [0m[34m│[0m     ctx: [0m[33m&mut TxContext[0m,
   [0m[34m│[0m     [0m[34m---[0m  [0m[33m^^^^^^^^^^^^^^[0m [0m[33mMutable reference is never used mutably, consider switching to an immutable reference '&' instead[0m
   [0m[34m│[0m     [0m[34m│[0m     
   [0m[34m│[0m     [0m[34mFor parameters, this can be silenced by prefixing the name with an underscore, e.g. '_ctx'[0m
   [0m[34m│[0m
   [0m[34m=[0m This warning can be suppressed with '#[allow(unused_mut_parameter)]' applied to the 'module' or module member ('const', 'fun', or 'struct')

[0m[1m[38;5;11mwarning[W01004][0m[1m: invalid documentation comment[0m
     [0m[34m┌─[0m /Users/admin/monorepo/contracts/futarchy_lifecycle/../futarchy_core/sources/futarchy_config.move:1141:1
     [0m[34m│[0m  
[0m[34m1141[0m [0m[34m│[0m [0m[33m╭[0m [0m[33m/// Execute a proposal's intent with generic outcome type[0m
[0m[34m1142[0m [0m[34m│[0m [0m[33m│[0m [0m[33m/// Execute a proposal's intent with generic outcome type[0m
[0m[34m1143[0m [0m[34m│[0m [0m[33m│[0m [0m[33m/// This allows standard intents to work with any outcome type[0m
     [0m[34m│[0m [0m[33m╰[0m[0m[33m──────────────────────────────────────────────────────────────^ Documentation comment cannot be matched to a language item[0m

[0m[1m[38;5;11mwarning[W02021][0m[1m: duplicate alias[0m
   [0m[34m┌─[0m /Users/admin/monorepo/contracts/futarchy_lifecycle/sources/factory/factory.move:10:14
   [0m[34m│[0m
[0m[34m10[0m [0m[34m│[0m     option::{[0m[33mSelf[0m, Option},
   [0m[34m│[0m              [0m[33m^^^^[0m [0m[33mUnnecessary alias 'option' for module 'std::option'. This alias is provided by default[0m
   [0m[34m│[0m
   [0m[34m=[0m This warning can be suppressed with '#[allow(duplicate_alias)]' applied to the 'module' or module member ('const', 'fun', or 'struct')

[0m[1m[38;5;11mwarning[W02021][0m[1m: duplicate alias[0m
   [0m[34m┌─[0m /Users/admin/monorepo/contracts/futarchy_lifecycle/sources/factory/factory.move:10:20
   [0m[34m│[0m
[0m[34m10[0m [0m[34m│[0m     option::{Self, [0m[33mOption[0m},
   [0m[34m│[0m                    [0m[33m^^^^^^[0m [0m[33mUnnecessary alias 'Option' for module member 'std::option::Option'. This alias is provided by default[0m
   [0m[34m│[0m
   [0m[34m=[0m This warning can be suppressed with '#[allow(duplicate_alias)]' applied to the 'module' or module member ('const', 'fun', or 'struct')

[0m[1m[38;5;11mwarning[W09001][0m[1m: unused alias[0m
   [0m[34m┌─[0m /Users/admin/monorepo/contracts/futarchy_lifecycle/sources/factory/factory.move:14:12
   [0m[34m│[0m
[0m[34m14[0m [0m[34m│[0m     coin::{[0m[33mSelf[0m, Coin, TreasuryCap},
   [0m[34m│[0m            [0m[33m^^^^[0m [0m[33mUnused 'use' of alias 'coin'. Consider removing it[0m
   [0m[34m│[0m
   [0m[34m=[0m This warning can be suppressed with '#[allow(unused_use)]' applied to the 'module' or module member ('const', 'fun', or 'struct')

[0m[1m[38;5;11mwarning[W02021][0m[1m: duplicate alias[0m
   [0m[34m┌─[0m /Users/admin/monorepo/contracts/futarchy_lifecycle/sources/factory/factory.move:16:14
   [0m[34m│[0m
[0m[34m16[0m [0m[34m│[0m     object::{[0m[33mSelf[0m, ID, UID},
   [0m[34m│[0m              [0m[33m^^^^[0m [0m[33mUnnecessary alias 'object' for module 'sui::object'. This alias is provided by default[0m
   [0m[34m│[0m
   [0m[34m=[0m This warning can be suppressed with '#[allow(duplicate_alias)]' applied to the 'module' or module member ('const', 'fun', or 'struct')

[0m[1m[38;5;11mwarning[W02021][0m[1m: duplicate alias[0m
   [0m[34m┌─[0m /Users/admin/monorepo/contracts/futarchy_lifecycle/sources/factory/factory.move:16:20
   [0m[34m│[0m
[0m[34m16[0m [0m[34m│[0m     object::{Self, [0m[33mID[0m, UID},
   [0m[34m│[0m                    [0m[33m^^[0m [0m[33mUnnecessary alias 'ID' for module member 'sui::object::ID'. This alias is provided by default[0m
   [0m[34m│[0m
   [0m[34m=[0m This warning can be suppressed with '#[allow(duplicate_alias)]' applied to the 'module' or module member ('const', 'fun', or 'struct')

[0m[1m[38;5;11mwarning[W02021][0m[1m: duplicate alias[0m
   [0m[34m┌─[0m /Users/admin/monorepo/contracts/futarchy_lifecycle/sources/factory/factory.move:16:24
   [0m[34m│[0m
[0m[34m16[0m [0m[34m│[0m     object::{Self, ID, [0m[33mUID[0m},
   [0m[34m│[0m                        [0m[33m^^^[0m [0m[33mUnnecessary alias 'UID' for module member 'sui::object::UID'. This alias is provided by default[0m
   [0m[34m│[0m
   [0m[34m=[0m This warning can be suppressed with '#[allow(duplicate_alias)]' applied to the 'module' or module member ('const', 'fun', or 'struct')

[0m[1m[38;5;11mwarning[W02021][0m[1m: duplicate alias[0m
   [0m[34m┌─[0m /Users/admin/monorepo/contracts/futarchy_lifecycle/sources/factory/factory.move:19:5
   [0m[34m│[0m
[0m[34m19[0m [0m[34m│[0m     [0m[33mtransfer[0m,
   [0m[34m│[0m     [0m[33m^^^^^^^^[0m [0m[33mUnnecessary alias 'transfer' for module 'sui::transfer'. This alias is provided by default[0m
   [0m[34m│[0m
   [0m[34m=[0m This warning can be suppressed with '#[allow(duplicate_alias)]' applied to the 'module' or module member ('const', 'fun', or 'struct')

[0m[1m[38;5;11mwarning[W09001][0m[1m: unused alias[0m
   [0m[34m┌─[0m /Users/admin/monorepo/contracts/futarchy_lifecycle/sources/factory/factory.move:23:21
   [0m[34m│[0m
[0m[34m23[0m [0m[34m│[0m     account::{Self, [0m[33mAccount[0m},
   [0m[34m│[0m                     [0m[33m^^^^^^^[0m [0m[33mUnused 'use' of alias 'Account'. Consider removing it[0m
   [0m[34m│[0m
   [0m[34m=[0m This warning can be suppressed with '#[allow(unused_use)]' applied to the 'module' or module member ('const', 'fun', or 'struct')

[0m[1m[38;5;11mwarning[W09001][0m[1m: unused alias[0m
   [0m[34m┌─[0m /Users/admin/monorepo/contracts/futarchy_lifecycle/sources/factory/factory.move:29:29
   [0m[34m│[0m
[0m[34m29[0m [0m[34m│[0m     futarchy_config::{Self, [0m[33mFutarchyConfig[0m, ConfigParams},
   [0m[34m│[0m                             [0m[33m^^^^^^^^^^^^^^[0m [0m[33mUnused 'use' of alias 'FutarchyConfig'. Consider removing it[0m
   [0m[34m│[0m
   [0m[34m=[0m This warning can be suppressed with '#[allow(unused_use)]' applied to the 'module' or module member ('const', 'fun', or 'struct')

[0m[1m[38;5;11mwarning[W09001][0m[1m: unused alias[0m
   [0m[34m┌─[0m /Users/admin/monorepo/contracts/futarchy_lifecycle/sources/factory/factory.move:29:45
   [0m[34m│[0m
[0m[34m29[0m [0m[34m│[0m     futarchy_config::{Self, FutarchyConfig, [0m[33mConfigParams[0m},
   [0m[34m│[0m                                             [0m[33m^^^^^^^^^^^^[0m [0m[33mUnused 'use' of alias 'ConfigParams'. Consider removing it[0m
   [0m[34m│[0m
   [0m[34m=[0m This warning can be suppressed with '#[allow(unused_use)]' applied to the 'module' or module member ('const', 'fun', or 'struct')

[0m[1m[38;5;11mwarning[W09001][0m[1m: unused alias[0m
   [0m[34m┌─[0m /Users/admin/monorepo/contracts/futarchy_lifecycle/sources/factory/factory.move:30:5
   [0m[34m│[0m
[0m[34m30[0m [0m[34m│[0m     [0m[33mdao_config[0m,
   [0m[34m│[0m     [0m[33m^^^^^^^^^^[0m [0m[33mUnused 'use' of alias 'dao_config'. Consider removing it[0m
   [0m[34m│[0m
   [0m[34m=[0m This warning can be suppressed with '#[allow(unused_use)]' applied to the 'module' or module member ('const', 'fun', or 'struct')

[0m[1m[38;5;11mwarning[W09001][0m[1m: unused alias[0m
   [0m[34m┌─[0m /Users/admin/monorepo/contracts/futarchy_lifecycle/sources/factory/factory.move:36:43
   [0m[34m│[0m
[0m[34m36[0m [0m[34m│[0m use futarchy_core::priority_queue::{Self, [0m[33mProposalQueue[0m};
   [0m[34m│[0m                                           [0m[33m^^^^^^^^^^^^^[0m [0m[33mUnused 'use' of alias 'ProposalQueue'. Consider removing it[0m
   [0m[34m│[0m
   [0m[34m=[0m This warning can be suppressed with '#[allow(unused_use)]' applied to the 'module' or module member ('const', 'fun', or 'struct')

[0m[1m[38;5;11mwarning[W09001][0m[1m: unused alias[0m
   [0m[34m┌─[0m /Users/admin/monorepo/contracts/futarchy_lifecycle/sources/factory/factory.move:39:31
   [0m[34m│[0m
[0m[34m39[0m [0m[34m│[0m     account_spot_pool::{Self, [0m[33mAccountSpotPool[0m},
   [0m[34m│[0m                               [0m[33m^^^^^^^^^^^^^^^[0m [0m[33mUnused 'use' of alias 'AccountSpotPool'. Consider removing it[0m
   [0m[34m│[0m
   [0m[34m=[0m This warning can be suppressed with '#[allow(unused_use)]' applied to the 'module' or module member ('const', 'fun', or 'struct')

[0m[1m[38;5;11mwarning[Lint W99010][0m[1m: unnecessary `entry` on a `public` function[0m
    [0m[34m┌─[0m /Users/admin/monorepo/contracts/futarchy_lifecycle/sources/factory/factory.move:140:8
    [0m[34m│[0m
[0m[34m140[0m [0m[34m│[0m public [0m[33mentry[0m fun create_dao<AssetType: drop, StableType>(
    [0m[34m│[0m        [0m[33m^^^^^[0m [0m[33m`entry` on `public` functions limits composability as it adds restrictions, e.g. the type of each return value must have `drop`. `entry` on `public` is only meaningful in niche scenarios.[0m
    [0m[34m│[0m
    [0m[34m=[0m `public` functions can be called from PTBs. `entry` can be used to allow non-`public` functions to be called from PTBs, but it adds restrictions on the usage of input arguments and on the type of return values. Unless this `public` function interacts with an intricate set of other `entry` functions, the `entry` modifier should be removed.
    [0m[34m=[0m This warning can be suppressed with '#[allow(lint(public_entry))]' applied to the 'module' or module member ('const', 'fun', or 'struct')

[0m[1m[38;5;11mwarning[W04037][0m[1m: deprecated usage[0m
    [0m[34m┌─[0m /Users/admin/monorepo/contracts/futarchy_lifecycle/sources/factory/factory.move:219:39
    [0m[34m│[0m
[0m[34m219[0m [0m[34m│[0m     let stable_type_name = type_name::[0m[33mget[0m<StableType>();
    [0m[34m│[0m                                       [0m[33m^^^[0m [0m[33mThe function 'std::type_name::get' is deprecated: Renamed to `with_defining_ids` for clarity.[0m
    [0m[34m│[0m
    [0m[34m=[0m This warning can be suppressed with '#[allow(deprecated_usage)]' applied to the 'module' or module member ('const', 'fun', or 'struct')

[0m[1m[38;5;11mwarning[Lint W99010][0m[1m: unnecessary `entry` on a `public` function[0m
    [0m[34m┌─[0m /Users/admin/monorepo/contracts/futarchy_lifecycle/sources/factory/factory.move:530:8
    [0m[34m│[0m
[0m[34m530[0m [0m[34m│[0m public [0m[33mentry[0m fun toggle_pause(factory: &mut Factory, cap: &FactoryOwnerCap) {
    [0m[34m│[0m        [0m[33m^^^^^[0m [0m[33m`entry` on `public` functions limits composability as it adds restrictions, e.g. the type of each return value must have `drop`. `entry` on `public` is only meaningful in niche scenarios.[0m
    [0m[34m│[0m
    [0m[34m=[0m `public` functions can be called from PTBs. `entry` can be used to allow non-`public` functions to be called from PTBs, but it adds restrictions on the usage of input arguments and on the type of return values. Unless this `public` function interacts with an intricate set of other `entry` functions, the `entry` modifier should be removed.
    [0m[34m=[0m This warning can be suppressed with '#[allow(lint(public_entry))]' applied to the 'module' or module member ('const', 'fun', or 'struct')

[0m[1m[38;5;11mwarning[Lint W99010][0m[1m: unnecessary `entry` on a `public` function[0m
    [0m[34m┌─[0m /Users/admin/monorepo/contracts/futarchy_lifecycle/sources/factory/factory.move:536:8
    [0m[34m│[0m
[0m[34m536[0m [0m[34m│[0m public [0m[33mentry[0m fun add_allowed_stable_type<StableType>(
    [0m[34m│[0m        [0m[33m^^^^^[0m [0m[33m`entry` on `public` functions limits composability as it adds restrictions, e.g. the type of each return value must have `drop`. `entry` on `public` is only meaningful in niche scenarios.[0m
    [0m[34m│[0m
    [0m[34m=[0m `public` functions can be called from PTBs. `entry` can be used to allow non-`public` functions to be called from PTBs, but it adds restrictions on the usage of input arguments and on the type of return values. Unless this `public` function interacts with an intricate set of other `entry` functions, the `entry` modifier should be removed.
    [0m[34m=[0m This warning can be suppressed with '#[allow(lint(public_entry))]' applied to the 'module' or module member ('const', 'fun', or 'struct')

[0m[1m[38;5;11mwarning[W04037][0m[1m: deprecated usage[0m
    [0m[34m┌─[0m /Users/admin/monorepo/contracts/futarchy_lifecycle/sources/factory/factory.move:543:36
    [0m[34m│[0m
[0m[34m543[0m [0m[34m│[0m     let type_name_val = type_name::[0m[33mget[0m<StableType>();
    [0m[34m│[0m                                    [0m[33m^^^[0m [0m[33mThe function 'std::type_name::get' is deprecated: Renamed to `with_defining_ids` for clarity.[0m
    [0m[34m│[0m
    [0m[34m=[0m This warning can be suppressed with '#[allow(deprecated_usage)]' applied to the 'module' or module member ('const', 'fun', or 'struct')

[0m[1m[38;5;11mwarning[Lint W99010][0m[1m: unnecessary `entry` on a `public` function[0m
    [0m[34m┌─[0m /Users/admin/monorepo/contracts/futarchy_lifecycle/sources/factory/factory.move:557:8
    [0m[34m│[0m
[0m[34m557[0m [0m[34m│[0m public [0m[33mentry[0m fun remove_allowed_stable_type<StableType>(
    [0m[34m│[0m        [0m[33m^^^^^[0m [0m[33m`entry` on `public` functions limits composability as it adds restrictions, e.g. the type of each return value must have `drop`. `entry` on `public` is only meaningful in niche scenarios.[0m
    [0m[34m│[0m
    [0m[34m=[0m `public` functions can be called from PTBs. `entry` can be used to allow non-`public` functions to be called from PTBs, but it adds restrictions on the usage of input arguments and on the type of return values. Unless this `public` function interacts with an intricate set of other `entry` functions, the `entry` modifier should be removed.
    [0m[34m=[0m This warning can be suppressed with '#[allow(lint(public_entry))]' applied to the 'module' or module member ('const', 'fun', or 'struct')

[0m[1m[38;5;11mwarning[W04037][0m[1m: deprecated usage[0m
    [0m[34m┌─[0m /Users/admin/monorepo/contracts/futarchy_lifecycle/sources/factory/factory.move:564:36
    [0m[34m│[0m
[0m[34m564[0m [0m[34m│[0m     let type_name_val = type_name::[0m[33mget[0m<StableType>();
    [0m[34m│[0m                                    [0m[33m^^^[0m [0m[33mThe function 'std::type_name::get' is deprecated: Renamed to `with_defining_ids` for clarity.[0m
    [0m[34m│[0m
    [0m[34m=[0m This warning can be suppressed with '#[allow(deprecated_usage)]' applied to the 'module' or module member ('const', 'fun', or 'struct')

[0m[1m[38;5;11mwarning[Lint W99010][0m[1m: unnecessary `entry` on a `public` function[0m
    [0m[34m┌─[0m /Users/admin/monorepo/contracts/futarchy_lifecycle/sources/factory/factory.move:577:8
    [0m[34m│[0m
[0m[34m577[0m [0m[34m│[0m public [0m[33mentry[0m fun burn_factory_owner_cap(factory: &Factory, cap: FactoryOwnerCap) {
    [0m[34m│[0m        [0m[33m^^^^^[0m [0m[33m`entry` on `public` functions limits composability as it adds restrictions, e.g. the type of each return value must have `drop`. `entry` on `public` is only meaningful in niche scenarios.[0m
    [0m[34m│[0m
    [0m[34m=[0m `public` functions can be called from PTBs. `entry` can be used to allow non-`public` functions to be called from PTBs, but it adds restrictions on the usage of input arguments and on the type of return values. Unless this `public` function interacts with an intricate set of other `entry` functions, the `entry` modifier should be removed.
    [0m[34m=[0m This warning can be suppressed with '#[allow(lint(public_entry))]' applied to the 'module' or module member ('const', 'fun', or 'struct')

[0m[1m[38;5;11mwarning[W04037][0m[1m: deprecated usage[0m
    [0m[34m┌─[0m /Users/admin/monorepo/contracts/futarchy_lifecycle/sources/factory/factory.move:599:36
    [0m[34m│[0m
[0m[34m599[0m [0m[34m│[0m     let type_name_val = type_name::[0m[33mget[0m<StableType>();
    [0m[34m│[0m                                    [0m[33m^^^[0m [0m[33mThe function 'std::type_name::get' is deprecated: Renamed to `with_defining_ids` for clarity.[0m
    [0m[34m│[0m
    [0m[34m=[0m This warning can be suppressed with '#[allow(deprecated_usage)]' applied to the 'module' or module member ('const', 'fun', or 'struct')

[0m[1m[38;5;11mwarning[W04037][0m[1m: deprecated usage[0m
    [0m[34m┌─[0m /Users/admin/monorepo/contracts/futarchy_lifecycle/sources/factory/factory.move:606:36
    [0m[34m│[0m
[0m[34m606[0m [0m[34m│[0m     let type_name_obj = type_name::[0m[33mget_with_original_ids[0m<T>();
    [0m[34m│[0m                                    [0m[33m^^^^^^^^^^^^^^^^^^^^^[0m [0m[33mThe function 'std::type_name::get_with_original_ids' is deprecated: Renamed to `with_original_ids` for clarity.[0m
    [0m[34m│[0m
    [0m[34m=[0m This warning can be suppressed with '#[allow(deprecated_usage)]' applied to the 'module' or module member ('const', 'fun', or 'struct')

[0m[1m[38;5;11mwarning[W09001][0m[1m: unused alias[0m
  [0m[34m┌─[0m /Users/admin/monorepo/contracts/futarchy_lifecycle/sources/dissolution/dissolution_actions.move:9:15
  [0m[34m│[0m
[0m[34m9[0m [0m[34m│[0m     balance::{[0m[33mSelf[0m, Balance},
  [0m[34m│[0m               [0m[33m^^^^[0m [0m[33mUnused 'use' of alias 'balance'. Consider removing it[0m
  [0m[34m│[0m
  [0m[34m=[0m This warning can be suppressed with '#[allow(unused_use)]' applied to the 'module' or module member ('const', 'fun', or 'struct')

[0m[1m[38;5;11mwarning[W09001][0m[1m: unused alias[0m
  [0m[34m┌─[0m /Users/admin/monorepo/contracts/futarchy_lifecycle/sources/dissolution/dissolution_actions.move:9:21
  [0m[34m│[0m
[0m[34m9[0m [0m[34m│[0m     balance::{Self, [0m[33mBalance[0m},
  [0m[34m│[0m                     [0m[33m^^^^^^^[0m [0m[33mUnused 'use' of alias 'Balance'. Consider removing it[0m
  [0m[34m│[0m
  [0m[34m=[0m This warning can be suppressed with '#[allow(unused_use)]' applied to the 'module' or module member ('const', 'fun', or 'struct')

[0m[1m[38;5;11mwarning[W02021][0m[1m: duplicate alias[0m
   [0m[34m┌─[0m /Users/admin/monorepo/contracts/futarchy_lifecycle/sources/dissolution/dissolution_actions.move:10:13
   [0m[34m│[0m
[0m[34m10[0m [0m[34m│[0m     object::[0m[33mID[0m,
   [0m[34m│[0m             [0m[33m^^[0m [0m[33mUnnecessary alias 'ID' for module member 'sui::object::ID'. This alias is provided by default[0m
   [0m[34m│[0m
   [0m[34m=[0m This warning can be suppressed with '#[allow(duplicate_alias)]' applied to the 'module' or module member ('const', 'fun', or 'struct')

[0m[1m[38;5;11mwarning[W02021][0m[1m: duplicate alias[0m
   [0m[34m┌─[0m /Users/admin/monorepo/contracts/futarchy_lifecycle/sources/dissolution/dissolution_actions.move:11:5
   [0m[34m│[0m
[0m[34m11[0m [0m[34m│[0m     [0m[33mtransfer[0m,
   [0m[34m│[0m     [0m[33m^^^^^^^^[0m [0m[33mUnnecessary alias 'transfer' for module 'sui::transfer'. This alias is provided by default[0m
   [0m[34m│[0m
   [0m[34m=[0m This warning can be suppressed with '#[allow(duplicate_alias)]' applied to the 'module' or module member ('const', 'fun', or 'struct')

[0m[1m[38;5;11mwarning[W02021][0m[1m: duplicate alias[0m
   [0m[34m┌─[0m /Users/admin/monorepo/contracts/futarchy_lifecycle/sources/dissolution/dissolution_actions.move:13:17
   [0m[34m│[0m
[0m[34m13[0m [0m[34m│[0m     tx_context::[0m[33mTxContext[0m,
   [0m[34m│[0m                 [0m[33m^^^^^^^^^[0m [0m[33mUnnecessary alias 'TxContext' for module member 'sui::tx_context::TxContext'. This alias is provided by default[0m
   [0m[34m│[0m
   [0m[34m=[0m This warning can be suppressed with '#[allow(duplicate_alias)]' applied to the 'module' or module member ('const', 'fun', or 'struct')

[0m[1m[38;5;11mwarning[W09001][0m[1m: unused alias[0m
   [0m[34m┌─[0m /Users/admin/monorepo/contracts/futarchy_lifecycle/sources/dissolution/dissolution_actions.move:23:5
   [0m[34m│[0m
[0m[34m23[0m [0m[34m│[0m     [0m[33mfutarchy_vault[0m,
   [0m[34m│[0m     [0m[33m^^^^^^^^^^^^^^[0m [0m[33mUnused 'use' of alias 'futarchy_vault'. Consider removing it[0m
   [0m[34m│[0m
   [0m[34m=[0m This warning can be suppressed with '#[allow(unused_use)]' applied to the 'module' or module member ('const', 'fun', or 'struct')

[0m[1m[38;5;11mwarning[Lint W99001][0m[1m: non-composable transfer to sender[0m
    [0m[34m┌─[0m /Users/admin/monorepo/contracts/futarchy_lifecycle/sources/dissolution/dissolution_actions.move:456:9
    [0m[34m│[0m
[0m[34m390[0m [0m[34m│[0m public fun do_distribute_assets<Outcome: store, CoinType, IW: drop>(
    [0m[34m│[0m            [0m[34m--------------------[0m [0m[34mReturning an object from a function, allows a caller to use the object and enables composability via programmable transactions.[0m
    [0m[34m·[0m
[0m[34m456[0m [0m[34m│[0m         [0m[33mtransfer::public_transfer(distribution_coin, ctx.sender())[0m;
    [0m[34m│[0m         [0m[33m^^^^^^^^^^^^^^^^^^^^^^^^^^^^^^^^^^^^^^^^^^^^^^^^^^^^^^^^^^[0m
    [0m[34m│[0m         [0m[33m│[0m                                            [0m[34m│[0m
    [0m[34m│[0m         [0m[33m│[0m                                            [0m[34mTransaction sender address coming from here[0m
    [0m[34m│[0m         [0m[33mTransfer of an object to transaction sender address[0m
    [0m[34m│[0m
    [0m[34m=[0m This warning can be suppressed with '#[allow(lint(self_transfer))]' applied to the 'module' or module member ('const', 'fun', or 'struct')

[0m[1m[38;5;11mwarning[W09001][0m[1m: unused alias[0m
   [0m[34m┌─[0m /Users/admin/monorepo/contracts/futarchy_lifecycle/sources/dissolution/dissolution_intents.move:10:15
   [0m[34m│[0m
[0m[34m10[0m [0m[34m│[0m     intents::{[0m[33mSelf[0m, Intent},
   [0m[34m│[0m               [0m[33m^^^^[0m [0m[33mUnused 'use' of alias 'intents'. Consider removing it[0m
   [0m[34m│[0m
   [0m[34m=[0m This warning can be suppressed with '#[allow(unused_use)]' applied to the 'module' or module member ('const', 'fun', or 'struct')

[0m[1m[38;5;11mwarning[W09001][0m[1m: unused alias[0m
   [0m[34m┌─[0m /Users/admin/monorepo/contracts/futarchy_lifecycle/sources/dissolution/dissolution_intents.move:11:5
   [0m[34m│[0m
[0m[34m11[0m [0m[34m│[0m     [0m[33mmetadata[0m,
   [0m[34m│[0m     [0m[33m^^^^^^^^[0m [0m[33mUnused 'use' of alias 'metadata'. Consider removing it[0m
   [0m[34m│[0m
   [0m[34m=[0m This warning can be suppressed with '#[allow(unused_use)]' applied to the 'module' or module member ('const', 'fun', or 'struct')

[0m[1m[38;5;11mwarning[W09010][0m[1m: unused function type parameter[0m
   [0m[34m┌─[0m /Users/admin/monorepo/contracts/futarchy_lifecycle/sources/dissolution/dissolution_intents.move:92:40
   [0m[34m│[0m
[0m[34m92[0m [0m[34m│[0m public fun create_prorata_distribution<[0m[33mCoinType[0m>(
   [0m[34m│[0m                                        [0m[33m^^^^^^^^[0m [0m[33mUnused type parameter 'CoinType'.[0m
   [0m[34m│[0m
   [0m[34m=[0m This warning can be suppressed with '#[allow(unused_type_parameter)]' applied to the 'module' or module member ('const', 'fun', or 'struct')

Please report feedback on the linter warnings at https://forums.sui.io

Total number of linter warnings suppressed: 1 (unique lints: 1)
Skipping dependency verification
Transaction Digest: YNgdbtrhD3MXUznoHqR9Gg1pgMawLBmQogSnkMpxz6Q
╭──────────────────────────────────────────────────────────────────────────────────────────────────────────────╮
│ Transaction Data                                                                                             │
├──────────────────────────────────────────────────────────────────────────────────────────────────────────────┤
│ Sender: 0xcb42e748bffa0e11c8524f67634510e47fc7092a9e116429d9930c5e118816cd                                   │
│ Gas Owner: 0xcb42e748bffa0e11c8524f67634510e47fc7092a9e116429d9930c5e118816cd                                │
│ Gas Budget: 3000000000 MIST                                                                                  │
│ Gas Price: 1000 MIST                                                                                         │
│ Gas Payment:                                                                                                 │
│  ┌──                                                                                                         │
│  │ ID: 0x96eae499fa55b24245d02b451cb6dcdfbd8862447ac53441607543fab94dc2d4                                    │
│  │ Version: 20060                                                                                            │
│  │ Digest: 9JdpedkdSeE4aVW41SHip8ttpo5MS5qP5pMFSJTb52WV                                                      │
│  └──                                                                                                         │
│                                                                                                              │
│ Transaction Kind: Programmable                                                                               │
│ ╭──────────────────────────────────────────────────────────────────────────────────────────────────────────╮ │
│ │ Input Objects                                                                                            │ │
│ ├──────────────────────────────────────────────────────────────────────────────────────────────────────────┤ │
│ │ 0   Pure Arg: Type: address, Value: "0xcb42e748bffa0e11c8524f67634510e47fc7092a9e116429d9930c5e118816cd" │ │
│ ╰──────────────────────────────────────────────────────────────────────────────────────────────────────────╯ │
│ ╭─────────────────────────────────────────────────────────────────────────╮                                  │
│ │ Commands                                                                │                                  │
│ ├─────────────────────────────────────────────────────────────────────────┤                                  │
│ │ 0  Publish:                                                             │                                  │
│ │  ┌                                                                      │                                  │
│ │  │ Dependencies:                                                        │                                  │
│ │  │   0x56cdad1b3e1135d97ac713f69e3d23a7dbbcf6500711b4bb71cbdff46e274491 │                                  │
│ │  │   0x32b220eb8e08ffb4a9e946bdbdd90af6f4fe510f121fed438f3f1e6531eae7dd │                                  │
│ │  │   0x3524efaf502bb2f845416b1cd73c97bd6130a6f28db9384c55c40b358cf96870 │                                  │
│ │  │   0xfac3936ae5b275ea2bd981056ad2d2af4b8e997a101b94a4235455a3770d0b30 │                                  │
│ │  │   0x0000000000000000000000000000000000000000000000000000000000000001 │                                  │
│ │  │   0x0000000000000000000000000000000000000000000000000000000000000002 │                                  │
│ │  │   0x9507a06101f44857b3bdd57ab9a60ffc9fc9afe23e5186f721220a1be41ca863 │                                  │
│ │  │   0x6a549ebafdd9c642532e65c6a8b87a25a13bf3665ddb6c50bde48c8e0cc03964 │                                  │
│ │  │   0x6f22314d606df195552d49f415a108eb4ce760e3af7205166f938ea5bdde7c70 │                                  │
│ │  │   0x34bd77744460768abfd00692b7c40a1a09fdca117b52e7c875a1d722651850fc │                                  │
│ │  │   0xfa9401996c917e62953be31177dcb83a23eb68799bacd159775f4a8e8188ba7f │                                  │
│ │  │   0xb360eeeb047d085e587ae609ad6113df2af0b9b1ec7448bc7ec07069a55f06db │                                  │
│ │  └                                                                      │                                  │
│ │                                                                         │                                  │
│ │ 1  TransferObjects:                                                     │                                  │
│ │  ┌                                                                      │                                  │
│ │  │ Arguments:                                                           │                                  │
│ │  │   Result 0                                                           │                                  │
│ │  │ Address: Input  0                                                    │                                  │
│ │  └                                                                      │                                  │
│ ╰─────────────────────────────────────────────────────────────────────────╯                                  │
│                                                                                                              │
│ Signatures:                                                                                                  │
│    CBZRQGfRb80pyx8g0kVqMHuLINNHXg1HB/UermOoI2/PhPo0+HDwjOsJ8oJDgAgUCzIQPTV5UjIKd9GoB7liDg==                  │
│                                                                                                              │
╰──────────────────────────────────────────────────────────────────────────────────────────────────────────────╯
╭───────────────────────────────────────────────────────────────────────────────────────────────────╮
│ Transaction Effects                                                                               │
├───────────────────────────────────────────────────────────────────────────────────────────────────┤
│ Digest: YNgdbtrhD3MXUznoHqR9Gg1pgMawLBmQogSnkMpxz6Q                                               │
│ Status: Success                                                                                   │
│ Executed Epoch: 162                                                                               │
│                                                                                                   │
│ Created Objects:                                                                                  │
│  ┌──                                                                                              │
│  │ ID: 0x02d827796e389c5143f30688421c9a07703eec12804758ee7ab8d563093cc298                         │
│  │ Owner: Account Address ( 0xcb42e748bffa0e11c8524f67634510e47fc7092a9e116429d9930c5e118816cd )  │
│  │ Version: 20061                                                                                 │
│  │ Digest: 4PBW8eL5DPLtZw9xuN8VCStyoBy3xoWULHcqBatp2RKM                                           │
│  └──                                                                                              │
│  ┌──                                                                                              │
│  │ ID: 0x27314ffd163044f4cd4fd01f157cb5c08f6590a995c7022e7d35c11c9cfcb6e8                         │
│  │ Owner: Account Address ( 0xcb42e748bffa0e11c8524f67634510e47fc7092a9e116429d9930c5e118816cd )  │
│  │ Version: 20061                                                                                 │
│  │ Digest: 3yQgA15bNZ7GGgEpnZ15AcS3VHim3isVizvcF5RoWMDD                                           │
│  └──                                                                                              │
│  ┌──                                                                                              │
│  │ ID: 0x2dc40e64fd0edea2dcdf43d4b99b3fbba72d18475a84b8187f154c96b57afb78                         │
│  │ Owner: Account Address ( 0xcb42e748bffa0e11c8524f67634510e47fc7092a9e116429d9930c5e118816cd )  │
│  │ Version: 20061                                                                                 │
│  │ Digest: AAuNuufjCuHpasegfuZAnNsuzpY1KqWUnNJ35BfygRk                                            │
│  └──                                                                                              │
│  ┌──                                                                                              │
│  │ ID: 0x8bb8acb321f2ee60120c7abc9ff8da094d7eb72fc133cc6c68a5d9480513ca77                         │
│  │ Owner: Shared( 20061 )                                                                         │
│  │ Version: 20061                                                                                 │
│  │ Digest: 6ygjXdFFSZeAt65dRtqcdFSY6TExvdWo6ibUA9JjdKU8                                           │
│  └──                                                                                              │
│  ┌──                                                                                              │
│  │ ID: 0x9ec194f9d5bb53efd7368e3683c9e28cd126b64bda3ce4f0dd3ca904f2d16d73                         │
│  │ Owner: Immutable                                                                               │
│  │ Version: 1                                                                                     │
│  │ Digest: 9qfn5HMBjX8rCfLLLAyXEzUMrf4xcCW5TK5mbEn5xFNz                                           │
│  └──                                                                                              │
│ Mutated Objects:                                                                                  │
│  ┌──                                                                                              │
│  │ ID: 0x96eae499fa55b24245d02b451cb6dcdfbd8862447ac53441607543fab94dc2d4                         │
│  │ Owner: Account Address ( 0xcb42e748bffa0e11c8524f67634510e47fc7092a9e116429d9930c5e118816cd )  │
│  │ Version: 20061                                                                                 │
│  │ Digest: 54ikC6kCLrSemXQ7o54Zq4G4mPHnjzrH4svemweb41GH                                           │
│  └──                                                                                              │
│ Gas Object:                                                                                       │
│  ┌──                                                                                              │
│  │ ID: 0x96eae499fa55b24245d02b451cb6dcdfbd8862447ac53441607543fab94dc2d4                         │
│  │ Owner: Account Address ( 0xcb42e748bffa0e11c8524f67634510e47fc7092a9e116429d9930c5e118816cd )  │
│  │ Version: 20061                                                                                 │
│  │ Digest: 54ikC6kCLrSemXQ7o54Zq4G4mPHnjzrH4svemweb41GH                                           │
│  └──                                                                                              │
│ Gas Cost Summary:                                                                                 │
│    Storage Cost: 199196000 MIST                                                                   │
│    Computation Cost: 6000000 MIST                                                                 │
│    Storage Rebate: 978120 MIST                                                                    │
│    Non-refundable Storage Fee: 9880 MIST                                                          │
│                                                                                                   │
│ Transaction Dependencies:                                                                         │
│    2bVy5rFVipKukqeBycphyovJofY393GQWsrSA1UrSQ5h                                                   │
│    5fAazmK1axnC13oPGgAJ8GENrBnULXQvXtDGSGK9Ecnc                                                   │
│    5yLrGGmc2ETUhR4bwbidnSpApsuvfaJAYpDyNQBsQo3E                                                   │
│    7uhZX6LjHKTEEYL3osKyG6FznyHmo55pixnFJNUqWmx7                                                   │
│    9BWwnXoWBuFKFsVDG2eyMo2uQRz3wHmMcKht2GeBAUg3                                                   │
│    CYoQBEk37Q5K4SQ3vgdbZ8ohaRs6fRBAasBXgGkT7Mi9                                                   │
│    ChtuNikQYwKwMPSNYJLgbWweqxDkQr5yP1rTEWfYFZUF                                                   │
│    DxSNLpyZHukwq6xPqSjauDankyXmZVep5wfLAizgff5v                                                   │
│    FXazR5kXB3MpgnAfZQCCxdCzWkM9SQVtPEhojpBzBujS                                                   │
│    Gum3EUuN7JgRJFryEEX8w86WB6SUWzTKtfpjNHKQ8RMM                                                   │
│    HTJ6mf7Mygxd9RCk3KBsn5DwqEkXDMrztYxdJwt6h4tG                                                   │
╰───────────────────────────────────────────────────────────────────────────────────────────────────╯
╭─────────────────────────────╮
│ No transaction block events │
╰─────────────────────────────╯

╭─────────────────────────────────────────────────────────────────────────────────────────────────────────────────────╮
│ Object Changes                                                                                                      │
├─────────────────────────────────────────────────────────────────────────────────────────────────────────────────────┤
│ Created Objects:                                                                                                    │
│  ┌──                                                                                                                │
│  │ ObjectID: 0x02d827796e389c5143f30688421c9a07703eec12804758ee7ab8d563093cc298                                     │
│  │ Sender: 0xcb42e748bffa0e11c8524f67634510e47fc7092a9e116429d9930c5e118816cd                                       │
│  │ Owner: Account Address ( 0xcb42e748bffa0e11c8524f67634510e47fc7092a9e116429d9930c5e118816cd )                    │
│  │ ObjectType: 0x9ec194f9d5bb53efd7368e3683c9e28cd126b64bda3ce4f0dd3ca904f2d16d73::factory::ValidatorAdminCap       │
│  │ Version: 20061                                                                                                   │
│  │ Digest: 4PBW8eL5DPLtZw9xuN8VCStyoBy3xoWULHcqBatp2RKM                                                             │
│  └──                                                                                                                │
│  ┌──                                                                                                                │
│  │ ObjectID: 0x27314ffd163044f4cd4fd01f157cb5c08f6590a995c7022e7d35c11c9cfcb6e8                                     │
│  │ Sender: 0xcb42e748bffa0e11c8524f67634510e47fc7092a9e116429d9930c5e118816cd                                       │
│  │ Owner: Account Address ( 0xcb42e748bffa0e11c8524f67634510e47fc7092a9e116429d9930c5e118816cd )                    │
│  │ ObjectType: 0x9ec194f9d5bb53efd7368e3683c9e28cd126b64bda3ce4f0dd3ca904f2d16d73::factory::FactoryOwnerCap         │
│  │ Version: 20061                                                                                                   │
│  │ Digest: 3yQgA15bNZ7GGgEpnZ15AcS3VHim3isVizvcF5RoWMDD                                                             │
│  └──                                                                                                                │
│  ┌──                                                                                                                │
│  │ ObjectID: 0x2dc40e64fd0edea2dcdf43d4b99b3fbba72d18475a84b8187f154c96b57afb78                                     │
│  │ Sender: 0xcb42e748bffa0e11c8524f67634510e47fc7092a9e116429d9930c5e118816cd                                       │
│  │ Owner: Account Address ( 0xcb42e748bffa0e11c8524f67634510e47fc7092a9e116429d9930c5e118816cd )                    │
│  │ ObjectType: 0x2::package::UpgradeCap                                                                             │
│  │ Version: 20061                                                                                                   │
│  │ Digest: AAuNuufjCuHpasegfuZAnNsuzpY1KqWUnNJ35BfygRk                                                              │
│  └──                                                                                                                │
│  ┌──                                                                                                                │
│  │ ObjectID: 0x8bb8acb321f2ee60120c7abc9ff8da094d7eb72fc133cc6c68a5d9480513ca77                                     │
│  │ Sender: 0xcb42e748bffa0e11c8524f67634510e47fc7092a9e116429d9930c5e118816cd                                       │
│  │ Owner: Shared( 20061 )                                                                                           │
│  │ ObjectType: 0x9ec194f9d5bb53efd7368e3683c9e28cd126b64bda3ce4f0dd3ca904f2d16d73::factory::Factory                 │
│  │ Version: 20061                                                                                                   │
│  │ Digest: 6ygjXdFFSZeAt65dRtqcdFSY6TExvdWo6ibUA9JjdKU8                                                             │
│  └──                                                                                                                │
│ Mutated Objects:                                                                                                    │
│  ┌──                                                                                                                │
│  │ ObjectID: 0x96eae499fa55b24245d02b451cb6dcdfbd8862447ac53441607543fab94dc2d4                                     │
│  │ Sender: 0xcb42e748bffa0e11c8524f67634510e47fc7092a9e116429d9930c5e118816cd                                       │
│  │ Owner: Account Address ( 0xcb42e748bffa0e11c8524f67634510e47fc7092a9e116429d9930c5e118816cd )                    │
│  │ ObjectType: 0x2::coin::Coin<0x2::sui::SUI>                                                                       │
│  │ Version: 20061                                                                                                   │
│  │ Digest: 54ikC6kCLrSemXQ7o54Zq4G4mPHnjzrH4svemweb41GH                                                             │
│  └──                                                                                                                │
│ Published Objects:                                                                                                  │
│  ┌──                                                                                                                │
│  │ PackageID: 0x9ec194f9d5bb53efd7368e3683c9e28cd126b64bda3ce4f0dd3ca904f2d16d73                                    │
│  │ Version: 1                                                                                                       │
│  │ Digest: 9qfn5HMBjX8rCfLLLAyXEzUMrf4xcCW5TK5mbEn5xFNz                                                             │
│  │ Modules: dissolution_actions, dissolution_dispatcher, dissolution_intents, factory, launchpad, launchpad_rewards │
│  └──                                                                                                                │
╰─────────────────────────────────────────────────────────────────────────────────────────────────────────────────────╯
╭───────────────────────────────────────────────────────────────────────────────────────────────────╮
│ Balance Changes                                                                                   │
├───────────────────────────────────────────────────────────────────────────────────────────────────┤
│  ┌──                                                                                              │
│  │ Owner: Account Address ( 0xcb42e748bffa0e11c8524f67634510e47fc7092a9e116429d9930c5e118816cd )  │
│  │ CoinType: 0x2::sui::SUI                                                                        │
│  │ Amount: -204217880                                                                             │
│  └──                                                                                              │
╰───────────────────────────────────────────────────────────────────────────────────────────────────╯
