[Warning]: Dependency sources are no longer verified automatically during publication and upgrade, so the `--skip-dependency-verification` flag is no longer necessary.
INCLUDING DEPENDENCY Bridge
INCLUDING DEPENDENCY SuiSystem
INCLUDING DEPENDENCY Sui
INCLUDING DEPENDENCY MoveStdlib
BUILDING futarchy_one_shot_utils
[0m[1m[38;5;11mwarning[W02021][0m[1m: duplicate alias[0m
  [0m[34m┌─[0m /Users/admin/monorepo/contracts/futarchy_one_shot_utils/sources/binary_heap.move:5:10
  [0m[34m│[0m
[0m[34m5[0m [0m[34m│[0m use std::[0m[33mvector[0m;
  [0m[34m│[0m          [0m[33m^^^^^^[0m [0m[33mUnnecessary alias 'vector' for module 'std::vector'. This alias is provided by default[0m
  [0m[34m│[0m
  [0m[34m=[0m This warning can be suppressed with '#[allow(duplicate_alias)]' applied to the 'module' or module member ('const', 'fun', or 'struct')

[0m[1m[38;5;11mwarning[W09001][0m[1m: unused alias[0m
  [0m[34m┌─[0m /Users/admin/monorepo/contracts/futarchy_one_shot_utils/sources/metadata.move:5:22
  [0m[34m│[0m
[0m[34m5[0m [0m[34m│[0m use sui::bag::{Self, [0m[33mBag[0m};
  [0m[34m│[0m                      [0m[33m^^^[0m [0m[33mUnused 'use' of alias 'Bag'. Consider removing it[0m
  [0m[34m│[0m
  [0m[34m=[0m This warning can be suppressed with '#[allow(unused_use)]' applied to the 'module' or module member ('const', 'fun', or 'struct')

[0m[1m[38;5;11mwarning[W02021][0m[1m: duplicate alias[0m
  [0m[34m┌─[0m /Users/admin/monorepo/contracts/futarchy_one_shot_utils/sources/unique_key.move:5:11
  [0m[34m│[0m
[0m[34m5[0m [0m[34m│[0m use sui::{[0m[33mobject[0m, tx_context::TxContext};
  [0m[34m│[0m           [0m[33m^^^^^^[0m [0m[33mUnnecessary alias 'object' for module 'sui::object'. This alias is provided by default[0m
  [0m[34m│[0m
  [0m[34m=[0m This warning can be suppressed with '#[allow(duplicate_alias)]' applied to the 'module' or module member ('const', 'fun', or 'struct')

[0m[1m[38;5;11mwarning[W02021][0m[1m: duplicate alias[0m
  [0m[34m┌─[0m /Users/admin/monorepo/contracts/futarchy_one_shot_utils/sources/unique_key.move:5:31
  [0m[34m│[0m
[0m[34m5[0m [0m[34m│[0m use sui::{object, tx_context::[0m[33mTxContext[0m};
  [0m[34m│[0m                               [0m[33m^^^^^^^^^[0m [0m[33mUnnecessary alias 'TxContext' for module member 'sui::tx_context::TxContext'. This alias is provided by default[0m
  [0m[34m│[0m
  [0m[34m=[0m This warning can be suppressed with '#[allow(duplicate_alias)]' applied to the 'module' or module member ('const', 'fun', or 'struct')

[0m[1m[38;5;11mwarning[W09002][0m[1m: unused variable[0m
   [0m[34m┌─[0m /Users/admin/monorepo/contracts/futarchy_one_shot_utils/sources/vectors.move:65:55
   [0m[34m│[0m
[0m[34m65[0m [0m[34m│[0m public fun merge_coins<T>(mut coins: vector<Coin<T>>, [0m[33mctx[0m: &mut TxContext): Coin<T> {
   [0m[34m│[0m                                                       [0m[33m^^^[0m [0m[33mUnused parameter 'ctx'. Consider removing or prefixing with an underscore: '_ctx'[0m
   [0m[34m│[0m
   [0m[34m=[0m This warning can be suppressed with '#[allow(unused_variable)]' applied to the 'module' or module member ('const', 'fun', or 'struct')

Skipping dependency verification
Transaction Digest: 4u6JNCx8Jpo6GZKNRgzPq5rACdxAGYrTVUnzRQGskD5Z
╭──────────────────────────────────────────────────────────────────────────────────────────────────────────────╮
│ Transaction Data                                                                                             │
├──────────────────────────────────────────────────────────────────────────────────────────────────────────────┤
│ Sender: 0xcb42e748bffa0e11c8524f67634510e47fc7092a9e116429d9930c5e118816cd                                   │
│ Gas Owner: 0xcb42e748bffa0e11c8524f67634510e47fc7092a9e116429d9930c5e118816cd                                │
│ Gas Budget: 3000000000 MIST                                                                                  │
│ Gas Price: 1000 MIST                                                                                         │
│ Gas Payment:                                                                                                 │
│  ┌──                                                                                                         │
│  │ ID: 0xdfe76b072f976231368b0481816b2ccbdd43a76040ed2b0cca191e5a05d8ec74                                    │
│  │ Version: 20053                                                                                            │
│  │ Digest: 4qNYgMAJqavd4rys89zxc35JLTpEwNT3VshFmcFvF4C9                                                      │
│  └──                                                                                                         │
│                                                                                                              │
│ Transaction Kind: Programmable                                                                               │
│ ╭──────────────────────────────────────────────────────────────────────────────────────────────────────────╮ │
│ │ Input Objects                                                                                            │ │
│ ├──────────────────────────────────────────────────────────────────────────────────────────────────────────┤ │
│ │ 0   Pure Arg: Type: address, Value: "0xcb42e748bffa0e11c8524f67634510e47fc7092a9e116429d9930c5e118816cd" │ │
│ ╰──────────────────────────────────────────────────────────────────────────────────────────────────────────╯ │
│ ╭─────────────────────────────────────────────────────────────────────────╮                                  │
│ │ Commands                                                                │                                  │
│ ├─────────────────────────────────────────────────────────────────────────┤                                  │
│ │ 0  Publish:                                                             │                                  │
│ │  ┌                                                                      │                                  │
│ │  │ Dependencies:                                                        │                                  │
│ │  │   0x0000000000000000000000000000000000000000000000000000000000000001 │                                  │
│ │  │   0x0000000000000000000000000000000000000000000000000000000000000002 │                                  │
│ │  └                                                                      │                                  │
│ │                                                                         │                                  │
│ │ 1  TransferObjects:                                                     │                                  │
│ │  ┌                                                                      │                                  │
│ │  │ Arguments:                                                           │                                  │
│ │  │   Result 0                                                           │                                  │
│ │  │ Address: Input  0                                                    │                                  │
│ │  └                                                                      │                                  │
│ ╰─────────────────────────────────────────────────────────────────────────╯                                  │
│                                                                                                              │
│ Signatures:                                                                                                  │
│    1kML64AxwV5rq2C22ykBBpuuxXJoSji5IsS6UJFfZT6u2jBpNlXdzHVtrYrLyns9+nqjpcmftUqfSwTWukKtAw==                  │
│                                                                                                              │
╰──────────────────────────────────────────────────────────────────────────────────────────────────────────────╯
╭───────────────────────────────────────────────────────────────────────────────────────────────────╮
│ Transaction Effects                                                                               │
├───────────────────────────────────────────────────────────────────────────────────────────────────┤
│ Digest: 4u6JNCx8Jpo6GZKNRgzPq5rACdxAGYrTVUnzRQGskD5Z                                              │
│ Status: Success                                                                                   │
│ Executed Epoch: 162                                                                               │
│                                                                                                   │
│ Created Objects:                                                                                  │
│  ┌──                                                                                              │
│  │ ID: 0x058549672a0a259390d9cc90af9cff7989a2cbf154c0f18c791838bef2144eb5                         │
│  │ Owner: Account Address ( 0xcb42e748bffa0e11c8524f67634510e47fc7092a9e116429d9930c5e118816cd )  │
│  │ Version: 20054                                                                                 │
│  │ Digest: 4QT4rRxZxFqKv3nTTZ8sYNoTN7UMsXLbGwkJbSryBz4t                                           │
│  └──                                                                                              │
│  ┌──                                                                                              │
│  │ ID: 0x57872170d84e77e3b258cf676f59c7a81a8ecbc47fbd8e60eb9cc8ba01b48f96                         │
│  │ Owner: Immutable                                                                               │
│  │ Version: 1                                                                                     │
│  │ Digest: A2NgVnTA6dejVusKDxEc56uDKKCXTtWBojhsAd8RiyXC                                           │
│  └──                                                                                              │
│ Mutated Objects:                                                                                  │
│  ┌──                                                                                              │
│  │ ID: 0xdfe76b072f976231368b0481816b2ccbdd43a76040ed2b0cca191e5a05d8ec74                         │
│  │ Owner: Account Address ( 0xcb42e748bffa0e11c8524f67634510e47fc7092a9e116429d9930c5e118816cd )  │
│  │ Version: 20054                                                                                 │
│  │ Digest: GJR6bGFBfDWd5PPySYV5Hj922fKvLdKB1ddNuRH6C9fD                                           │
│  └──                                                                                              │
│ Gas Object:                                                                                       │
│  ┌──                                                                                              │
│  │ ID: 0xdfe76b072f976231368b0481816b2ccbdd43a76040ed2b0cca191e5a05d8ec74                         │
│  │ Owner: Account Address ( 0xcb42e748bffa0e11c8524f67634510e47fc7092a9e116429d9930c5e118816cd )  │
│  │ Version: 20054                                                                                 │
│  │ Digest: GJR6bGFBfDWd5PPySYV5Hj922fKvLdKB1ddNuRH6C9fD                                           │
│  └──                                                                                              │
│ Gas Cost Summary:                                                                                 │
│    Storage Cost: 66781200 MIST                                                                    │
│    Computation Cost: 1000000 MIST                                                                 │
│    Storage Rebate: 978120 MIST                                                                    │
│    Non-refundable Storage Fee: 9880 MIST                                                          │
│                                                                                                   │
│ Transaction Dependencies:                                                                         │
│    5fAazmK1axnC13oPGgAJ8GENrBnULXQvXtDGSGK9Ecnc                                                   │
│    CvZsMKPsNLAYapZdcdZ4Cqi7fZAFC76zwL93FPWRX9Hf                                                   │
╰───────────────────────────────────────────────────────────────────────────────────────────────────╯
╭─────────────────────────────╮
│ No transaction block events │
╰─────────────────────────────╯

╭──────────────────────────────────────────────────────────────────────────────────────────────────╮
│ Object Changes                                                                                   │
├──────────────────────────────────────────────────────────────────────────────────────────────────┤
│ Created Objects:                                                                                 │
│  ┌──                                                                                             │
│  │ ObjectID: 0x058549672a0a259390d9cc90af9cff7989a2cbf154c0f18c791838bef2144eb5                  │
│  │ Sender: 0xcb42e748bffa0e11c8524f67634510e47fc7092a9e116429d9930c5e118816cd                    │
│  │ Owner: Account Address ( 0xcb42e748bffa0e11c8524f67634510e47fc7092a9e116429d9930c5e118816cd ) │
│  │ ObjectType: 0x2::package::UpgradeCap                                                          │
│  │ Version: 20054                                                                                │
│  │ Digest: 4QT4rRxZxFqKv3nTTZ8sYNoTN7UMsXLbGwkJbSryBz4t                                          │
│  └──                                                                                             │
│ Mutated Objects:                                                                                 │
│  ┌──                                                                                             │
│  │ ObjectID: 0xdfe76b072f976231368b0481816b2ccbdd43a76040ed2b0cca191e5a05d8ec74                  │
│  │ Sender: 0xcb42e748bffa0e11c8524f67634510e47fc7092a9e116429d9930c5e118816cd                    │
│  │ Owner: Account Address ( 0xcb42e748bffa0e11c8524f67634510e47fc7092a9e116429d9930c5e118816cd ) │
│  │ ObjectType: 0x2::coin::Coin<0x2::sui::SUI>                                                    │
│  │ Version: 20054                                                                                │
│  │ Digest: GJR6bGFBfDWd5PPySYV5Hj922fKvLdKB1ddNuRH6C9fD                                          │
│  └──                                                                                             │
│ Published Objects:                                                                               │
│  ┌──                                                                                             │
│  │ PackageID: 0x57872170d84e77e3b258cf676f59c7a81a8ecbc47fbd8e60eb9cc8ba01b48f96                 │
│  │ Version: 1                                                                                    │
│  │ Digest: A2NgVnTA6dejVusKDxEc56uDKKCXTtWBojhsAd8RiyXC                                          │
│  │ Modules: binary_heap, constants, math, metadata, strategy, unique_key, vectors                │
│  └──                                                                                             │
╰──────────────────────────────────────────────────────────────────────────────────────────────────╯
╭───────────────────────────────────────────────────────────────────────────────────────────────────╮
│ Balance Changes                                                                                   │
├───────────────────────────────────────────────────────────────────────────────────────────────────┤
│  ┌──                                                                                              │
│  │ Owner: Account Address ( 0xcb42e748bffa0e11c8524f67634510e47fc7092a9e116429d9930c5e118816cd )  │
│  │ CoinType: 0x2::sui::SUI                                                                        │
│  │ Amount: -66803080                                                                              │
│  └──                                                                                              │
╰───────────────────────────────────────────────────────────────────────────────────────────────────╯
