[Note]: Dependency sources are no longer verified automatically during publication and upgrade. You can pass the `--verify-deps` option if you would like to verify them as part of publication or upgrade.
INCLUDING DEPENDENCY Bridge
INCLUDING DEPENDENCY SuiSystem
INCLUDING DEPENDENCY Sui
INCLUDING DEPENDENCY MoveStdlib
BUILDING futarchy_one_shot_utils
[0m[1m[38;5;11mwarning[W02021][0m[1m: duplicate alias[0m
  [0m[34m┌─[0m /Users/admin/monorepo/contracts/futarchy_one_shot_utils/sources/binary_heap.move:5:10
  [0m[34m│[0m
[0m[34m5[0m [0m[34m│[0m use std::[0m[33mvector[0m;
  [0m[34m│[0m          [0m[33m^^^^^^[0m [0m[33mUnnecessary alias 'vector' for module 'std::vector'. This alias is provided by default[0m
  [0m[34m│[0m
  [0m[34m=[0m This warning can be suppressed with '#[allow(duplicate_alias)]' applied to the 'module' or module member ('const', 'fun', or 'struct')

[0m[1m[38;5;11mwarning[W09001][0m[1m: unused alias[0m
  [0m[34m┌─[0m /Users/admin/monorepo/contracts/futarchy_one_shot_utils/sources/metadata.move:5:22
  [0m[34m│[0m
[0m[34m5[0m [0m[34m│[0m use sui::bag::{Self, [0m[33mBag[0m};
  [0m[34m│[0m                      [0m[33m^^^[0m [0m[33mUnused 'use' of alias 'Bag'. Consider removing it[0m
  [0m[34m│[0m
  [0m[34m=[0m This warning can be suppressed with '#[allow(unused_use)]' applied to the 'module' or module member ('const', 'fun', or 'struct')

[0m[1m[38;5;11mwarning[W02021][0m[1m: duplicate alias[0m
  [0m[34m┌─[0m /Users/admin/monorepo/contracts/futarchy_one_shot_utils/sources/unique_key.move:5:11
  [0m[34m│[0m
[0m[34m5[0m [0m[34m│[0m use sui::{[0m[33mobject[0m, tx_context::TxContext};
  [0m[34m│[0m           [0m[33m^^^^^^[0m [0m[33mUnnecessary alias 'object' for module 'sui::object'. This alias is provided by default[0m
  [0m[34m│[0m
  [0m[34m=[0m This warning can be suppressed with '#[allow(duplicate_alias)]' applied to the 'module' or module member ('const', 'fun', or 'struct')

[0m[1m[38;5;11mwarning[W02021][0m[1m: duplicate alias[0m
  [0m[34m┌─[0m /Users/admin/monorepo/contracts/futarchy_one_shot_utils/sources/unique_key.move:5:31
  [0m[34m│[0m
[0m[34m5[0m [0m[34m│[0m use sui::{object, tx_context::[0m[33mTxContext[0m};
  [0m[34m│[0m                               [0m[33m^^^^^^^^^[0m [0m[33mUnnecessary alias 'TxContext' for module member 'sui::tx_context::TxContext'. This alias is provided by default[0m
  [0m[34m│[0m
  [0m[34m=[0m This warning can be suppressed with '#[allow(duplicate_alias)]' applied to the 'module' or module member ('const', 'fun', or 'struct')

[0m[1m[38;5;11mwarning[W09002][0m[1m: unused variable[0m
   [0m[34m┌─[0m /Users/admin/monorepo/contracts/futarchy_one_shot_utils/sources/vectors.move:65:55
   [0m[34m│[0m
[0m[34m65[0m [0m[34m│[0m public fun merge_coins<T>(mut coins: vector<Coin<T>>, [0m[33mctx[0m: &mut TxContext): Coin<T> {
   [0m[34m│[0m                                                       [0m[33m^^^[0m [0m[33mUnused parameter 'ctx'. Consider removing or prefixing with an underscore: '_ctx'[0m
   [0m[34m│[0m
   [0m[34m=[0m This warning can be suppressed with '#[allow(unused_variable)]' applied to the 'module' or module member ('const', 'fun', or 'struct')

Skipping dependency verification
Transaction Digest: B5rWcmGXY4Nv9NkgGJkYAZn9Ye8pbpJFhxfywKveQQkG
╭──────────────────────────────────────────────────────────────────────────────────────────────────────────────╮
│ Transaction Data                                                                                             │
├──────────────────────────────────────────────────────────────────────────────────────────────────────────────┤
│ Sender: 0xcb42e748bffa0e11c8524f67634510e47fc7092a9e116429d9930c5e118816cd                                   │
│ Gas Owner: 0xcb42e748bffa0e11c8524f67634510e47fc7092a9e116429d9930c5e118816cd                                │
│ Gas Budget: 3000000000 MIST                                                                                  │
│ Gas Price: 1000 MIST                                                                                         │
│ Gas Payment:                                                                                                 │
│  ┌──                                                                                                         │
│  │ ID: 0x5a66e4d5010d271d07ebf4373c37b917577ea8905d44def01f939545451c885b                                    │
│  │ Version: 10                                                                                               │
│  │ Digest: Dz3WDuyXkKpQbfJhntnuNSZH8BszcXLo8zfYw2L5ME6a                                                      │
│  └──                                                                                                         │
│                                                                                                              │
│ Transaction Kind: Programmable                                                                               │
│ ╭──────────────────────────────────────────────────────────────────────────────────────────────────────────╮ │
│ │ Input Objects                                                                                            │ │
│ ├──────────────────────────────────────────────────────────────────────────────────────────────────────────┤ │
│ │ 0   Pure Arg: Type: address, Value: "0xcb42e748bffa0e11c8524f67634510e47fc7092a9e116429d9930c5e118816cd" │ │
│ ╰──────────────────────────────────────────────────────────────────────────────────────────────────────────╯ │
│ ╭─────────────────────────────────────────────────────────────────────────╮                                  │
│ │ Commands                                                                │                                  │
│ ├─────────────────────────────────────────────────────────────────────────┤                                  │
│ │ 0  Publish:                                                             │                                  │
│ │  ┌                                                                      │                                  │
│ │  │ Dependencies:                                                        │                                  │
│ │  │   0x0000000000000000000000000000000000000000000000000000000000000001 │                                  │
│ │  │   0x0000000000000000000000000000000000000000000000000000000000000002 │                                  │
│ │  └                                                                      │                                  │
│ │                                                                         │                                  │
│ │ 1  TransferObjects:                                                     │                                  │
│ │  ┌                                                                      │                                  │
│ │  │ Arguments:                                                           │                                  │
│ │  │   Result 0                                                           │                                  │
│ │  │ Address: Input  0                                                    │                                  │
│ │  └                                                                      │                                  │
│ ╰─────────────────────────────────────────────────────────────────────────╯                                  │
│                                                                                                              │
│ Signatures:                                                                                                  │
│    fcj4KLp9vqzoBf/XtXCB6PjW7YWH4RsrQsfMpTA5P4mE8BoiF6ooZc/W31lP5OPIFDoauN5Q8bBrH5LkSWXRBA==                  │
│                                                                                                              │
╰──────────────────────────────────────────────────────────────────────────────────────────────────────────────╯
╭───────────────────────────────────────────────────────────────────────────────────────────────────╮
│ Transaction Effects                                                                               │
├───────────────────────────────────────────────────────────────────────────────────────────────────┤
│ Digest: B5rWcmGXY4Nv9NkgGJkYAZn9Ye8pbpJFhxfywKveQQkG                                              │
│ Status: Success                                                                                   │
│ Executed Epoch: 3                                                                                 │
│                                                                                                   │
│ Created Objects:                                                                                  │
│  ┌──                                                                                              │
│  │ ID: 0x1d4aafac4b1843e882ed500c15b0db3678b2544930bc6eb8435f5fe0b896d01e                         │
│  │ Owner: Immutable                                                                               │
│  │ Version: 1                                                                                     │
│  │ Digest: 21QyjcmFPXtAh8wBMEnmFsmgvg12zKii2cWtUmhWkx4Z                                           │
│  └──                                                                                              │
│  ┌──                                                                                              │
│  │ ID: 0x6b09ece1476f5c62e7a686d83366a1eda5e780c12d382240ca4a9b22110762e6                         │
│  │ Owner: Account Address ( 0xcb42e748bffa0e11c8524f67634510e47fc7092a9e116429d9930c5e118816cd )  │
│  │ Version: 11                                                                                    │
│  │ Digest: 8tYqVV2iUntvD5bqnJbpVTyWvWYyTRjk5WdEURL18spL                                           │
│  └──                                                                                              │
│ Mutated Objects:                                                                                  │
│  ┌──                                                                                              │
│  │ ID: 0x5a66e4d5010d271d07ebf4373c37b917577ea8905d44def01f939545451c885b                         │
│  │ Owner: Account Address ( 0xcb42e748bffa0e11c8524f67634510e47fc7092a9e116429d9930c5e118816cd )  │
│  │ Version: 11                                                                                    │
│  │ Digest: FKUZxSX29nSRX9Dj1FvkfwY1eRztvmjtPmdWf22SSv3d                                           │
│  └──                                                                                              │
│ Gas Object:                                                                                       │
│  ┌──                                                                                              │
│  │ ID: 0x5a66e4d5010d271d07ebf4373c37b917577ea8905d44def01f939545451c885b                         │
│  │ Owner: Account Address ( 0xcb42e748bffa0e11c8524f67634510e47fc7092a9e116429d9930c5e118816cd )  │
│  │ Version: 11                                                                                    │
│  │ Digest: FKUZxSX29nSRX9Dj1FvkfwY1eRztvmjtPmdWf22SSv3d                                           │
│  └──                                                                                              │
│ Gas Cost Summary:                                                                                 │
│    Storage Cost: 66781200 MIST                                                                    │
│    Computation Cost: 1000000 MIST                                                                 │
│    Storage Rebate: 978120 MIST                                                                    │
│    Non-refundable Storage Fee: 9880 MIST                                                          │
│                                                                                                   │
│ Transaction Dependencies:                                                                         │
│    uLT8qiSfBxotpcHDXmN2d9r9REBY7ud7uXMpNsidoW4                                                    │
│    2Cq5KffR4TtY4CJrYCkjVC4WSw5iyaCx6k2mQsqnePL2                                                   │
╰───────────────────────────────────────────────────────────────────────────────────────────────────╯
╭─────────────────────────────╮
│ No transaction block events │
╰─────────────────────────────╯

╭──────────────────────────────────────────────────────────────────────────────────────────────────╮
│ Object Changes                                                                                   │
├──────────────────────────────────────────────────────────────────────────────────────────────────┤
│ Created Objects:                                                                                 │
│  ┌──                                                                                             │
│  │ ObjectID: 0x6b09ece1476f5c62e7a686d83366a1eda5e780c12d382240ca4a9b22110762e6                  │
│  │ Sender: 0xcb42e748bffa0e11c8524f67634510e47fc7092a9e116429d9930c5e118816cd                    │
│  │ Owner: Account Address ( 0xcb42e748bffa0e11c8524f67634510e47fc7092a9e116429d9930c5e118816cd ) │
│  │ ObjectType: 0x2::package::UpgradeCap                                                          │
│  │ Version: 11                                                                                   │
│  │ Digest: 8tYqVV2iUntvD5bqnJbpVTyWvWYyTRjk5WdEURL18spL                                          │
│  └──                                                                                             │
│ Mutated Objects:                                                                                 │
│  ┌──                                                                                             │
│  │ ObjectID: 0x5a66e4d5010d271d07ebf4373c37b917577ea8905d44def01f939545451c885b                  │
│  │ Sender: 0xcb42e748bffa0e11c8524f67634510e47fc7092a9e116429d9930c5e118816cd                    │
│  │ Owner: Account Address ( 0xcb42e748bffa0e11c8524f67634510e47fc7092a9e116429d9930c5e118816cd ) │
│  │ ObjectType: 0x2::coin::Coin<0x2::sui::SUI>                                                    │
│  │ Version: 11                                                                                   │
│  │ Digest: FKUZxSX29nSRX9Dj1FvkfwY1eRztvmjtPmdWf22SSv3d                                          │
│  └──                                                                                             │
│ Published Objects:                                                                               │
│  ┌──                                                                                             │
│  │ PackageID: 0x1d4aafac4b1843e882ed500c15b0db3678b2544930bc6eb8435f5fe0b896d01e                 │
│  │ Version: 1                                                                                    │
│  │ Digest: 21QyjcmFPXtAh8wBMEnmFsmgvg12zKii2cWtUmhWkx4Z                                          │
│  │ Modules: binary_heap, constants, math, metadata, strategy, unique_key, vectors                │
│  └──                                                                                             │
╰──────────────────────────────────────────────────────────────────────────────────────────────────╯
╭───────────────────────────────────────────────────────────────────────────────────────────────────╮
│ Balance Changes                                                                                   │
├───────────────────────────────────────────────────────────────────────────────────────────────────┤
│  ┌──                                                                                              │
│  │ Owner: Account Address ( 0xcb42e748bffa0e11c8524f67634510e47fc7092a9e116429d9930c5e118816cd )  │
│  │ CoinType: 0x2::sui::SUI                                                                        │
│  │ Amount: -66803080                                                                              │
│  └──                                                                                              │
╰───────────────────────────────────────────────────────────────────────────────────────────────────╯
